<?xml version="1.0" encoding="UTF-8"?>
<!-- Generated by org.testng.reporters.JUnitXMLReporter -->
<testsuite ignored="0" hostname="LAPTOP-D1A03UK7" failures="1" tests="500" name="Default test" time="699.297" errors="0" timestamp="2023-01-29T12:43:37 IST">
  <testcase classname="genericUtility.BaseClass" name="@BeforeMethod BM" time="23.135">
    <failure type="org.openqa.selenium.NoSuchElementException" message="no such element: Unable to locate element: {&amp;quot;method&amp;quot;:&amp;quot;xpath&amp;quot;,&amp;quot;selector&amp;quot;:&amp;quot;//input[@placeholder=&amp;apos;Enter Username&amp;apos;]&amp;quot;}
  (Session info: chrome=109.0.5414.120)
For documentation on this error, please visit: https://www.seleniumhq.org/exceptions/no_such_element.html
Build info: version: &amp;apos;3.141.59&amp;apos;, revision: &amp;apos;e82be7d358&amp;apos;, time: &amp;apos;2018-11-14T08:17:03&amp;apos;
System info: host: &amp;apos;LAPTOP-D1A03UK7&amp;apos;, ip: &amp;apos;192.168.29.12&amp;apos;, os.name: &amp;apos;Windows 11&amp;apos;, os.arch: &amp;apos;amd64&amp;apos;, os.version: &amp;apos;10.0&amp;apos;, java.version: &amp;apos;18.0.2.1&amp;apos;
Driver info: org.openqa.selenium.chrome.ChromeDriver
Capabilities {acceptInsecureCerts: false, browserName: chrome, browserVersion: 109.0.5414.120, chrome: {chromedriverVersion: 109.0.5414.74 (e7c5703604da..., userDataDir: C:\Users\bhara\AppData\Loca...}, goog:chromeOptions: {debuggerAddress: localhost:58021}, javascriptEnabled: true, networkConnectionEnabled: false, pageLoadStrategy: normal, platform: WINDOWS, platformName: WINDOWS, proxy: Proxy(), setWindowRect: true, strictFileInteractability: false, timeouts: {implicit: 0, pageLoad: 300000, script: 30000}, unhandledPromptBehavior: dismiss and notify, webauthn:extension:credBlob: true, webauthn:extension:largeBlob: true, webauthn:virtualAuthenticators: true}
Session ID: df50bca06511f4900c89bb81c4b23228
*** Element info: {Using=xpath, value=//input[@placeholder=&amp;apos;Enter Username&amp;apos;]}">
      <![CDATA[org.openqa.selenium.NoSuchElementException: no such element: Unable to locate element: {"method":"xpath","selector":"//input[@placeholder='Enter Username']"}
  (Session info: chrome=109.0.5414.120)
For documentation on this error, please visit: https://www.seleniumhq.org/exceptions/no_such_element.html
Build info: version: '3.141.59', revision: 'e82be7d358', time: '2018-11-14T08:17:03'
System info: host: 'LAPTOP-D1A03UK7', ip: '192.168.29.12', os.name: 'Windows 11', os.arch: 'amd64', os.version: '10.0', java.version: '18.0.2.1'
Driver info: org.openqa.selenium.chrome.ChromeDriver
Capabilities {acceptInsecureCerts: false, browserName: chrome, browserVersion: 109.0.5414.120, chrome: {chromedriverVersion: 109.0.5414.74 (e7c5703604da..., userDataDir: C:\Users\bhara\AppData\Loca...}, goog:chromeOptions: {debuggerAddress: localhost:58021}, javascriptEnabled: true, networkConnectionEnabled: false, pageLoadStrategy: normal, platform: WINDOWS, platformName: WINDOWS, proxy: Proxy(), setWindowRect: true, strictFileInteractability: false, timeouts: {implicit: 0, pageLoad: 300000, script: 30000}, unhandledPromptBehavior: dismiss and notify, webauthn:extension:credBlob: true, webauthn:extension:largeBlob: true, webauthn:virtualAuthenticators: true}
Session ID: df50bca06511f4900c89bb81c4b23228
*** Element info: {Using=xpath, value=//input[@placeholder='Enter Username']}
at java.base/jdk.internal.reflect.DirectConstructorHandleAccessor.newInstance(DirectConstructorHandleAccessor.java:67)
at java.base/java.lang.reflect.Constructor.newInstanceWithCaller(Constructor.java:499)
at java.base/java.lang.reflect.Constructor.newInstance(Constructor.java:483)
at org.openqa.selenium.remote.http.W3CHttpResponseCodec.createException(W3CHttpResponseCodec.java:187)
at org.openqa.selenium.remote.http.W3CHttpResponseCodec.decode(W3CHttpResponseCodec.java:122)
at org.openqa.selenium.remote.http.W3CHttpResponseCodec.decode(W3CHttpResponseCodec.java:49)
at org.openqa.selenium.remote.HttpCommandExecutor.execute(HttpCommandExecutor.java:158)
at org.openqa.selenium.remote.service.DriverCommandExecutor.execute(DriverCommandExecutor.java:83)
at org.openqa.selenium.remote.RemoteWebDriver.execute(RemoteWebDriver.java:552)
at org.openqa.selenium.remote.RemoteWebDriver.findElement(RemoteWebDriver.java:323)
at org.openqa.selenium.remote.RemoteWebDriver.findElementByXPath(RemoteWebDriver.java:428)
at org.openqa.selenium.By$ByXPath.findElement(By.java:353)
at org.openqa.selenium.remote.RemoteWebDriver.findElement(RemoteWebDriver.java:315)
at org.openqa.selenium.support.pagefactory.DefaultElementLocator.findElement(DefaultElementLocator.java:69)
at org.openqa.selenium.support.pagefactory.internal.LocatingElementHandler.invoke(LocatingElementHandler.java:38)
at jdk.proxy2/jdk.proxy2.$Proxy19.sendKeys(Unknown Source)
at adminObjectRepository.LoginPage.login(LoginPage.java:54)
at genericUtility.BaseClass.BM(BaseClass.java:75)
at java.base/jdk.internal.reflect.DirectMethodHandleAccessor.invoke(DirectMethodHandleAccessor.java:104)
at java.base/java.lang.reflect.Method.invoke(Method.java:577)
at org.testng.internal.MethodInvocationHelper.invokeMethod(MethodInvocationHelper.java:133)
at org.testng.internal.MethodInvocationHelper.invokeMethodConsideringTimeout(MethodInvocationHelper.java:62)
at org.testng.internal.ConfigInvoker.invokeConfigurationMethod(ConfigInvoker.java:385)
at org.testng.internal.ConfigInvoker.invokeConfigurations(ConfigInvoker.java:321)
at org.testng.internal.TestInvoker.runConfigMethods(TestInvoker.java:700)
at org.testng.internal.TestInvoker.invokeMethod(TestInvoker.java:527)
at org.testng.internal.TestInvoker.invokeTestMethod(TestInvoker.java:173)
at org.testng.internal.MethodRunner.runInSequence(MethodRunner.java:46)
at org.testng.internal.TestInvoker$MethodInvocationAgent.invoke(TestInvoker.java:824)
at org.testng.internal.TestInvoker.invokeTestMethods(TestInvoker.java:146)
at org.testng.internal.TestMethodWorker.invokeTestMethods(TestMethodWorker.java:146)
at org.testng.internal.TestMethodWorker.run(TestMethodWorker.java:128)
at java.base/java.util.ArrayList.forEach(ArrayList.java:1511)
at org.testng.TestRunner.privateRun(TestRunner.java:794)
at org.testng.TestRunner.run(TestRunner.java:596)
at org.testng.SuiteRunner.runTest(SuiteRunner.java:377)
at org.testng.SuiteRunner.runSequentially(SuiteRunner.java:371)
at org.testng.SuiteRunner.privateRun(SuiteRunner.java:332)
at org.testng.SuiteRunner.run(SuiteRunner.java:276)
at org.testng.SuiteRunnerWorker.runSuite(SuiteRunnerWorker.java:53)
at org.testng.SuiteRunnerWorker.run(SuiteRunnerWorker.java:96)
at org.testng.TestNG.runSuitesSequentially(TestNG.java:1212)
at org.testng.TestNG.runSuitesLocally(TestNG.java:1134)
at org.testng.TestNG.runSuites(TestNG.java:1063)
at org.testng.TestNG.run(TestNG.java:1031)
at org.testng.remote.AbstractRemoteTestNG.run(AbstractRemoteTestNG.java:115)
at org.testng.remote.RemoteTestNG.initAndRun(RemoteTestNG.java:251)
at org.testng.remote.RemoteTestNG.main(RemoteTestNG.java:77)
]]>
    </failure>
  </testcase> <!-- @BeforeMethod BM -->
  <testcase classname="genericUtility.BaseClass" name="@AfterMethod AM" time="-1.674976417349E9">
    <skipped/>
  </testcase> <!-- @AfterMethod AM -->
  <testcase classname="genericUtility.BaseClass" name="@BeforeMethod BM" time="-1.674976417349E9">
    <skipped/>
  </testcase> <!-- @BeforeMethod BM -->
  <testcase classname="genericUtility.BaseClass" name="@AfterMethod AM" time="-1.674976417351E9">
    <skipped/>
  </testcase> <!-- @AfterMethod AM -->
  <testcase classname="genericUtility.BaseClass" name="@BeforeMethod BM" time="-1.674976417351E9">
    <skipped/>
  </testcase> <!-- @BeforeMethod BM -->
  <testcase classname="genericUtility.BaseClass" name="@AfterMethod AM" time="-1.674976417352E9">
    <skipped/>
  </testcase> <!-- @AfterMethod AM -->
  <testcase classname="genericUtility.BaseClass" name="@BeforeMethod BM" time="-1.674976417353E9">
    <skipped/>
  </testcase> <!-- @BeforeMethod BM -->
  <testcase classname="genericUtility.BaseClass" name="@AfterMethod AM" time="-1.674976417354E9">
    <skipped/>
  </testcase> <!-- @AfterMethod AM -->
  <testcase classname="genericUtility.BaseClass" name="@BeforeMethod BM" time="-1.674976417354E9">
    <skipped/>
  </testcase> <!-- @BeforeMethod BM -->
  <testcase classname="genericUtility.BaseClass" name="@AfterMethod AM" time="-1.674976417355E9">
    <skipped/>
  </testcase> <!-- @AfterMethod AM -->
  <testcase classname="genericUtility.BaseClass" name="@BeforeMethod BM" time="-1.674976417356E9">
    <skipped/>
  </testcase> <!-- @BeforeMethod BM -->
  <testcase classname="genericUtility.BaseClass" name="@AfterMethod AM" time="-1.674976417357E9">
    <skipped/>
  </testcase> <!-- @AfterMethod AM -->
  <testcase classname="genericUtility.BaseClass" name="@BeforeMethod BM" time="-1.674976417357E9">
    <skipped/>
  </testcase> <!-- @BeforeMethod BM -->
  <testcase classname="genericUtility.BaseClass" name="@AfterMethod AM" time="-1.674976417358E9">
    <skipped/>
  </testcase> <!-- @AfterMethod AM -->
  <testcase classname="genericUtility.BaseClass" name="@BeforeMethod BM" time="-1.674976417359E9">
    <skipped/>
  </testcase> <!-- @BeforeMethod BM -->
  <testcase classname="genericUtility.BaseClass" name="@AfterMethod AM" time="-1.67497641736E9">
    <skipped/>
  </testcase> <!-- @AfterMethod AM -->
  <testcase classname="genericUtility.BaseClass" name="@BeforeMethod BM" time="-1.67497641736E9">
    <skipped/>
  </testcase> <!-- @BeforeMethod BM -->
  <testcase classname="genericUtility.BaseClass" name="@AfterMethod AM" time="-1.674976417361E9">
    <skipped/>
  </testcase> <!-- @AfterMethod AM -->
  <testcase classname="genericUtility.BaseClass" name="@BeforeMethod BM" time="-1.674976417361E9">
    <skipped/>
  </testcase> <!-- @BeforeMethod BM -->
  <testcase classname="genericUtility.BaseClass" name="@AfterMethod AM" time="-1.674976417362E9">
    <skipped/>
  </testcase> <!-- @AfterMethod AM -->
  <testcase classname="genericUtility.BaseClass" name="@BeforeMethod BM" time="-1.674976417363E9">
    <skipped/>
  </testcase> <!-- @BeforeMethod BM -->
  <testcase classname="genericUtility.BaseClass" name="@AfterMethod AM" time="-1.674976417363E9">
    <skipped/>
  </testcase> <!-- @AfterMethod AM -->
  <testcase classname="genericUtility.BaseClass" name="@BeforeMethod BM" time="-1.674976417364E9">
    <skipped/>
  </testcase> <!-- @BeforeMethod BM -->
  <testcase classname="genericUtility.BaseClass" name="@AfterMethod AM" time="-1.674976417366E9">
    <skipped/>
  </testcase> <!-- @AfterMethod AM -->
  <testcase classname="genericUtility.BaseClass" name="@BeforeMethod BM" time="-1.674976417366E9">
    <skipped/>
  </testcase> <!-- @BeforeMethod BM -->
  <testcase classname="genericUtility.BaseClass" name="@AfterMethod AM" time="-1.674976417367E9">
    <skipped/>
  </testcase> <!-- @AfterMethod AM -->
  <testcase classname="genericUtility.BaseClass" name="@BeforeMethod BM" time="-1.674976417367E9">
    <skipped/>
  </testcase> <!-- @BeforeMethod BM -->
  <testcase classname="genericUtility.BaseClass" name="@AfterMethod AM" time="-1.674976417368E9">
    <skipped/>
  </testcase> <!-- @AfterMethod AM -->
  <testcase classname="genericUtility.BaseClass" name="@BeforeMethod BM" time="-1.674976417368E9">
    <skipped/>
  </testcase> <!-- @BeforeMethod BM -->
  <testcase classname="genericUtility.BaseClass" name="@AfterMethod AM" time="-1.674976417369E9">
    <skipped/>
  </testcase> <!-- @AfterMethod AM -->
  <testcase classname="genericUtility.BaseClass" name="@BeforeMethod BM" time="-1.674976417369E9">
    <skipped/>
  </testcase> <!-- @BeforeMethod BM -->
  <testcase classname="genericUtility.BaseClass" name="@AfterMethod AM" time="-1.67497641737E9">
    <skipped/>
  </testcase> <!-- @AfterMethod AM -->
  <testcase classname="genericUtility.BaseClass" name="@BeforeMethod BM" time="-1.67497641737E9">
    <skipped/>
  </testcase> <!-- @BeforeMethod BM -->
  <testcase classname="genericUtility.BaseClass" name="@AfterMethod AM" time="-1.674976417371E9">
    <skipped/>
  </testcase> <!-- @AfterMethod AM -->
  <testcase classname="genericUtility.BaseClass" name="@BeforeMethod BM" time="-1.674976417372E9">
    <skipped/>
  </testcase> <!-- @BeforeMethod BM -->
  <testcase classname="genericUtility.BaseClass" name="@AfterMethod AM" time="-1.674976417373E9">
    <skipped/>
  </testcase> <!-- @AfterMethod AM -->
  <testcase classname="genericUtility.BaseClass" name="@BeforeMethod BM" time="-1.674976417373E9">
    <skipped/>
  </testcase> <!-- @BeforeMethod BM -->
  <testcase classname="genericUtility.BaseClass" name="@AfterMethod AM" time="-1.674976417374E9">
    <skipped/>
  </testcase> <!-- @AfterMethod AM -->
  <testcase classname="genericUtility.BaseClass" name="@BeforeMethod BM" time="-1.674976417374E9">
    <skipped/>
  </testcase> <!-- @BeforeMethod BM -->
  <testcase classname="genericUtility.BaseClass" name="@AfterMethod AM" time="-1.674976417375E9">
    <skipped/>
  </testcase> <!-- @AfterMethod AM -->
  <testcase classname="genericUtility.BaseClass" name="@BeforeMethod BM" time="-1.674976417376E9">
    <skipped/>
  </testcase> <!-- @BeforeMethod BM -->
  <testcase classname="genericUtility.BaseClass" name="@AfterMethod AM" time="-1.674976417377E9">
    <skipped/>
  </testcase> <!-- @AfterMethod AM -->
  <testcase classname="genericUtility.BaseClass" name="@BeforeMethod BM" time="-1.674976417377E9">
    <skipped/>
  </testcase> <!-- @BeforeMethod BM -->
  <testcase classname="genericUtility.BaseClass" name="@AfterMethod AM" time="-1.674976417378E9">
    <skipped/>
  </testcase> <!-- @AfterMethod AM -->
  <testcase classname="genericUtility.BaseClass" name="@BeforeMethod BM" time="-1.674976417378E9">
    <skipped/>
  </testcase> <!-- @BeforeMethod BM -->
  <testcase classname="genericUtility.BaseClass" name="@AfterMethod AM" time="-1.674976417379E9">
    <skipped/>
  </testcase> <!-- @AfterMethod AM -->
  <testcase classname="genericUtility.BaseClass" name="@BeforeMethod BM" time="-1.67497641738E9">
    <skipped/>
  </testcase> <!-- @BeforeMethod BM -->
  <testcase classname="genericUtility.BaseClass" name="@AfterMethod AM" time="-1.674976417381E9">
    <skipped/>
  </testcase> <!-- @AfterMethod AM -->
  <testcase classname="genericUtility.BaseClass" name="@BeforeMethod BM" time="-1.674976417381E9">
    <skipped/>
  </testcase> <!-- @BeforeMethod BM -->
  <testcase classname="genericUtility.BaseClass" name="@AfterMethod AM" time="-1.674976417382E9">
    <skipped/>
  </testcase> <!-- @AfterMethod AM -->
  <testcase classname="genericUtility.BaseClass" name="@BeforeMethod BM" time="-1.674976417382E9">
    <skipped/>
  </testcase> <!-- @BeforeMethod BM -->
  <testcase classname="genericUtility.BaseClass" name="@AfterMethod AM" time="-1.674976417383E9">
    <skipped/>
  </testcase> <!-- @AfterMethod AM -->
  <testcase classname="genericUtility.BaseClass" name="@BeforeMethod BM" time="-1.674976417384E9">
    <skipped/>
  </testcase> <!-- @BeforeMethod BM -->
  <testcase classname="genericUtility.BaseClass" name="@AfterMethod AM" time="-1.674976417385E9">
    <skipped/>
  </testcase> <!-- @AfterMethod AM -->
  <testcase classname="genericUtility.BaseClass" name="@BeforeMethod BM" time="-1.674976417385E9">
    <skipped/>
  </testcase> <!-- @BeforeMethod BM -->
  <testcase classname="genericUtility.BaseClass" name="@AfterMethod AM" time="-1.674976417387E9">
    <skipped/>
  </testcase> <!-- @AfterMethod AM -->
  <testcase classname="genericUtility.BaseClass" name="@BeforeMethod BM" time="-1.674976417387E9">
    <skipped/>
  </testcase> <!-- @BeforeMethod BM -->
  <testcase classname="genericUtility.BaseClass" name="@AfterMethod AM" time="-1.674976417389E9">
    <skipped/>
  </testcase> <!-- @AfterMethod AM -->
  <testcase classname="genericUtility.BaseClass" name="@BeforeMethod BM" time="-1.674976417389E9">
    <skipped/>
  </testcase> <!-- @BeforeMethod BM -->
  <testcase classname="genericUtility.BaseClass" name="@AfterMethod AM" time="-1.67497641739E9">
    <skipped/>
  </testcase> <!-- @AfterMethod AM -->
  <testcase classname="genericUtility.BaseClass" name="@BeforeMethod BM" time="-1.67497641739E9">
    <skipped/>
  </testcase> <!-- @BeforeMethod BM -->
  <testcase classname="genericUtility.BaseClass" name="@AfterMethod AM" time="-1.674976417391E9">
    <skipped/>
  </testcase> <!-- @AfterMethod AM -->
  <testcase classname="genericUtility.BaseClass" name="@BeforeMethod BM" time="-1.674976417391E9">
    <skipped/>
  </testcase> <!-- @BeforeMethod BM -->
  <testcase classname="genericUtility.BaseClass" name="@AfterMethod AM" time="-1.674976417392E9">
    <skipped/>
  </testcase> <!-- @AfterMethod AM -->
  <testcase classname="genericUtility.BaseClass" name="@BeforeMethod BM" time="-1.674976417393E9">
    <skipped/>
  </testcase> <!-- @BeforeMethod BM -->
  <testcase classname="genericUtility.BaseClass" name="@AfterMethod AM" time="-1.674976417393E9">
    <skipped/>
  </testcase> <!-- @AfterMethod AM -->
  <testcase classname="genericUtility.BaseClass" name="@BeforeMethod BM" time="-1.674976417394E9">
    <skipped/>
  </testcase> <!-- @BeforeMethod BM -->
  <testcase classname="genericUtility.BaseClass" name="@AfterMethod AM" time="-1.674976417394E9">
    <skipped/>
  </testcase> <!-- @AfterMethod AM -->
  <testcase classname="genericUtility.BaseClass" name="@BeforeMethod BM" time="-1.674976417396E9">
    <skipped/>
  </testcase> <!-- @BeforeMethod BM -->
  <testcase classname="genericUtility.BaseClass" name="@AfterMethod AM" time="-1.674976417397E9">
    <skipped/>
  </testcase> <!-- @AfterMethod AM -->
  <testcase classname="genericUtility.BaseClass" name="@BeforeMethod BM" time="-1.674976417397E9">
    <skipped/>
  </testcase> <!-- @BeforeMethod BM -->
  <testcase classname="genericUtility.BaseClass" name="@AfterMethod AM" time="-1.674976417398E9">
    <skipped/>
  </testcase> <!-- @AfterMethod AM -->
  <testcase classname="genericUtility.BaseClass" name="@BeforeMethod BM" time="-1.674976417398E9">
    <skipped/>
  </testcase> <!-- @BeforeMethod BM -->
  <testcase classname="genericUtility.BaseClass" name="@AfterMethod AM" time="-1.6749764174E9">
    <skipped/>
  </testcase> <!-- @AfterMethod AM -->
  <testcase classname="genericUtility.BaseClass" name="@BeforeMethod BM" time="-1.6749764174E9">
    <skipped/>
  </testcase> <!-- @BeforeMethod BM -->
  <testcase classname="genericUtility.BaseClass" name="@AfterMethod AM" time="-1.674976417401E9">
    <skipped/>
  </testcase> <!-- @AfterMethod AM -->
  <testcase classname="genericUtility.BaseClass" name="@BeforeMethod BM" time="-1.674976417401E9">
    <skipped/>
  </testcase> <!-- @BeforeMethod BM -->
  <testcase classname="genericUtility.BaseClass" name="@AfterMethod AM" time="-1.674976417402E9">
    <skipped/>
  </testcase> <!-- @AfterMethod AM -->
  <testcase classname="genericUtility.BaseClass" name="@BeforeMethod BM" time="-1.674976417402E9">
    <skipped/>
  </testcase> <!-- @BeforeMethod BM -->
  <testcase classname="genericUtility.BaseClass" name="@AfterMethod AM" time="-1.674976417403E9">
    <skipped/>
  </testcase> <!-- @AfterMethod AM -->
  <testcase classname="genericUtility.BaseClass" name="@BeforeMethod BM" time="-1.674976417404E9">
    <skipped/>
  </testcase> <!-- @BeforeMethod BM -->
  <testcase classname="genericUtility.BaseClass" name="@AfterMethod AM" time="-1.674976417404E9">
    <skipped/>
  </testcase> <!-- @AfterMethod AM -->
  <testcase classname="genericUtility.BaseClass" name="@BeforeMethod BM" time="-1.674976417405E9">
    <skipped/>
  </testcase> <!-- @BeforeMethod BM -->
  <testcase classname="genericUtility.BaseClass" name="@AfterMethod AM" time="-1.674976417405E9">
    <skipped/>
  </testcase> <!-- @AfterMethod AM -->
  <testcase classname="genericUtility.BaseClass" name="@BeforeMethod BM" time="-1.674976417406E9">
    <skipped/>
  </testcase> <!-- @BeforeMethod BM -->
  <testcase classname="genericUtility.BaseClass" name="@AfterMethod AM" time="-1.674976417406E9">
    <skipped/>
  </testcase> <!-- @AfterMethod AM -->
  <testcase classname="genericUtility.BaseClass" name="@BeforeMethod BM" time="-1.674976417407E9">
    <skipped/>
  </testcase> <!-- @BeforeMethod BM -->
  <testcase classname="genericUtility.BaseClass" name="@AfterMethod AM" time="-1.674976417407E9">
    <skipped/>
  </testcase> <!-- @AfterMethod AM -->
  <testcase classname="genericUtility.BaseClass" name="@BeforeMethod BM" time="-1.674976417408E9">
    <skipped/>
  </testcase> <!-- @BeforeMethod BM -->
  <testcase classname="genericUtility.BaseClass" name="@AfterMethod AM" time="-1.674976417409E9">
    <skipped/>
  </testcase> <!-- @AfterMethod AM -->
  <testcase classname="genericUtility.BaseClass" name="@BeforeMethod BM" time="-1.674976417409E9">
    <skipped/>
  </testcase> <!-- @BeforeMethod BM -->
  <testcase classname="genericUtility.BaseClass" name="@AfterMethod AM" time="-1.67497641741E9">
    <skipped/>
  </testcase> <!-- @AfterMethod AM -->
  <testcase classname="genericUtility.BaseClass" name="@BeforeMethod BM" time="-1.674976417411E9">
    <skipped/>
  </testcase> <!-- @BeforeMethod BM -->
  <testcase classname="genericUtility.BaseClass" name="@AfterMethod AM" time="-1.674976417411E9">
    <skipped/>
  </testcase> <!-- @AfterMethod AM -->
  <testcase classname="genericUtility.BaseClass" name="@BeforeMethod BM" time="-1.674976417412E9">
    <skipped/>
  </testcase> <!-- @BeforeMethod BM -->
  <testcase classname="genericUtility.BaseClass" name="@AfterMethod AM" time="-1.674976417412E9">
    <skipped/>
  </testcase> <!-- @AfterMethod AM -->
  <testcase classname="genericUtility.BaseClass" name="@BeforeMethod BM" time="-1.674976417413E9">
    <skipped/>
  </testcase> <!-- @BeforeMethod BM -->
  <testcase classname="genericUtility.BaseClass" name="@AfterMethod AM" time="-1.674976417414E9">
    <skipped/>
  </testcase> <!-- @AfterMethod AM -->
  <testcase classname="genericUtility.BaseClass" name="@BeforeMethod BM" time="-1.674976417414E9">
    <skipped/>
  </testcase> <!-- @BeforeMethod BM -->
  <testcase classname="genericUtility.BaseClass" name="@AfterMethod AM" time="-1.674976417415E9">
    <skipped/>
  </testcase> <!-- @AfterMethod AM -->
  <testcase classname="genericUtility.BaseClass" name="@BeforeMethod BM" time="-1.674976417415E9">
    <skipped/>
  </testcase> <!-- @BeforeMethod BM -->
  <testcase classname="genericUtility.BaseClass" name="@AfterMethod AM" time="-1.674976417416E9">
    <skipped/>
  </testcase> <!-- @AfterMethod AM -->
  <testcase classname="genericUtility.BaseClass" name="@BeforeMethod BM" time="-1.674976417416E9">
    <skipped/>
  </testcase> <!-- @BeforeMethod BM -->
  <testcase classname="genericUtility.BaseClass" name="@AfterMethod AM" time="-1.674976417417E9">
    <skipped/>
  </testcase> <!-- @AfterMethod AM -->
  <testcase classname="genericUtility.BaseClass" name="@BeforeMethod BM" time="-1.674976417417E9">
    <skipped/>
  </testcase> <!-- @BeforeMethod BM -->
  <testcase classname="genericUtility.BaseClass" name="@AfterMethod AM" time="-1.674976417418E9">
    <skipped/>
  </testcase> <!-- @AfterMethod AM -->
  <testcase classname="genericUtility.BaseClass" name="@BeforeMethod BM" time="-1.674976417418E9">
    <skipped/>
  </testcase> <!-- @BeforeMethod BM -->
  <testcase classname="genericUtility.BaseClass" name="@AfterMethod AM" time="-1.674976417419E9">
    <skipped/>
  </testcase> <!-- @AfterMethod AM -->
  <testcase classname="genericUtility.BaseClass" name="@BeforeMethod BM" time="-1.674976417419E9">
    <skipped/>
  </testcase> <!-- @BeforeMethod BM -->
  <testcase classname="genericUtility.BaseClass" name="@AfterMethod AM" time="-1.67497641742E9">
    <skipped/>
  </testcase> <!-- @AfterMethod AM -->
  <testcase classname="genericUtility.BaseClass" name="@BeforeMethod BM" time="-1.67497641742E9">
    <skipped/>
  </testcase> <!-- @BeforeMethod BM -->
  <testcase classname="genericUtility.BaseClass" name="@AfterMethod AM" time="-1.674976417421E9">
    <skipped/>
  </testcase> <!-- @AfterMethod AM -->
  <testcase classname="genericUtility.BaseClass" name="@BeforeMethod BM" time="-1.674976417421E9">
    <skipped/>
  </testcase> <!-- @BeforeMethod BM -->
  <testcase classname="genericUtility.BaseClass" name="@AfterMethod AM" time="-1.674976417422E9">
    <skipped/>
  </testcase> <!-- @AfterMethod AM -->
  <testcase classname="genericUtility.BaseClass" name="@BeforeMethod BM" time="-1.674976417422E9">
    <skipped/>
  </testcase> <!-- @BeforeMethod BM -->
  <testcase classname="genericUtility.BaseClass" name="@AfterMethod AM" time="-1.674976417423E9">
    <skipped/>
  </testcase> <!-- @AfterMethod AM -->
  <testcase classname="genericUtility.BaseClass" name="@BeforeMethod BM" time="-1.674976417423E9">
    <skipped/>
  </testcase> <!-- @BeforeMethod BM -->
  <testcase classname="genericUtility.BaseClass" name="@AfterMethod AM" time="-1.674976417424E9">
    <skipped/>
  </testcase> <!-- @AfterMethod AM -->
  <testcase classname="genericUtility.BaseClass" name="@BeforeMethod BM" time="-1.674976417424E9">
    <skipped/>
  </testcase> <!-- @BeforeMethod BM -->
  <testcase classname="genericUtility.BaseClass" name="@AfterMethod AM" time="-1.674976417425E9">
    <skipped/>
  </testcase> <!-- @AfterMethod AM -->
  <testcase classname="genericUtility.BaseClass" name="@BeforeMethod BM" time="-1.674976417425E9">
    <skipped/>
  </testcase> <!-- @BeforeMethod BM -->
  <testcase classname="genericUtility.BaseClass" name="@AfterMethod AM" time="-1.674976417425E9">
    <skipped/>
  </testcase> <!-- @AfterMethod AM -->
  <testcase classname="genericUtility.BaseClass" name="@BeforeMethod BM" time="-1.674976417425E9">
    <skipped/>
  </testcase> <!-- @BeforeMethod BM -->
  <testcase classname="genericUtility.BaseClass" name="@AfterMethod AM" time="-1.674976417427E9">
    <skipped/>
  </testcase> <!-- @AfterMethod AM -->
  <testcase classname="genericUtility.BaseClass" name="@BeforeMethod BM" time="-1.674976417427E9">
    <skipped/>
  </testcase> <!-- @BeforeMethod BM -->
  <testcase classname="genericUtility.BaseClass" name="@AfterMethod AM" time="-1.674976417428E9">
    <skipped/>
  </testcase> <!-- @AfterMethod AM -->
  <testcase classname="genericUtility.BaseClass" name="@BeforeMethod BM" time="-1.674976417428E9">
    <skipped/>
  </testcase> <!-- @BeforeMethod BM -->
  <testcase classname="genericUtility.BaseClass" name="@AfterMethod AM" time="-1.674976417429E9">
    <skipped/>
  </testcase> <!-- @AfterMethod AM -->
  <testcase classname="genericUtility.BaseClass" name="@BeforeMethod BM" time="-1.67497641743E9">
    <skipped/>
  </testcase> <!-- @BeforeMethod BM -->
  <testcase classname="genericUtility.BaseClass" name="@AfterMethod AM" time="-1.67497641743E9">
    <skipped/>
  </testcase> <!-- @AfterMethod AM -->
  <testcase classname="genericUtility.BaseClass" name="@BeforeMethod BM" time="-1.674976417431E9">
    <skipped/>
  </testcase> <!-- @BeforeMethod BM -->
  <testcase classname="genericUtility.BaseClass" name="@AfterMethod AM" time="-1.674976417432E9">
    <skipped/>
  </testcase> <!-- @AfterMethod AM -->
  <testcase classname="genericUtility.BaseClass" name="@BeforeMethod BM" time="-1.674976417432E9">
    <skipped/>
  </testcase> <!-- @BeforeMethod BM -->
  <testcase classname="genericUtility.BaseClass" name="@AfterMethod AM" time="-1.674976417433E9">
    <skipped/>
  </testcase> <!-- @AfterMethod AM -->
  <testcase classname="genericUtility.BaseClass" name="@BeforeMethod BM" time="-1.674976417434E9">
    <skipped/>
  </testcase> <!-- @BeforeMethod BM -->
  <testcase classname="genericUtility.BaseClass" name="@AfterMethod AM" time="-1.674976417434E9">
    <skipped/>
  </testcase> <!-- @AfterMethod AM -->
  <testcase classname="genericUtility.BaseClass" name="@BeforeMethod BM" time="-1.674976417434E9">
    <skipped/>
  </testcase> <!-- @BeforeMethod BM -->
  <testcase classname="genericUtility.BaseClass" name="@AfterMethod AM" time="-1.674976417436E9">
    <skipped/>
  </testcase> <!-- @AfterMethod AM -->
  <testcase classname="genericUtility.BaseClass" name="@BeforeMethod BM" time="-1.674976417436E9">
    <skipped/>
  </testcase> <!-- @BeforeMethod BM -->
  <testcase classname="genericUtility.BaseClass" name="@AfterMethod AM" time="-1.674976417437E9">
    <skipped/>
  </testcase> <!-- @AfterMethod AM -->
  <testcase classname="genericUtility.BaseClass" name="@BeforeMethod BM" time="-1.674976417438E9">
    <skipped/>
  </testcase> <!-- @BeforeMethod BM -->
  <testcase classname="genericUtility.BaseClass" name="@AfterMethod AM" time="-1.674976417439E9">
    <skipped/>
  </testcase> <!-- @AfterMethod AM -->
  <testcase classname="genericUtility.BaseClass" name="@BeforeMethod BM" time="-1.674976417439E9">
    <skipped/>
  </testcase> <!-- @BeforeMethod BM -->
  <testcase classname="genericUtility.BaseClass" name="@AfterMethod AM" time="-1.67497641744E9">
    <skipped/>
  </testcase> <!-- @AfterMethod AM -->
  <testcase classname="genericUtility.BaseClass" name="@BeforeMethod BM" time="-1.67497641744E9">
    <skipped/>
  </testcase> <!-- @BeforeMethod BM -->
  <testcase classname="genericUtility.BaseClass" name="@AfterMethod AM" time="-1.674976417441E9">
    <skipped/>
  </testcase> <!-- @AfterMethod AM -->
  <testcase classname="genericUtility.BaseClass" name="@BeforeMethod BM" time="-1.674976417441E9">
    <skipped/>
  </testcase> <!-- @BeforeMethod BM -->
  <testcase classname="genericUtility.BaseClass" name="@AfterMethod AM" time="-1.674976417442E9">
    <skipped/>
  </testcase> <!-- @AfterMethod AM -->
  <testcase classname="genericUtility.BaseClass" name="@BeforeMethod BM" time="-1.674976417442E9">
    <skipped/>
  </testcase> <!-- @BeforeMethod BM -->
  <testcase classname="genericUtility.BaseClass" name="@AfterMethod AM" time="-1.674976417443E9">
    <skipped/>
  </testcase> <!-- @AfterMethod AM -->
  <testcase classname="genericUtility.BaseClass" name="@BeforeMethod BM" time="-1.674976417443E9">
    <skipped/>
  </testcase> <!-- @BeforeMethod BM -->
  <testcase classname="genericUtility.BaseClass" name="@AfterMethod AM" time="-1.674976417445E9">
    <skipped/>
  </testcase> <!-- @AfterMethod AM -->
  <testcase classname="genericUtility.BaseClass" name="@BeforeMethod BM" time="-1.674976417445E9">
    <skipped/>
  </testcase> <!-- @BeforeMethod BM -->
  <testcase classname="genericUtility.BaseClass" name="@AfterMethod AM" time="-1.674976417446E9">
    <skipped/>
  </testcase> <!-- @AfterMethod AM -->
  <testcase classname="genericUtility.BaseClass" name="@BeforeMethod BM" time="-1.674976417446E9">
    <skipped/>
  </testcase> <!-- @BeforeMethod BM -->
  <testcase classname="genericUtility.BaseClass" name="@AfterMethod AM" time="-1.674976417447E9">
    <skipped/>
  </testcase> <!-- @AfterMethod AM -->
  <testcase classname="genericUtility.BaseClass" name="@BeforeMethod BM" time="-1.674976417448E9">
    <skipped/>
  </testcase> <!-- @BeforeMethod BM -->
  <testcase classname="genericUtility.BaseClass" name="@AfterMethod AM" time="-1.674976417449E9">
    <skipped/>
  </testcase> <!-- @AfterMethod AM -->
  <testcase classname="genericUtility.BaseClass" name="@BeforeMethod BM" time="-1.674976417449E9">
    <skipped/>
  </testcase> <!-- @BeforeMethod BM -->
  <testcase classname="genericUtility.BaseClass" name="@AfterMethod AM" time="-1.67497641745E9">
    <skipped/>
  </testcase> <!-- @AfterMethod AM -->
  <testcase classname="genericUtility.BaseClass" name="@BeforeMethod BM" time="-1.67497641745E9">
    <skipped/>
  </testcase> <!-- @BeforeMethod BM -->
  <testcase classname="genericUtility.BaseClass" name="@AfterMethod AM" time="-1.674976417451E9">
    <skipped/>
  </testcase> <!-- @AfterMethod AM -->
  <testcase classname="genericUtility.BaseClass" name="@BeforeMethod BM" time="-1.674976417451E9">
    <skipped/>
  </testcase> <!-- @BeforeMethod BM -->
  <testcase classname="genericUtility.BaseClass" name="@AfterMethod AM" time="-1.674976417452E9">
    <skipped/>
  </testcase> <!-- @AfterMethod AM -->
  <testcase classname="genericUtility.BaseClass" name="@BeforeMethod BM" time="-1.674976417452E9">
    <skipped/>
  </testcase> <!-- @BeforeMethod BM -->
  <testcase classname="genericUtility.BaseClass" name="@AfterMethod AM" time="-1.674976417453E9">
    <skipped/>
  </testcase> <!-- @AfterMethod AM -->
  <testcase classname="genericUtility.BaseClass" name="@BeforeMethod BM" time="-1.674976417453E9">
    <skipped/>
  </testcase> <!-- @BeforeMethod BM -->
  <testcase classname="genericUtility.BaseClass" name="@AfterMethod AM" time="-1.674976417453E9">
    <skipped/>
  </testcase> <!-- @AfterMethod AM -->
  <testcase classname="genericUtility.BaseClass" name="@BeforeMethod BM" time="-1.674976417454E9">
    <skipped/>
  </testcase> <!-- @BeforeMethod BM -->
  <testcase classname="genericUtility.BaseClass" name="@AfterMethod AM" time="-1.674976417454E9">
    <skipped/>
  </testcase> <!-- @AfterMethod AM -->
  <testcase classname="genericUtility.BaseClass" name="@BeforeMethod BM" time="-1.674976417454E9">
    <skipped/>
  </testcase> <!-- @BeforeMethod BM -->
  <testcase classname="genericUtility.BaseClass" name="@AfterMethod AM" time="-1.674976417456E9">
    <skipped/>
  </testcase> <!-- @AfterMethod AM -->
  <testcase classname="genericUtility.BaseClass" name="@BeforeMethod BM" time="-1.674976417457E9">
    <skipped/>
  </testcase> <!-- @BeforeMethod BM -->
  <testcase classname="genericUtility.BaseClass" name="@AfterMethod AM" time="-1.674976417458E9">
    <skipped/>
  </testcase> <!-- @AfterMethod AM -->
  <testcase classname="genericUtility.BaseClass" name="@BeforeMethod BM" time="-1.674976417458E9">
    <skipped/>
  </testcase> <!-- @BeforeMethod BM -->
  <testcase classname="genericUtility.BaseClass" name="@AfterMethod AM" time="-1.674976417458E9">
    <skipped/>
  </testcase> <!-- @AfterMethod AM -->
  <testcase classname="genericUtility.BaseClass" name="@BeforeMethod BM" time="-1.674976417459E9">
    <skipped/>
  </testcase> <!-- @BeforeMethod BM -->
  <testcase classname="genericUtility.BaseClass" name="@AfterMethod AM" time="-1.674976417459E9">
    <skipped/>
  </testcase> <!-- @AfterMethod AM -->
  <testcase classname="genericUtility.BaseClass" name="@BeforeMethod BM" time="-1.67497641746E9">
    <skipped/>
  </testcase> <!-- @BeforeMethod BM -->
  <testcase classname="genericUtility.BaseClass" name="@AfterMethod AM" time="-1.67497641746E9">
    <skipped/>
  </testcase> <!-- @AfterMethod AM -->
  <testcase classname="genericUtility.BaseClass" name="@BeforeMethod BM" time="-1.674976417461E9">
    <skipped/>
  </testcase> <!-- @BeforeMethod BM -->
  <testcase classname="genericUtility.BaseClass" name="@AfterMethod AM" time="-1.674976417461E9">
    <skipped/>
  </testcase> <!-- @AfterMethod AM -->
  <testcase classname="genericUtility.BaseClass" name="@BeforeMethod BM" time="-1.674976417462E9">
    <skipped/>
  </testcase> <!-- @BeforeMethod BM -->
  <testcase classname="genericUtility.BaseClass" name="@AfterMethod AM" time="-1.674976417462E9">
    <skipped/>
  </testcase> <!-- @AfterMethod AM -->
  <testcase classname="genericUtility.BaseClass" name="@BeforeMethod BM" time="-1.674976417462E9">
    <skipped/>
  </testcase> <!-- @BeforeMethod BM -->
  <testcase classname="genericUtility.BaseClass" name="@AfterMethod AM" time="-1.674976417463E9">
    <skipped/>
  </testcase> <!-- @AfterMethod AM -->
  <testcase classname="genericUtility.BaseClass" name="@BeforeMethod BM" time="-1.674976417463E9">
    <skipped/>
  </testcase> <!-- @BeforeMethod BM -->
  <testcase classname="genericUtility.BaseClass" name="@AfterMethod AM" time="-1.674976417465E9">
    <skipped/>
  </testcase> <!-- @AfterMethod AM -->
  <testcase classname="genericUtility.BaseClass" name="@BeforeMethod BM" time="-1.674976417465E9">
    <skipped/>
  </testcase> <!-- @BeforeMethod BM -->
  <testcase classname="genericUtility.BaseClass" name="@AfterMethod AM" time="-1.674976417465E9">
    <skipped/>
  </testcase> <!-- @AfterMethod AM -->
  <testcase classname="genericUtility.BaseClass" name="@BeforeMethod BM" time="-1.674976417466E9">
    <skipped/>
  </testcase> <!-- @BeforeMethod BM -->
  <testcase classname="genericUtility.BaseClass" name="@AfterMethod AM" time="-1.674976417466E9">
    <skipped/>
  </testcase> <!-- @AfterMethod AM -->
  <testcase classname="genericUtility.BaseClass" name="@BeforeMethod BM" time="-1.674976417467E9">
    <skipped/>
  </testcase> <!-- @BeforeMethod BM -->
  <testcase classname="genericUtility.BaseClass" name="@AfterMethod AM" time="-1.674976417467E9">
    <skipped/>
  </testcase> <!-- @AfterMethod AM -->
  <testcase classname="genericUtility.BaseClass" name="@BeforeMethod BM" time="-1.674976417468E9">
    <skipped/>
  </testcase> <!-- @BeforeMethod BM -->
  <testcase classname="genericUtility.BaseClass" name="@AfterMethod AM" time="-1.674976417468E9">
    <skipped/>
  </testcase> <!-- @AfterMethod AM -->
  <testcase classname="genericUtility.BaseClass" name="@BeforeMethod BM" time="-1.674976417468E9">
    <skipped/>
  </testcase> <!-- @BeforeMethod BM -->
  <testcase classname="genericUtility.BaseClass" name="@AfterMethod AM" time="-1.674976417469E9">
    <skipped/>
  </testcase> <!-- @AfterMethod AM -->
  <testcase classname="genericUtility.BaseClass" name="@BeforeMethod BM" time="-1.674976417469E9">
    <skipped/>
  </testcase> <!-- @BeforeMethod BM -->
  <testcase classname="genericUtility.BaseClass" name="@AfterMethod AM" time="-1.67497641747E9">
    <skipped/>
  </testcase> <!-- @AfterMethod AM -->
  <testcase classname="genericUtility.BaseClass" name="@BeforeMethod BM" time="-1.67497641747E9">
    <skipped/>
  </testcase> <!-- @BeforeMethod BM -->
  <testcase classname="genericUtility.BaseClass" name="@AfterMethod AM" time="-1.674976417471E9">
    <skipped/>
  </testcase> <!-- @AfterMethod AM -->
  <testcase classname="genericUtility.BaseClass" name="@BeforeMethod BM" time="-1.674976417471E9">
    <skipped/>
  </testcase> <!-- @BeforeMethod BM -->
  <testcase classname="genericUtility.BaseClass" name="@AfterMethod AM" time="-1.674976417471E9">
    <skipped/>
  </testcase> <!-- @AfterMethod AM -->
  <testcase classname="genericUtility.BaseClass" name="@BeforeMethod BM" time="-1.674976417472E9">
    <skipped/>
  </testcase> <!-- @BeforeMethod BM -->
  <testcase classname="genericUtility.BaseClass" name="@AfterMethod AM" time="-1.674976417472E9">
    <skipped/>
  </testcase> <!-- @AfterMethod AM -->
  <testcase classname="genericUtility.BaseClass" name="@BeforeMethod BM" time="-1.674976417472E9">
    <skipped/>
  </testcase> <!-- @BeforeMethod BM -->
  <testcase classname="genericUtility.BaseClass" name="@AfterMethod AM" time="-1.674976417473E9">
    <skipped/>
  </testcase> <!-- @AfterMethod AM -->
  <testcase classname="genericUtility.BaseClass" name="@BeforeMethod BM" time="-1.674976417473E9">
    <skipped/>
  </testcase> <!-- @BeforeMethod BM -->
  <testcase classname="genericUtility.BaseClass" name="@AfterMethod AM" time="-1.674976417474E9">
    <skipped/>
  </testcase> <!-- @AfterMethod AM -->
  <testcase classname="genericUtility.BaseClass" name="@BeforeMethod BM" time="-1.674976417474E9">
    <skipped/>
  </testcase> <!-- @BeforeMethod BM -->
  <testcase classname="genericUtility.BaseClass" name="@AfterMethod AM" time="-1.674976417474E9">
    <skipped/>
  </testcase> <!-- @AfterMethod AM -->
  <testcase classname="genericUtility.BaseClass" name="@BeforeMethod BM" time="-1.674976417476E9">
    <skipped/>
  </testcase> <!-- @BeforeMethod BM -->
  <testcase classname="genericUtility.BaseClass" name="@AfterMethod AM" time="-1.674976417476E9">
    <skipped/>
  </testcase> <!-- @AfterMethod AM -->
  <testcase classname="genericUtility.BaseClass" name="@BeforeMethod BM" time="-1.674976417476E9">
    <skipped/>
  </testcase> <!-- @BeforeMethod BM -->
  <testcase classname="genericUtility.BaseClass" name="@AfterMethod AM" time="-1.674976417477E9">
    <skipped/>
  </testcase> <!-- @AfterMethod AM -->
  <testcase classname="genericUtility.BaseClass" name="@BeforeMethod BM" time="-1.674976417477E9">
    <skipped/>
  </testcase> <!-- @BeforeMethod BM -->
  <testcase classname="genericUtility.BaseClass" name="@AfterMethod AM" time="-1.674976417478E9">
    <skipped/>
  </testcase> <!-- @AfterMethod AM -->
  <testcase classname="genericUtility.BaseClass" name="@BeforeMethod BM" time="-1.674976417478E9">
    <skipped/>
  </testcase> <!-- @BeforeMethod BM -->
  <testcase classname="genericUtility.BaseClass" name="@AfterMethod AM" time="-1.674976417479E9">
    <skipped/>
  </testcase> <!-- @AfterMethod AM -->
  <testcase classname="genericUtility.BaseClass" name="@BeforeMethod BM" time="-1.674976417479E9">
    <skipped/>
  </testcase> <!-- @BeforeMethod BM -->
  <testcase classname="genericUtility.BaseClass" name="@AfterMethod AM" time="-1.67497641748E9">
    <skipped/>
  </testcase> <!-- @AfterMethod AM -->
  <testcase classname="genericUtility.BaseClass" name="@BeforeMethod BM" time="-1.67497641748E9">
    <skipped/>
  </testcase> <!-- @BeforeMethod BM -->
  <testcase classname="genericUtility.BaseClass" name="@AfterMethod AM" time="-1.674976417481E9">
    <skipped/>
  </testcase> <!-- @AfterMethod AM -->
  <testcase classname="genericUtility.BaseClass" name="@BeforeMethod BM" time="-1.674976417481E9">
    <skipped/>
  </testcase> <!-- @BeforeMethod BM -->
  <testcase classname="genericUtility.BaseClass" name="@AfterMethod AM" time="-1.674976417482E9">
    <skipped/>
  </testcase> <!-- @AfterMethod AM -->
  <testcase classname="genericUtility.BaseClass" name="@BeforeMethod BM" time="-1.674976417482E9">
    <skipped/>
  </testcase> <!-- @BeforeMethod BM -->
  <testcase classname="genericUtility.BaseClass" name="@AfterMethod AM" time="-1.674976417483E9">
    <skipped/>
  </testcase> <!-- @AfterMethod AM -->
  <testcase classname="genericUtility.BaseClass" name="@BeforeMethod BM" time="-1.674976417483E9">
    <skipped/>
  </testcase> <!-- @BeforeMethod BM -->
  <testcase classname="genericUtility.BaseClass" name="@AfterMethod AM" time="-1.674976417483E9">
    <skipped/>
  </testcase> <!-- @AfterMethod AM -->
  <testcase classname="genericUtility.BaseClass" name="@BeforeMethod BM" time="-1.674976417484E9">
    <skipped/>
  </testcase> <!-- @BeforeMethod BM -->
  <testcase classname="genericUtility.BaseClass" name="@AfterMethod AM" time="-1.674976417484E9">
    <skipped/>
  </testcase> <!-- @AfterMethod AM -->
  <testcase classname="genericUtility.BaseClass" name="@BeforeMethod BM" time="-1.674976417484E9">
    <skipped/>
  </testcase> <!-- @BeforeMethod BM -->
  <testcase classname="genericUtility.BaseClass" name="@AfterMethod AM" time="-1.674976417485E9">
    <skipped/>
  </testcase> <!-- @AfterMethod AM -->
  <testcase classname="genericUtility.BaseClass" name="@BeforeMethod BM" time="-1.674976417485E9">
    <skipped/>
  </testcase> <!-- @BeforeMethod BM -->
  <testcase classname="genericUtility.BaseClass" name="@AfterMethod AM" time="-1.674976417486E9">
    <skipped/>
  </testcase> <!-- @AfterMethod AM -->
  <testcase classname="genericUtility.BaseClass" name="@BeforeMethod BM" time="-1.674976417486E9">
    <skipped/>
  </testcase> <!-- @BeforeMethod BM -->
  <testcase classname="genericUtility.BaseClass" name="@AfterMethod AM" time="-1.674976417486E9">
    <skipped/>
  </testcase> <!-- @AfterMethod AM -->
  <testcase classname="genericUtility.BaseClass" name="@BeforeMethod BM" time="-1.674976417486E9">
    <skipped/>
  </testcase> <!-- @BeforeMethod BM -->
  <testcase classname="genericUtility.BaseClass" name="@AfterMethod AM" time="-1.674976417488E9">
    <skipped/>
  </testcase> <!-- @AfterMethod AM -->
  <testcase classname="genericUtility.BaseClass" name="@BeforeMethod BM" time="-1.674976417488E9">
    <skipped/>
  </testcase> <!-- @BeforeMethod BM -->
  <testcase classname="genericUtility.BaseClass" name="@AfterMethod AM" time="-1.674976417489E9">
    <skipped/>
  </testcase> <!-- @AfterMethod AM -->
  <testcase classname="genericUtility.BaseClass" name="@BeforeMethod BM" time="-1.674976417489E9">
    <skipped/>
  </testcase> <!-- @BeforeMethod BM -->
  <testcase classname="genericUtility.BaseClass" name="@AfterMethod AM" time="-1.674976417489E9">
    <skipped/>
  </testcase> <!-- @AfterMethod AM -->
  <testcase classname="genericUtility.BaseClass" name="@BeforeMethod BM" time="-1.674976417489E9">
    <skipped/>
  </testcase> <!-- @BeforeMethod BM -->
  <testcase classname="genericUtility.BaseClass" name="@AfterMethod AM" time="-1.67497641749E9">
    <skipped/>
  </testcase> <!-- @AfterMethod AM -->
  <testcase classname="genericUtility.BaseClass" name="@BeforeMethod BM" time="-1.67497641749E9">
    <skipped/>
  </testcase> <!-- @BeforeMethod BM -->
  <testcase classname="genericUtility.BaseClass" name="@AfterMethod AM" time="-1.674976417491E9">
    <skipped/>
  </testcase> <!-- @AfterMethod AM -->
  <testcase classname="genericUtility.BaseClass" name="@BeforeMethod BM" time="-1.674976417491E9">
    <skipped/>
  </testcase> <!-- @BeforeMethod BM -->
  <testcase classname="genericUtility.BaseClass" name="@AfterMethod AM" time="-1.674976417492E9">
    <skipped/>
  </testcase> <!-- @AfterMethod AM -->
  <testcase classname="genericUtility.BaseClass" name="@BeforeMethod BM" time="-1.674976417492E9">
    <skipped/>
  </testcase> <!-- @BeforeMethod BM -->
  <testcase classname="genericUtility.BaseClass" name="@AfterMethod AM" time="-1.674976417492E9">
    <skipped/>
  </testcase> <!-- @AfterMethod AM -->
  <testcase classname="genericUtility.BaseClass" name="@BeforeMethod BM" time="-1.674976417493E9">
    <skipped/>
  </testcase> <!-- @BeforeMethod BM -->
  <testcase classname="genericUtility.BaseClass" name="@AfterMethod AM" time="-1.674976417493E9">
    <skipped/>
  </testcase> <!-- @AfterMethod AM -->
  <testcase classname="genericUtility.BaseClass" name="@BeforeMethod BM" time="-1.674976417494E9">
    <skipped/>
  </testcase> <!-- @BeforeMethod BM -->
  <testcase classname="genericUtility.BaseClass" name="@AfterMethod AM" time="-1.674976417494E9">
    <skipped/>
  </testcase> <!-- @AfterMethod AM -->
  <testcase classname="genericUtility.BaseClass" name="@BeforeMethod BM" time="-1.674976417494E9">
    <skipped/>
  </testcase> <!-- @BeforeMethod BM -->
  <testcase classname="genericUtility.BaseClass" name="@AfterMethod AM" time="-1.674976417496E9">
    <skipped/>
  </testcase> <!-- @AfterMethod AM -->
  <testcase classname="genericUtility.BaseClass" name="@BeforeMethod BM" time="-1.674976417496E9">
    <skipped/>
  </testcase> <!-- @BeforeMethod BM -->
  <testcase classname="genericUtility.BaseClass" name="@AfterMethod AM" time="-1.674976417497E9">
    <skipped/>
  </testcase> <!-- @AfterMethod AM -->
  <testcase classname="genericUtility.BaseClass" name="@BeforeMethod BM" time="-1.674976417497E9">
    <skipped/>
  </testcase> <!-- @BeforeMethod BM -->
  <testcase classname="genericUtility.BaseClass" name="@AfterMethod AM" time="-1.674976417497E9">
    <skipped/>
  </testcase> <!-- @AfterMethod AM -->
  <testcase classname="genericUtility.BaseClass" name="@BeforeMethod BM" time="-1.674976417498E9">
    <skipped/>
  </testcase> <!-- @BeforeMethod BM -->
  <testcase classname="genericUtility.BaseClass" name="@AfterMethod AM" time="-1.674976417498E9">
    <skipped/>
  </testcase> <!-- @AfterMethod AM -->
  <testcase classname="genericUtility.BaseClass" name="@BeforeMethod BM" time="-1.674976417499E9">
    <skipped/>
  </testcase> <!-- @BeforeMethod BM -->
  <testcase classname="genericUtility.BaseClass" name="@AfterMethod AM" time="-1.674976417499E9">
    <skipped/>
  </testcase> <!-- @AfterMethod AM -->
  <testcase classname="genericUtility.BaseClass" name="@BeforeMethod BM" time="-1.6749764175E9">
    <skipped/>
  </testcase> <!-- @BeforeMethod BM -->
  <testcase classname="genericUtility.BaseClass" name="@AfterMethod AM" time="-1.6749764175E9">
    <skipped/>
  </testcase> <!-- @AfterMethod AM -->
  <testcase classname="genericUtility.BaseClass" name="@BeforeMethod BM" time="-1.6749764175E9">
    <skipped/>
  </testcase> <!-- @BeforeMethod BM -->
  <testcase classname="genericUtility.BaseClass" name="@AfterMethod AM" time="-1.674976417501E9">
    <skipped/>
  </testcase> <!-- @AfterMethod AM -->
  <testcase classname="genericUtility.BaseClass" name="@BeforeMethod BM" time="-1.674976417501E9">
    <skipped/>
  </testcase> <!-- @BeforeMethod BM -->
  <testcase classname="genericUtility.BaseClass" name="@AfterMethod AM" time="-1.674976417502E9">
    <skipped/>
  </testcase> <!-- @AfterMethod AM -->
  <testcase classname="genericUtility.BaseClass" name="@BeforeMethod BM" time="-1.674976417502E9">
    <skipped/>
  </testcase> <!-- @BeforeMethod BM -->
  <testcase classname="genericUtility.BaseClass" name="@AfterMethod AM" time="-1.674976417502E9">
    <skipped/>
  </testcase> <!-- @AfterMethod AM -->
  <testcase classname="genericUtility.BaseClass" name="@BeforeMethod BM" time="-1.674976417504E9">
    <skipped/>
  </testcase> <!-- @BeforeMethod BM -->
  <testcase classname="genericUtility.BaseClass" name="@AfterMethod AM" time="-1.674976417504E9">
    <skipped/>
  </testcase> <!-- @AfterMethod AM -->
  <testcase classname="genericUtility.BaseClass" name="@BeforeMethod BM" time="-1.674976417504E9">
    <skipped/>
  </testcase> <!-- @BeforeMethod BM -->
  <testcase classname="genericUtility.BaseClass" name="@AfterMethod AM" time="-1.674976417505E9">
    <skipped/>
  </testcase> <!-- @AfterMethod AM -->
  <testcase classname="genericUtility.BaseClass" name="@BeforeMethod BM" time="-1.674976417505E9">
    <skipped/>
  </testcase> <!-- @BeforeMethod BM -->
  <testcase classname="genericUtility.BaseClass" name="@AfterMethod AM" time="-1.674976417506E9">
    <skipped/>
  </testcase> <!-- @AfterMethod AM -->
  <testcase classname="genericUtility.BaseClass" name="@BeforeMethod BM" time="-1.674976417506E9">
    <skipped/>
  </testcase> <!-- @BeforeMethod BM -->
  <testcase classname="genericUtility.BaseClass" name="@AfterMethod AM" time="-1.674976417506E9">
    <skipped/>
  </testcase> <!-- @AfterMethod AM -->
  <testcase classname="genericUtility.BaseClass" name="@BeforeMethod BM" time="-1.674976417506E9">
    <skipped/>
  </testcase> <!-- @BeforeMethod BM -->
  <testcase classname="genericUtility.BaseClass" name="@AfterMethod AM" time="-1.674976417507E9">
    <skipped/>
  </testcase> <!-- @AfterMethod AM -->
  <testcase classname="genericUtility.BaseClass" name="@BeforeMethod BM" time="-1.674976417507E9">
    <skipped/>
  </testcase> <!-- @BeforeMethod BM -->
  <testcase classname="genericUtility.BaseClass" name="@AfterMethod AM" time="-1.674976417508E9">
    <skipped/>
  </testcase> <!-- @AfterMethod AM -->
  <testcase classname="genericUtility.BaseClass" name="@BeforeMethod BM" time="-1.674976417508E9">
    <skipped/>
  </testcase> <!-- @BeforeMethod BM -->
  <testcase classname="genericUtility.BaseClass" name="@AfterMethod AM" time="-1.674976417508E9">
    <skipped/>
  </testcase> <!-- @AfterMethod AM -->
  <testcase classname="genericUtility.BaseClass" name="@BeforeMethod BM" time="-1.674976417508E9">
    <skipped/>
  </testcase> <!-- @BeforeMethod BM -->
  <testcase classname="genericUtility.BaseClass" name="@AfterMethod AM" time="-1.67497641751E9">
    <skipped/>
  </testcase> <!-- @AfterMethod AM -->
  <testcase classname="genericUtility.BaseClass" name="@BeforeMethod BM" time="-1.67497641751E9">
    <skipped/>
  </testcase> <!-- @BeforeMethod BM -->
  <testcase classname="genericUtility.BaseClass" name="@AfterMethod AM" time="-1.674976417511E9">
    <skipped/>
  </testcase> <!-- @AfterMethod AM -->
  <testcase classname="genericUtility.BaseClass" name="@BeforeMethod BM" time="-1.674976417511E9">
    <skipped/>
  </testcase> <!-- @BeforeMethod BM -->
  <testcase classname="genericUtility.BaseClass" name="@AfterMethod AM" time="-1.674976417512E9">
    <skipped/>
  </testcase> <!-- @AfterMethod AM -->
  <testcase classname="genericUtility.BaseClass" name="@BeforeMethod BM" time="-1.674976417512E9">
    <skipped/>
  </testcase> <!-- @BeforeMethod BM -->
  <testcase classname="genericUtility.BaseClass" name="@AfterMethod AM" time="-1.674976417513E9">
    <skipped/>
  </testcase> <!-- @AfterMethod AM -->
  <testcase classname="genericUtility.BaseClass" name="@BeforeMethod BM" time="-1.674976417513E9">
    <skipped/>
  </testcase> <!-- @BeforeMethod BM -->
  <testcase classname="genericUtility.BaseClass" name="@AfterMethod AM" time="-1.674976417514E9">
    <skipped/>
  </testcase> <!-- @AfterMethod AM -->
  <testcase classname="genericUtility.BaseClass" name="@BeforeMethod BM" time="-1.674976417514E9">
    <skipped/>
  </testcase> <!-- @BeforeMethod BM -->
  <testcase classname="genericUtility.BaseClass" name="@AfterMethod AM" time="-1.674976417514E9">
    <skipped/>
  </testcase> <!-- @AfterMethod AM -->
  <testcase classname="genericUtility.BaseClass" name="@BeforeMethod BM" time="-1.674976417515E9">
    <skipped/>
  </testcase> <!-- @BeforeMethod BM -->
  <testcase classname="genericUtility.BaseClass" name="@AfterMethod AM" time="-1.674976417515E9">
    <skipped/>
  </testcase> <!-- @AfterMethod AM -->
  <testcase classname="genericUtility.BaseClass" name="@BeforeMethod BM" time="-1.674976417515E9">
    <skipped/>
  </testcase> <!-- @BeforeMethod BM -->
  <testcase classname="genericUtility.BaseClass" name="@AfterMethod AM" time="-1.674976417516E9">
    <skipped/>
  </testcase> <!-- @AfterMethod AM -->
  <testcase classname="genericUtility.BaseClass" name="@BeforeMethod BM" time="-1.674976417516E9">
    <skipped/>
  </testcase> <!-- @BeforeMethod BM -->
  <testcase classname="genericUtility.BaseClass" name="@AfterMethod AM" time="-1.674976417517E9">
    <skipped/>
  </testcase> <!-- @AfterMethod AM -->
  <testcase classname="genericUtility.BaseClass" name="@BeforeMethod BM" time="-1.674976417517E9">
    <skipped/>
  </testcase> <!-- @BeforeMethod BM -->
  <testcase classname="genericUtility.BaseClass" name="@AfterMethod AM" time="-1.674976417518E9">
    <skipped/>
  </testcase> <!-- @AfterMethod AM -->
  <testcase classname="genericUtility.BaseClass" name="@BeforeMethod BM" time="-1.674976417518E9">
    <skipped/>
  </testcase> <!-- @BeforeMethod BM -->
  <testcase classname="genericUtility.BaseClass" name="@AfterMethod AM" time="-1.674976417518E9">
    <skipped/>
  </testcase> <!-- @AfterMethod AM -->
  <testcase classname="genericUtility.BaseClass" name="@BeforeMethod BM" time="-1.674976417518E9">
    <skipped/>
  </testcase> <!-- @BeforeMethod BM -->
  <testcase classname="genericUtility.BaseClass" name="@AfterMethod AM" time="-1.67497641752E9">
    <skipped/>
  </testcase> <!-- @AfterMethod AM -->
  <testcase classname="genericUtility.BaseClass" name="@BeforeMethod BM" time="-1.67497641752E9">
    <skipped/>
  </testcase> <!-- @BeforeMethod BM -->
  <testcase classname="genericUtility.BaseClass" name="@AfterMethod AM" time="-1.67497641752E9">
    <skipped/>
  </testcase> <!-- @AfterMethod AM -->
  <testcase classname="genericUtility.BaseClass" name="@BeforeMethod BM" time="-1.674976417521E9">
    <skipped/>
  </testcase> <!-- @BeforeMethod BM -->
  <testcase classname="genericUtility.BaseClass" name="@AfterMethod AM" time="-1.674976417521E9">
    <skipped/>
  </testcase> <!-- @AfterMethod AM -->
  <testcase classname="genericUtility.BaseClass" name="@BeforeMethod BM" time="-1.674976417522E9">
    <skipped/>
  </testcase> <!-- @BeforeMethod BM -->
  <testcase classname="genericUtility.BaseClass" name="@AfterMethod AM" time="-1.674976417522E9">
    <skipped/>
  </testcase> <!-- @AfterMethod AM -->
  <testcase classname="genericUtility.BaseClass" name="@BeforeMethod BM" time="-1.674976417522E9">
    <skipped/>
  </testcase> <!-- @BeforeMethod BM -->
  <testcase classname="genericUtility.BaseClass" name="@AfterMethod AM" time="-1.674976417523E9">
    <skipped/>
  </testcase> <!-- @AfterMethod AM -->
  <testcase classname="genericUtility.BaseClass" name="@BeforeMethod BM" time="-1.674976417523E9">
    <skipped/>
  </testcase> <!-- @BeforeMethod BM -->
  <testcase classname="genericUtility.BaseClass" name="@AfterMethod AM" time="-1.674976417524E9">
    <skipped/>
  </testcase> <!-- @AfterMethod AM -->
  <testcase classname="genericUtility.BaseClass" name="@BeforeMethod BM" time="-1.674976417524E9">
    <skipped/>
  </testcase> <!-- @BeforeMethod BM -->
  <testcase classname="genericUtility.BaseClass" name="@AfterMethod AM" time="-1.674976417525E9">
    <skipped/>
  </testcase> <!-- @AfterMethod AM -->
  <testcase classname="genericUtility.BaseClass" name="@BeforeMethod BM" time="-1.674976417525E9">
    <skipped/>
  </testcase> <!-- @BeforeMethod BM -->
  <testcase classname="genericUtility.BaseClass" name="@AfterMethod AM" time="-1.674976417526E9">
    <skipped/>
  </testcase> <!-- @AfterMethod AM -->
  <testcase classname="genericUtility.BaseClass" name="@BeforeMethod BM" time="-1.674976417526E9">
    <skipped/>
  </testcase> <!-- @BeforeMethod BM -->
  <testcase classname="genericUtility.BaseClass" name="@AfterMethod AM" time="-1.674976417526E9">
    <skipped/>
  </testcase> <!-- @AfterMethod AM -->
  <testcase classname="genericUtility.BaseClass" name="@BeforeMethod BM" time="-1.674976417526E9">
    <skipped/>
  </testcase> <!-- @BeforeMethod BM -->
  <testcase classname="genericUtility.BaseClass" name="@AfterMethod AM" time="-1.674976417527E9">
    <skipped/>
  </testcase> <!-- @AfterMethod AM -->
  <testcase classname="genericUtility.BaseClass" name="@BeforeMethod BM" time="-1.674976417527E9">
    <skipped/>
  </testcase> <!-- @BeforeMethod BM -->
  <testcase classname="genericUtility.BaseClass" name="@AfterMethod AM" time="-1.674976417528E9">
    <skipped/>
  </testcase> <!-- @AfterMethod AM -->
  <testcase classname="genericUtility.BaseClass" name="@BeforeMethod BM" time="-1.674976417528E9">
    <skipped/>
  </testcase> <!-- @BeforeMethod BM -->
  <testcase classname="genericUtility.BaseClass" name="@AfterMethod AM" time="-1.674976417528E9">
    <skipped/>
  </testcase> <!-- @AfterMethod AM -->
  <testcase classname="genericUtility.BaseClass" name="@BeforeMethod BM" time="-1.674976417528E9">
    <skipped/>
  </testcase> <!-- @BeforeMethod BM -->
  <testcase classname="genericUtility.BaseClass" name="@AfterMethod AM" time="-1.674976417529E9">
    <skipped/>
  </testcase> <!-- @AfterMethod AM -->
  <testcase classname="genericUtility.BaseClass" name="@BeforeMethod BM" time="-1.674976417529E9">
    <skipped/>
  </testcase> <!-- @BeforeMethod BM -->
  <testcase classname="genericUtility.BaseClass" name="@AfterMethod AM" time="-1.674976417529E9">
    <skipped/>
  </testcase> <!-- @AfterMethod AM -->
  <testcase classname="genericUtility.BaseClass" name="@BeforeMethod BM" time="-1.67497641753E9">
    <skipped/>
  </testcase> <!-- @BeforeMethod BM -->
  <testcase classname="genericUtility.BaseClass" name="@AfterMethod AM" time="-1.67497641753E9">
    <skipped/>
  </testcase> <!-- @AfterMethod AM -->
  <testcase classname="genericUtility.BaseClass" name="@BeforeMethod BM" time="-1.67497641753E9">
    <skipped/>
  </testcase> <!-- @BeforeMethod BM -->
  <testcase classname="genericUtility.BaseClass" name="@AfterMethod AM" time="-1.674976417531E9">
    <skipped/>
  </testcase> <!-- @AfterMethod AM -->
  <testcase classname="genericUtility.BaseClass" name="@BeforeMethod BM" time="-1.674976417531E9">
    <skipped/>
  </testcase> <!-- @BeforeMethod BM -->
  <testcase classname="genericUtility.BaseClass" name="@AfterMethod AM" time="-1.674976417531E9">
    <skipped/>
  </testcase> <!-- @AfterMethod AM -->
  <testcase classname="genericUtility.BaseClass" name="@BeforeMethod BM" time="-1.674976417531E9">
    <skipped/>
  </testcase> <!-- @BeforeMethod BM -->
  <testcase classname="genericUtility.BaseClass" name="@AfterMethod AM" time="-1.674976417532E9">
    <skipped/>
  </testcase> <!-- @AfterMethod AM -->
  <testcase classname="genericUtility.BaseClass" name="@BeforeMethod BM" time="-1.674976417532E9">
    <skipped/>
  </testcase> <!-- @BeforeMethod BM -->
  <testcase classname="genericUtility.BaseClass" name="@AfterMethod AM" time="-1.674976417533E9">
    <skipped/>
  </testcase> <!-- @AfterMethod AM -->
  <testcase classname="genericUtility.BaseClass" name="@BeforeMethod BM" time="-1.674976417533E9">
    <skipped/>
  </testcase> <!-- @BeforeMethod BM -->
  <testcase classname="genericUtility.BaseClass" name="@AfterMethod AM" time="-1.674976417533E9">
    <skipped/>
  </testcase> <!-- @AfterMethod AM -->
  <testcase classname="genericUtility.BaseClass" name="@BeforeMethod BM" time="-1.674976417533E9">
    <skipped/>
  </testcase> <!-- @BeforeMethod BM -->
  <testcase classname="genericUtility.BaseClass" name="@AfterMethod AM" time="-1.674976417534E9">
    <skipped/>
  </testcase> <!-- @AfterMethod AM -->
  <testcase classname="genericUtility.BaseClass" name="@BeforeMethod BM" time="-1.674976417534E9">
    <skipped/>
  </testcase> <!-- @BeforeMethod BM -->
  <testcase classname="genericUtility.BaseClass" name="@AfterMethod AM" time="-1.674976417534E9">
    <skipped/>
  </testcase> <!-- @AfterMethod AM -->
  <testcase classname="genericUtility.BaseClass" name="@BeforeMethod BM" time="-1.674976417534E9">
    <skipped/>
  </testcase> <!-- @BeforeMethod BM -->
  <testcase classname="genericUtility.BaseClass" name="@AfterMethod AM" time="-1.674976417535E9">
    <skipped/>
  </testcase> <!-- @AfterMethod AM -->
  <testcase classname="genericUtility.BaseClass" name="@BeforeMethod BM" time="-1.674976417535E9">
    <skipped/>
  </testcase> <!-- @BeforeMethod BM -->
  <testcase classname="genericUtility.BaseClass" name="@AfterMethod AM" time="-1.674976417536E9">
    <skipped/>
  </testcase> <!-- @AfterMethod AM -->
  <testcase classname="genericUtility.BaseClass" name="@BeforeMethod BM" time="-1.674976417536E9">
    <skipped/>
  </testcase> <!-- @BeforeMethod BM -->
  <testcase classname="genericUtility.BaseClass" name="@AfterMethod AM" time="-1.674976417536E9">
    <skipped/>
  </testcase> <!-- @AfterMethod AM -->
  <testcase classname="genericUtility.BaseClass" name="@BeforeMethod BM" time="-1.674976417536E9">
    <skipped/>
  </testcase> <!-- @BeforeMethod BM -->
  <testcase classname="genericUtility.BaseClass" name="@AfterMethod AM" time="-1.674976417536E9">
    <skipped/>
  </testcase> <!-- @AfterMethod AM -->
  <testcase classname="genericUtility.BaseClass" name="@BeforeMethod BM" time="-1.674976417536E9">
    <skipped/>
  </testcase> <!-- @BeforeMethod BM -->
  <testcase classname="genericUtility.BaseClass" name="@AfterMethod AM" time="-1.674976417538E9">
    <skipped/>
  </testcase> <!-- @AfterMethod AM -->
  <testcase classname="genericUtility.BaseClass" name="@BeforeMethod BM" time="-1.674976417538E9">
    <skipped/>
  </testcase> <!-- @BeforeMethod BM -->
  <testcase classname="genericUtility.BaseClass" name="@AfterMethod AM" time="-1.674976417539E9">
    <skipped/>
  </testcase> <!-- @AfterMethod AM -->
  <testcase classname="genericUtility.BaseClass" name="@BeforeMethod BM" time="-1.674976417539E9">
    <skipped/>
  </testcase> <!-- @BeforeMethod BM -->
  <testcase classname="genericUtility.BaseClass" name="@AfterMethod AM" time="-1.674976417539E9">
    <skipped/>
  </testcase> <!-- @AfterMethod AM -->
  <testcase classname="genericUtility.BaseClass" name="@BeforeMethod BM" time="-1.674976417539E9">
    <skipped/>
  </testcase> <!-- @BeforeMethod BM -->
  <testcase classname="genericUtility.BaseClass" name="@AfterMethod AM" time="-1.67497641754E9">
    <skipped/>
  </testcase> <!-- @AfterMethod AM -->
  <testcase classname="genericUtility.BaseClass" name="@BeforeMethod BM" time="-1.67497641754E9">
    <skipped/>
  </testcase> <!-- @BeforeMethod BM -->
  <testcase classname="genericUtility.BaseClass" name="@AfterMethod AM" time="-1.67497641754E9">
    <skipped/>
  </testcase> <!-- @AfterMethod AM -->
  <testcase classname="genericUtility.BaseClass" name="@BeforeMethod BM" time="-1.67497641754E9">
    <skipped/>
  </testcase> <!-- @BeforeMethod BM -->
  <testcase classname="genericUtility.BaseClass" name="@AfterMethod AM" time="-1.67497641754E9">
    <skipped/>
  </testcase> <!-- @AfterMethod AM -->
  <testcase classname="genericUtility.BaseClass" name="@BeforeMethod BM" time="-1.674976417542E9">
    <skipped/>
  </testcase> <!-- @BeforeMethod BM -->
  <testcase classname="genericUtility.BaseClass" name="@AfterMethod AM" time="-1.674976417542E9">
    <skipped/>
  </testcase> <!-- @AfterMethod AM -->
  <testcase classname="genericUtility.BaseClass" name="@BeforeMethod BM" time="-1.674976417542E9">
    <skipped/>
  </testcase> <!-- @BeforeMethod BM -->
  <testcase classname="genericUtility.BaseClass" name="@AfterMethod AM" time="-1.674976417543E9">
    <skipped/>
  </testcase> <!-- @AfterMethod AM -->
  <testcase classname="genericUtility.BaseClass" name="@BeforeMethod BM" time="-1.674976417543E9">
    <skipped/>
  </testcase> <!-- @BeforeMethod BM -->
  <testcase classname="genericUtility.BaseClass" name="@AfterMethod AM" time="-1.674976417543E9">
    <skipped/>
  </testcase> <!-- @AfterMethod AM -->
  <testcase classname="genericUtility.BaseClass" name="@BeforeMethod BM" time="-1.674976417544E9">
    <skipped/>
  </testcase> <!-- @BeforeMethod BM -->
  <testcase classname="genericUtility.BaseClass" name="@AfterMethod AM" time="-1.674976417544E9">
    <skipped/>
  </testcase> <!-- @AfterMethod AM -->
  <testcase classname="genericUtility.BaseClass" name="@BeforeMethod BM" time="-1.674976417544E9">
    <skipped/>
  </testcase> <!-- @BeforeMethod BM -->
  <testcase classname="genericUtility.BaseClass" name="@AfterMethod AM" time="-1.674976417545E9">
    <skipped/>
  </testcase> <!-- @AfterMethod AM -->
  <testcase classname="genericUtility.BaseClass" name="@BeforeMethod BM" time="-1.674976417545E9">
    <skipped/>
  </testcase> <!-- @BeforeMethod BM -->
  <testcase classname="genericUtility.BaseClass" name="@AfterMethod AM" time="-1.674976417548E9">
    <skipped/>
  </testcase> <!-- @AfterMethod AM -->
  <testcase classname="genericUtility.BaseClass" name="@BeforeMethod BM" time="-1.674976417548E9">
    <skipped/>
  </testcase> <!-- @BeforeMethod BM -->
  <testcase classname="genericUtility.BaseClass" name="@AfterMethod AM" time="-1.674976417549E9">
    <skipped/>
  </testcase> <!-- @AfterMethod AM -->
  <testcase classname="genericUtility.BaseClass" name="@BeforeMethod BM" time="-1.674976417549E9">
    <skipped/>
  </testcase> <!-- @BeforeMethod BM -->
  <testcase classname="genericUtility.BaseClass" name="@AfterMethod AM" time="-1.67497641755E9">
    <skipped/>
  </testcase> <!-- @AfterMethod AM -->
  <testcase classname="genericUtility.BaseClass" name="@BeforeMethod BM" time="-1.67497641755E9">
    <skipped/>
  </testcase> <!-- @BeforeMethod BM -->
  <testcase classname="genericUtility.BaseClass" name="@AfterMethod AM" time="-1.67497641755E9">
    <skipped/>
  </testcase> <!-- @AfterMethod AM -->
  <testcase classname="genericUtility.BaseClass" name="@BeforeMethod BM" time="-1.674976417551E9">
    <skipped/>
  </testcase> <!-- @BeforeMethod BM -->
  <testcase classname="genericUtility.BaseClass" name="@AfterMethod AM" time="-1.674976417551E9">
    <skipped/>
  </testcase> <!-- @AfterMethod AM -->
  <testcase classname="genericUtility.BaseClass" name="@BeforeMethod BM" time="-1.674976417552E9">
    <skipped/>
  </testcase> <!-- @BeforeMethod BM -->
  <testcase classname="genericUtility.BaseClass" name="@AfterMethod AM" time="-1.674976417552E9">
    <skipped/>
  </testcase> <!-- @AfterMethod AM -->
  <testcase classname="genericUtility.BaseClass" name="@BeforeMethod BM" time="-1.674976417552E9">
    <skipped/>
  </testcase> <!-- @BeforeMethod BM -->
  <testcase classname="genericUtility.BaseClass" name="@AfterMethod AM" time="-1.674976417553E9">
    <skipped/>
  </testcase> <!-- @AfterMethod AM -->
  <testcase classname="genericUtility.BaseClass" name="@BeforeMethod BM" time="-1.674976417553E9">
    <skipped/>
  </testcase> <!-- @BeforeMethod BM -->
  <testcase classname="genericUtility.BaseClass" name="@AfterMethod AM" time="-1.674976417553E9">
    <skipped/>
  </testcase> <!-- @AfterMethod AM -->
  <testcase classname="genericUtility.BaseClass" name="@BeforeMethod BM" time="-1.674976417554E9">
    <skipped/>
  </testcase> <!-- @BeforeMethod BM -->
  <testcase classname="genericUtility.BaseClass" name="@AfterMethod AM" time="-1.674976417554E9">
    <skipped/>
  </testcase> <!-- @AfterMethod AM -->
  <testcase classname="genericUtility.BaseClass" name="@BeforeMethod BM" time="-1.674976417554E9">
    <skipped/>
  </testcase> <!-- @BeforeMethod BM -->
  <testcase classname="genericUtility.BaseClass" name="@AfterMethod AM" time="-1.674976417555E9">
    <skipped/>
  </testcase> <!-- @AfterMethod AM -->
  <testcase classname="genericUtility.BaseClass" name="@BeforeMethod BM" time="-1.674976417555E9">
    <skipped/>
  </testcase> <!-- @BeforeMethod BM -->
  <testcase classname="genericUtility.BaseClass" name="@AfterMethod AM" time="-1.674976417555E9">
    <skipped/>
  </testcase> <!-- @AfterMethod AM -->
  <testcase classname="genericUtility.BaseClass" name="@BeforeMethod BM" time="-1.674976417555E9">
    <skipped/>
  </testcase> <!-- @BeforeMethod BM -->
  <testcase classname="genericUtility.BaseClass" name="@AfterMethod AM" time="-1.674976417556E9">
    <skipped/>
  </testcase> <!-- @AfterMethod AM -->
  <testcase classname="genericUtility.BaseClass" name="@BeforeMethod BM" time="-1.674976417556E9">
    <skipped/>
  </testcase> <!-- @BeforeMethod BM -->
  <testcase classname="genericUtility.BaseClass" name="@AfterMethod AM" time="-1.674976417556E9">
    <skipped/>
  </testcase> <!-- @AfterMethod AM -->
  <testcase classname="genericUtility.BaseClass" name="@BeforeMethod BM" time="-1.674976417556E9">
    <skipped/>
  </testcase> <!-- @BeforeMethod BM -->
  <testcase classname="genericUtility.BaseClass" name="@AfterMethod AM" time="-1.674976417557E9">
    <skipped/>
  </testcase> <!-- @AfterMethod AM -->
  <testcase classname="genericUtility.BaseClass" name="@BeforeMethod BM" time="-1.674976417557E9">
    <skipped/>
  </testcase> <!-- @BeforeMethod BM -->
  <testcase classname="genericUtility.BaseClass" name="@AfterMethod AM" time="-1.674976417557E9">
    <skipped/>
  </testcase> <!-- @AfterMethod AM -->
  <testcase classname="genericUtility.BaseClass" name="@BeforeMethod BM" time="-1.674976417557E9">
    <skipped/>
  </testcase> <!-- @BeforeMethod BM -->
  <testcase classname="genericUtility.BaseClass" name="@AfterMethod AM" time="-1.674976417559E9">
    <skipped/>
  </testcase> <!-- @AfterMethod AM -->
  <testcase classname="genericUtility.BaseClass" name="@BeforeMethod BM" time="-1.674976417559E9">
    <skipped/>
  </testcase> <!-- @BeforeMethod BM -->
  <testcase classname="genericUtility.BaseClass" name="@AfterMethod AM" time="-1.674976417559E9">
    <skipped/>
  </testcase> <!-- @AfterMethod AM -->
  <testcase classname="genericUtility.BaseClass" name="@BeforeMethod BM" time="-1.67497641756E9">
    <skipped/>
  </testcase> <!-- @BeforeMethod BM -->
  <testcase classname="genericUtility.BaseClass" name="@AfterMethod AM" time="-1.67497641756E9">
    <skipped/>
  </testcase> <!-- @AfterMethod AM -->
  <testcase classname="genericUtility.BaseClass" name="@BeforeMethod BM" time="-1.67497641756E9">
    <skipped/>
  </testcase> <!-- @BeforeMethod BM -->
  <testcase classname="genericUtility.BaseClass" name="@AfterMethod AM" time="-1.674976417561E9">
    <skipped/>
  </testcase> <!-- @AfterMethod AM -->
  <testcase classname="genericUtility.BaseClass" name="@BeforeMethod BM" time="-1.674976417561E9">
    <skipped/>
  </testcase> <!-- @BeforeMethod BM -->
  <testcase classname="genericUtility.BaseClass" name="@AfterMethod AM" time="-1.674976417561E9">
    <skipped/>
  </testcase> <!-- @AfterMethod AM -->
  <testcase classname="genericUtility.BaseClass" name="@BeforeMethod BM" time="-1.674976417562E9">
    <skipped/>
  </testcase> <!-- @BeforeMethod BM -->
  <testcase classname="genericUtility.BaseClass" name="@AfterMethod AM" time="-1.674976417562E9">
    <skipped/>
  </testcase> <!-- @AfterMethod AM -->
  <testcase classname="genericUtility.BaseClass" name="@BeforeMethod BM" time="-1.674976417562E9">
    <skipped/>
  </testcase> <!-- @BeforeMethod BM -->
  <testcase classname="genericUtility.BaseClass" name="@AfterMethod AM" time="-1.674976417563E9">
    <skipped/>
  </testcase> <!-- @AfterMethod AM -->
  <testcase classname="genericUtility.BaseClass" name="@BeforeMethod BM" time="-1.674976417563E9">
    <skipped/>
  </testcase> <!-- @BeforeMethod BM -->
  <testcase classname="genericUtility.BaseClass" name="@AfterMethod AM" time="-1.674976417563E9">
    <skipped/>
  </testcase> <!-- @AfterMethod AM -->
  <testcase classname="genericUtility.BaseClass" name="@BeforeMethod BM" time="-1.674976417564E9">
    <skipped/>
  </testcase> <!-- @BeforeMethod BM -->
  <testcase classname="genericUtility.BaseClass" name="@AfterMethod AM" time="-1.674976417564E9">
    <skipped/>
  </testcase> <!-- @AfterMethod AM -->
  <testcase classname="genericUtility.BaseClass" name="@BeforeMethod BM" time="-1.674976417564E9">
    <skipped/>
  </testcase> <!-- @BeforeMethod BM -->
  <testcase classname="genericUtility.BaseClass" name="@AfterMethod AM" time="-1.674976417564E9">
    <skipped/>
  </testcase> <!-- @AfterMethod AM -->
  <testcase classname="genericUtility.BaseClass" name="@BeforeMethod BM" time="-1.674976417565E9">
    <skipped/>
  </testcase> <!-- @BeforeMethod BM -->
  <testcase classname="genericUtility.BaseClass" name="@AfterMethod AM" time="-1.674976417565E9">
    <skipped/>
  </testcase> <!-- @AfterMethod AM -->
  <testcase classname="genericUtility.BaseClass" name="@BeforeMethod BM" time="-1.674976417565E9">
    <skipped/>
  </testcase> <!-- @BeforeMethod BM -->
  <testcase classname="genericUtility.BaseClass" name="@AfterMethod AM" time="-1.674976417566E9">
    <skipped/>
  </testcase> <!-- @AfterMethod AM -->
  <testcase classname="genericUtility.BaseClass" name="@BeforeMethod BM" time="-1.674976417566E9">
    <skipped/>
  </testcase> <!-- @BeforeMethod BM -->
  <testcase classname="genericUtility.BaseClass" name="@AfterMethod AM" time="-1.674976417566E9">
    <skipped/>
  </testcase> <!-- @AfterMethod AM -->
  <testcase classname="genericUtility.BaseClass" name="@BeforeMethod BM" time="-1.674976417566E9">
    <skipped/>
  </testcase> <!-- @BeforeMethod BM -->
  <testcase classname="genericUtility.BaseClass" name="@AfterMethod AM" time="-1.674976417568E9">
    <skipped/>
  </testcase> <!-- @AfterMethod AM -->
  <testcase classname="genericUtility.BaseClass" name="@BeforeMethod BM" time="-1.674976417568E9">
    <skipped/>
  </testcase> <!-- @BeforeMethod BM -->
  <testcase classname="genericUtility.BaseClass" name="@AfterMethod AM" time="-1.674976417568E9">
    <skipped/>
  </testcase> <!-- @AfterMethod AM -->
  <testcase classname="genericUtility.BaseClass" name="@BeforeMethod BM" time="-1.674976417569E9">
    <skipped/>
  </testcase> <!-- @BeforeMethod BM -->
  <testcase classname="genericUtility.BaseClass" name="@AfterMethod AM" time="-1.674976417569E9">
    <skipped/>
  </testcase> <!-- @AfterMethod AM -->
  <testcase classname="genericUtility.BaseClass" name="@BeforeMethod BM" time="-1.674976417569E9">
    <skipped/>
  </testcase> <!-- @BeforeMethod BM -->
  <testcase classname="genericUtility.BaseClass" name="@AfterMethod AM" time="-1.67497641757E9">
    <skipped/>
  </testcase> <!-- @AfterMethod AM -->
  <testcase classname="genericUtility.BaseClass" name="@BeforeMethod BM" time="-1.67497641757E9">
    <skipped/>
  </testcase> <!-- @BeforeMethod BM -->
  <testcase classname="genericUtility.BaseClass" name="@AfterMethod AM" time="-1.67497641757E9">
    <skipped/>
  </testcase> <!-- @AfterMethod AM -->
  <testcase classname="genericUtility.BaseClass" name="@BeforeMethod BM" time="-1.67497641757E9">
    <skipped/>
  </testcase> <!-- @BeforeMethod BM -->
  <testcase classname="genericUtility.BaseClass" name="@AfterMethod AM" time="-1.674976417571E9">
    <skipped/>
  </testcase> <!-- @AfterMethod AM -->
  <testcase classname="genericUtility.BaseClass" name="@BeforeMethod BM" time="-1.674976417571E9">
    <skipped/>
  </testcase> <!-- @BeforeMethod BM -->
  <testcase classname="genericUtility.BaseClass" name="@AfterMethod AM" time="-1.674976417571E9">
    <skipped/>
  </testcase> <!-- @AfterMethod AM -->
  <testcase classname="genericUtility.BaseClass" name="@BeforeMethod BM" time="-1.674976417571E9">
    <skipped/>
  </testcase> <!-- @BeforeMethod BM -->
  <testcase classname="genericUtility.BaseClass" name="@AfterMethod AM" time="-1.674976417572E9">
    <skipped/>
  </testcase> <!-- @AfterMethod AM -->
  <testcase classname="genericUtility.BaseClass" name="@BeforeMethod BM" time="-1.674976417572E9">
    <skipped/>
  </testcase> <!-- @BeforeMethod BM -->
  <testcase classname="genericUtility.BaseClass" name="@AfterMethod AM" time="-1.674976417572E9">
    <skipped/>
  </testcase> <!-- @AfterMethod AM -->
  <testcase classname="genericUtility.BaseClass" name="@BeforeMethod BM" time="-1.674976417573E9">
    <skipped/>
  </testcase> <!-- @BeforeMethod BM -->
  <testcase classname="genericUtility.BaseClass" name="@AfterMethod AM" time="-1.674976417573E9">
    <skipped/>
  </testcase> <!-- @AfterMethod AM -->
  <testcase classname="genericUtility.BaseClass" name="@BeforeMethod BM" time="-1.674976417573E9">
    <skipped/>
  </testcase> <!-- @BeforeMethod BM -->
  <testcase classname="genericUtility.BaseClass" name="@AfterMethod AM" time="-1.674976417574E9">
    <skipped/>
  </testcase> <!-- @AfterMethod AM -->
  <testcase classname="genericUtility.BaseClass" name="@BeforeMethod BM" time="-1.674976417574E9">
    <skipped/>
  </testcase> <!-- @BeforeMethod BM -->
  <testcase classname="genericUtility.BaseClass" name="@AfterMethod AM" time="-1.674976417574E9">
    <skipped/>
  </testcase> <!-- @AfterMethod AM -->
  <testcase classname="genericUtility.BaseClass" name="@BeforeMethod BM" time="-1.674976417574E9">
    <skipped/>
  </testcase> <!-- @BeforeMethod BM -->
  <testcase classname="genericUtility.BaseClass" name="@AfterMethod AM" time="-1.674976417575E9">
    <skipped/>
  </testcase> <!-- @AfterMethod AM -->
  <testcase classname="genericUtility.BaseClass" name="@BeforeMethod BM" time="-1.674976417575E9">
    <skipped/>
  </testcase> <!-- @BeforeMethod BM -->
  <testcase classname="genericUtility.BaseClass" name="@AfterMethod AM" time="-1.674976417575E9">
    <skipped/>
  </testcase> <!-- @AfterMethod AM -->
  <testcase classname="genericUtility.BaseClass" name="@BeforeMethod BM" time="-1.674976417575E9">
    <skipped/>
  </testcase> <!-- @BeforeMethod BM -->
  <testcase classname="genericUtility.BaseClass" name="@AfterMethod AM" time="-1.674976417576E9">
    <skipped/>
  </testcase> <!-- @AfterMethod AM -->
  <testcase classname="genericUtility.BaseClass" name="@BeforeMethod BM" time="-1.674976417576E9">
    <skipped/>
  </testcase> <!-- @BeforeMethod BM -->
  <testcase classname="genericUtility.BaseClass" name="@AfterMethod AM" time="-1.674976417576E9">
    <skipped/>
  </testcase> <!-- @AfterMethod AM -->
  <testcase classname="genericUtility.BaseClass" name="@BeforeMethod BM" time="-1.674976417577E9">
    <skipped/>
  </testcase> <!-- @BeforeMethod BM -->
  <testcase classname="genericUtility.BaseClass" name="@AfterMethod AM" time="-1.674976417577E9">
    <skipped/>
  </testcase> <!-- @AfterMethod AM -->
  <testcase classname="genericUtility.BaseClass" name="@BeforeMethod BM" time="-1.674976417577E9">
    <skipped/>
  </testcase> <!-- @BeforeMethod BM -->
  <testcase classname="genericUtility.BaseClass" name="@AfterMethod AM" time="-1.674976417577E9">
    <skipped/>
  </testcase> <!-- @AfterMethod AM -->
  <testcase classname="genericUtility.BaseClass" name="@BeforeMethod BM" time="-1.674976417577E9">
    <skipped/>
  </testcase> <!-- @BeforeMethod BM -->
  <testcase classname="genericUtility.BaseClass" name="@AfterMethod AM" time="-1.674976417578E9">
    <skipped/>
[...]
  </testcase> <!-- createSpacePage -->
  <testcase classname="admin.uat.battlexo.com.CreateSpaceTest" name="createSpacePage" time="0.0">
    <skipped/>
  </testcase> <!-- createSpacePage -->
  <testcase classname="admin.uat.battlexo.com.CreateSpaceTest" name="createSpacePage" time="0.0">
    <skipped/>
  </testcase> <!-- createSpacePage -->
  <testcase classname="admin.uat.battlexo.com.CreateSpaceTest" name="createSpacePage" time="0.0">
    <skipped/>
  </testcase> <!-- createSpacePage -->
  <testcase classname="admin.uat.battlexo.com.CreateSpaceTest" name="createSpacePage" time="0.0">
    <skipped/>
  </testcase> <!-- createSpacePage -->
  <testcase classname="admin.uat.battlexo.com.CreateSpaceTest" name="createSpacePage" time="0.0">
    <skipped/>
  </testcase> <!-- createSpacePage -->
  <testcase classname="admin.uat.battlexo.com.CreateSpaceTest" name="createSpacePage" time="0.0">
    <skipped/>
  </testcase> <!-- createSpacePage -->
  <testcase classname="admin.uat.battlexo.com.CreateSpaceTest" name="createSpacePage" time="0.0">
    <skipped/>
  </testcase> <!-- createSpacePage -->
  <testcase classname="admin.uat.battlexo.com.CreateSpaceTest" name="createSpacePage" time="0.0">
    <skipped/>
  </testcase> <!-- createSpacePage -->
  <testcase classname="admin.uat.battlexo.com.CreateSpaceTest" name="createSpacePage" time="0.0">
    <skipped/>
  </testcase> <!-- createSpacePage -->
  <testcase classname="admin.uat.battlexo.com.CreateSpaceTest" name="createSpacePage" time="0.0">
    <skipped/>
  </testcase> <!-- createSpacePage -->
  <testcase classname="admin.uat.battlexo.com.CreateSpaceTest" name="createSpacePage" time="0.0">
    <skipped/>
  </testcase> <!-- createSpacePage -->
  <testcase classname="admin.uat.battlexo.com.CreateSpaceTest" name="createSpacePage" time="0.0">
    <skipped/>
  </testcase> <!-- createSpacePage -->
  <testcase classname="admin.uat.battlexo.com.CreateSpaceTest" name="createSpacePage" time="0.0">
    <skipped/>
  </testcase> <!-- createSpacePage -->
  <testcase classname="admin.uat.battlexo.com.CreateSpaceTest" name="createSpacePage" time="0.0">
    <skipped/>
  </testcase> <!-- createSpacePage -->
  <testcase classname="admin.uat.battlexo.com.CreateSpaceTest" name="createSpacePage" time="0.0">
    <skipped/>
  </testcase> <!-- createSpacePage -->
  <testcase classname="admin.uat.battlexo.com.CreateSpaceTest" name="createSpacePage" time="0.0">
    <skipped/>
  </testcase> <!-- createSpacePage -->
  <testcase classname="admin.uat.battlexo.com.CreateSpaceTest" name="createSpacePage" time="0.0">
    <skipped/>
  </testcase> <!-- createSpacePage -->
  <testcase classname="admin.uat.battlexo.com.CreateSpaceTest" name="createSpacePage" time="0.0">
    <skipped/>
  </testcase> <!-- createSpacePage -->
  <testcase classname="admin.uat.battlexo.com.CreateSpaceTest" name="createSpacePage" time="0.0">
    <skipped/>
  </testcase> <!-- createSpacePage -->
  <testcase classname="admin.uat.battlexo.com.CreateSpaceTest" name="createSpacePage" time="0.0">
    <skipped/>
  </testcase> <!-- createSpacePage -->
  <testcase classname="admin.uat.battlexo.com.CreateSpaceTest" name="createSpacePage" time="0.0">
    <skipped/>
  </testcase> <!-- createSpacePage -->
  <testcase classname="admin.uat.battlexo.com.CreateSpaceTest" name="createSpacePage" time="0.0">
    <skipped/>
  </testcase> <!-- createSpacePage -->
  <testcase classname="admin.uat.battlexo.com.CreateSpaceTest" name="createSpacePage" time="0.0">
    <skipped/>
  </testcase> <!-- createSpacePage -->
  <testcase classname="admin.uat.battlexo.com.CreateSpaceTest" name="createSpacePage" time="0.0">
    <skipped/>
  </testcase> <!-- createSpacePage -->
  <testcase classname="admin.uat.battlexo.com.CreateSpaceTest" name="createSpacePage" time="0.0">
    <skipped/>
  </testcase> <!-- createSpacePage -->
  <testcase classname="admin.uat.battlexo.com.CreateSpaceTest" name="createSpacePage" time="0.0">
    <skipped/>
  </testcase> <!-- createSpacePage -->
  <testcase classname="admin.uat.battlexo.com.CreateSpaceTest" name="createSpacePage" time="0.0">
    <skipped/>
  </testcase> <!-- createSpacePage -->
  <testcase classname="admin.uat.battlexo.com.CreateSpaceTest" name="createSpacePage" time="0.0">
    <skipped/>
  </testcase> <!-- createSpacePage -->
  <testcase classname="admin.uat.battlexo.com.CreateSpaceTest" name="createSpacePage" time="0.0">
    <skipped/>
  </testcase> <!-- createSpacePage -->
  <testcase classname="admin.uat.battlexo.com.CreateSpaceTest" name="createSpacePage" time="0.0">
    <skipped/>
  </testcase> <!-- createSpacePage -->
  <testcase classname="admin.uat.battlexo.com.CreateSpaceTest" name="createSpacePage" time="0.0">
    <skipped/>
  </testcase> <!-- createSpacePage -->
  <testcase classname="admin.uat.battlexo.com.CreateSpaceTest" name="createSpacePage" time="0.0">
    <skipped/>
  </testcase> <!-- createSpacePage -->
  <testcase classname="admin.uat.battlexo.com.CreateSpaceTest" name="createSpacePage" time="0.0">
    <skipped/>
  </testcase> <!-- createSpacePage -->
  <testcase classname="admin.uat.battlexo.com.CreateSpaceTest" name="createSpacePage" time="0.0">
    <skipped/>
  </testcase> <!-- createSpacePage -->
  <testcase classname="admin.uat.battlexo.com.CreateSpaceTest" name="createSpacePage" time="0.0">
    <skipped/>
  </testcase> <!-- createSpacePage -->
  <testcase classname="admin.uat.battlexo.com.CreateSpaceTest" name="createSpacePage" time="0.0">
    <skipped/>
  </testcase> <!-- createSpacePage -->
  <testcase classname="admin.uat.battlexo.com.CreateSpaceTest" name="createSpacePage" time="0.0">
    <skipped/>
  </testcase> <!-- createSpacePage -->
  <testcase classname="admin.uat.battlexo.com.CreateSpaceTest" name="createSpacePage" time="0.0">
    <skipped/>
  </testcase> <!-- createSpacePage -->
  <testcase classname="admin.uat.battlexo.com.CreateSpaceTest" name="createSpacePage" time="0.0">
    <skipped/>
  </testcase> <!-- createSpacePage -->
  <testcase classname="admin.uat.battlexo.com.CreateSpaceTest" name="createSpacePage" time="0.0">
    <skipped/>
  </testcase> <!-- createSpacePage -->
  <testcase classname="admin.uat.battlexo.com.CreateSpaceTest" name="createSpacePage" time="0.0">
    <skipped/>
  </testcase> <!-- createSpacePage -->
  <testcase classname="admin.uat.battlexo.com.CreateSpaceTest" name="createSpacePage" time="0.0">
    <skipped/>
  </testcase> <!-- createSpacePage -->
  <testcase classname="admin.uat.battlexo.com.CreateSpaceTest" name="createSpacePage" time="0.0">
    <skipped/>
  </testcase> <!-- createSpacePage -->
  <testcase classname="admin.uat.battlexo.com.CreateSpaceTest" name="createSpacePage" time="0.0">
    <skipped/>
  </testcase> <!-- createSpacePage -->
  <testcase classname="admin.uat.battlexo.com.CreateSpaceTest" name="createSpacePage" time="0.0">
    <skipped/>
  </testcase> <!-- createSpacePage -->
  <testcase classname="admin.uat.battlexo.com.CreateSpaceTest" name="createSpacePage" time="0.0">
    <skipped/>
  </testcase> <!-- createSpacePage -->
  <testcase classname="admin.uat.battlexo.com.CreateSpaceTest" name="createSpacePage" time="0.0">
    <skipped/>
  </testcase> <!-- createSpacePage -->
  <testcase classname="admin.uat.battlexo.com.CreateSpaceTest" name="createSpacePage" time="0.0">
    <skipped/>
  </testcase> <!-- createSpacePage -->
  <testcase classname="admin.uat.battlexo.com.CreateSpaceTest" name="createSpacePage" time="0.0">
    <skipped/>
  </testcase> <!-- createSpacePage -->
  <testcase classname="admin.uat.battlexo.com.CreateSpaceTest" name="createSpacePage" time="0.0">
    <skipped/>
  </testcase> <!-- createSpacePage -->
  <testcase classname="admin.uat.battlexo.com.CreateSpaceTest" name="createSpacePage" time="0.0">
    <skipped/>
  </testcase> <!-- createSpacePage -->
  <testcase classname="admin.uat.battlexo.com.CreateSpaceTest" name="createSpacePage" time="0.0">
    <skipped/>
  </testcase> <!-- createSpacePage -->
  <testcase classname="admin.uat.battlexo.com.CreateSpaceTest" name="createSpacePage" time="0.0">
    <skipped/>
  </testcase> <!-- createSpacePage -->
  <testcase classname="admin.uat.battlexo.com.CreateSpaceTest" name="createSpacePage" time="0.0">
    <skipped/>
  </testcase> <!-- createSpacePage -->
  <testcase classname="admin.uat.battlexo.com.CreateSpaceTest" name="createSpacePage" time="0.0">
    <skipped/>
  </testcase> <!-- createSpacePage -->
  <testcase classname="admin.uat.battlexo.com.CreateSpaceTest" name="createSpacePage" time="0.0">
    <skipped/>
  </testcase> <!-- createSpacePage -->
  <testcase classname="admin.uat.battlexo.com.CreateSpaceTest" name="createSpacePage" time="0.0">
    <skipped/>
  </testcase> <!-- createSpacePage -->
  <testcase classname="admin.uat.battlexo.com.CreateSpaceTest" name="createSpacePage" time="0.0">
    <skipped/>
  </testcase> <!-- createSpacePage -->
  <testcase classname="admin.uat.battlexo.com.CreateSpaceTest" name="createSpacePage" time="0.0">
    <skipped/>
  </testcase> <!-- createSpacePage -->
  <testcase classname="admin.uat.battlexo.com.CreateSpaceTest" name="createSpacePage" time="0.0">
    <skipped/>
  </testcase> <!-- createSpacePage -->
  <testcase classname="admin.uat.battlexo.com.CreateSpaceTest" name="createSpacePage" time="0.0">
    <skipped/>
  </testcase> <!-- createSpacePage -->
  <testcase classname="admin.uat.battlexo.com.CreateSpaceTest" name="createSpacePage" time="0.0">
    <skipped/>
  </testcase> <!-- createSpacePage -->
  <testcase classname="admin.uat.battlexo.com.CreateSpaceTest" name="createSpacePage" time="0.0">
    <skipped/>
  </testcase> <!-- createSpacePage -->
  <testcase classname="admin.uat.battlexo.com.CreateSpaceTest" name="createSpacePage" time="0.0">
    <skipped/>
  </testcase> <!-- createSpacePage -->
  <testcase classname="admin.uat.battlexo.com.CreateSpaceTest" name="createSpacePage" time="0.0">
    <skipped/>
  </testcase> <!-- createSpacePage -->
  <testcase classname="admin.uat.battlexo.com.CreateSpaceTest" name="createSpacePage" time="0.0">
    <skipped/>
  </testcase> <!-- createSpacePage -->
  <testcase classname="admin.uat.battlexo.com.CreateSpaceTest" name="createSpacePage" time="0.0">
    <skipped/>
  </testcase> <!-- createSpacePage -->
  <testcase classname="admin.uat.battlexo.com.CreateSpaceTest" name="createSpacePage" time="0.0">
    <skipped/>
  </testcase> <!-- createSpacePage -->
  <testcase classname="admin.uat.battlexo.com.CreateSpaceTest" name="createSpacePage" time="0.0">
    <skipped/>
  </testcase> <!-- createSpacePage -->
  <testcase classname="admin.uat.battlexo.com.CreateSpaceTest" name="createSpacePage" time="0.0">
    <skipped/>
  </testcase> <!-- createSpacePage -->
  <testcase classname="admin.uat.battlexo.com.CreateSpaceTest" name="createSpacePage" time="0.0">
    <skipped/>
  </testcase> <!-- createSpacePage -->
  <testcase classname="admin.uat.battlexo.com.CreateSpaceTest" name="createSpacePage" time="0.0">
    <skipped/>
  </testcase> <!-- createSpacePage -->
  <testcase classname="admin.uat.battlexo.com.CreateSpaceTest" name="createSpacePage" time="0.0">
    <skipped/>
  </testcase> <!-- createSpacePage -->
  <testcase classname="admin.uat.battlexo.com.CreateSpaceTest" name="createSpacePage" time="0.0">
    <skipped/>
  </testcase> <!-- createSpacePage -->
  <testcase classname="admin.uat.battlexo.com.CreateSpaceTest" name="createSpacePage" time="0.0">
    <skipped/>
  </testcase> <!-- createSpacePage -->
  <testcase classname="admin.uat.battlexo.com.CreateSpaceTest" name="createSpacePage" time="0.0">
    <skipped/>
  </testcase> <!-- createSpacePage -->
  <testcase classname="admin.uat.battlexo.com.CreateSpaceTest" name="createSpacePage" time="0.0">
    <skipped/>
  </testcase> <!-- createSpacePage -->
  <testcase classname="admin.uat.battlexo.com.CreateSpaceTest" name="createSpacePage" time="0.0">
    <skipped/>
  </testcase> <!-- createSpacePage -->
  <testcase classname="admin.uat.battlexo.com.CreateSpaceTest" name="createSpacePage" time="0.0">
    <skipped/>
  </testcase> <!-- createSpacePage -->
  <testcase classname="admin.uat.battlexo.com.CreateSpaceTest" name="createSpacePage" time="0.0">
    <skipped/>
  </testcase> <!-- createSpacePage -->
  <testcase classname="admin.uat.battlexo.com.CreateSpaceTest" name="createSpacePage" time="0.0">
    <skipped/>
  </testcase> <!-- createSpacePage -->
  <testcase classname="admin.uat.battlexo.com.CreateSpaceTest" name="createSpacePage" time="0.0">
    <skipped/>
  </testcase> <!-- createSpacePage -->
  <testcase classname="admin.uat.battlexo.com.CreateSpaceTest" name="createSpacePage" time="0.0">
    <skipped/>
  </testcase> <!-- createSpacePage -->
  <testcase classname="admin.uat.battlexo.com.CreateSpaceTest" name="createSpacePage" time="0.0">
    <skipped/>
  </testcase> <!-- createSpacePage -->
  <testcase classname="admin.uat.battlexo.com.CreateSpaceTest" name="createSpacePage" time="0.0">
    <skipped/>
  </testcase> <!-- createSpacePage -->
  <testcase classname="admin.uat.battlexo.com.CreateSpaceTest" name="createSpacePage" time="0.0">
    <skipped/>
  </testcase> <!-- createSpacePage -->
  <testcase classname="admin.uat.battlexo.com.CreateSpaceTest" name="createSpacePage" time="0.0">
    <skipped/>
  </testcase> <!-- createSpacePage -->
  <testcase classname="admin.uat.battlexo.com.CreateSpaceTest" name="createSpacePage" time="0.0">
    <skipped/>
  </testcase> <!-- createSpacePage -->
  <testcase classname="admin.uat.battlexo.com.CreateSpaceTest" name="createSpacePage" time="0.0">
    <skipped/>
  </testcase> <!-- createSpacePage -->
  <testcase classname="admin.uat.battlexo.com.CreateSpaceTest" name="createSpacePage" time="0.0">
    <skipped/>
  </testcase> <!-- createSpacePage -->
  <testcase classname="admin.uat.battlexo.com.CreateSpaceTest" name="createSpacePage" time="0.0">
    <skipped/>
  </testcase> <!-- createSpacePage -->
  <testcase classname="admin.uat.battlexo.com.CreateSpaceTest" name="createSpacePage" time="0.0">
    <skipped/>
  </testcase> <!-- createSpacePage -->
  <testcase classname="admin.uat.battlexo.com.CreateSpaceTest" name="createSpacePage" time="0.0">
    <skipped/>
  </testcase> <!-- createSpacePage -->
  <testcase classname="admin.uat.battlexo.com.CreateSpaceTest" name="createSpacePage" time="0.0">
    <skipped/>
  </testcase> <!-- createSpacePage -->
  <testcase classname="admin.uat.battlexo.com.CreateSpaceTest" name="createSpacePage" time="0.0">
    <skipped/>
  </testcase> <!-- createSpacePage -->
  <testcase classname="admin.uat.battlexo.com.CreateSpaceTest" name="createSpacePage" time="0.0">
    <skipped/>
  </testcase> <!-- createSpacePage -->
  <testcase classname="admin.uat.battlexo.com.CreateSpaceTest" name="createSpacePage" time="0.0">
    <skipped/>
  </testcase> <!-- createSpacePage -->
  <testcase classname="admin.uat.battlexo.com.CreateSpaceTest" name="createSpacePage" time="0.0">
    <skipped/>
  </testcase> <!-- createSpacePage -->
  <testcase classname="admin.uat.battlexo.com.CreateSpaceTest" name="createSpacePage" time="0.0">
    <skipped/>
  </testcase> <!-- createSpacePage -->
  <testcase classname="admin.uat.battlexo.com.CreateSpaceTest" name="createSpacePage" time="0.0">
    <skipped/>
  </testcase> <!-- createSpacePage -->
  <testcase classname="admin.uat.battlexo.com.CreateSpaceTest" name="createSpacePage" time="0.0">
    <skipped/>
  </testcase> <!-- createSpacePage -->
  <testcase classname="admin.uat.battlexo.com.CreateSpaceTest" name="createSpacePage" time="0.0">
    <skipped/>
  </testcase> <!-- createSpacePage -->
  <testcase classname="admin.uat.battlexo.com.CreateSpaceTest" name="createSpacePage" time="0.0">
    <skipped/>
  </testcase> <!-- createSpacePage -->
  <testcase classname="admin.uat.battlexo.com.CreateSpaceTest" name="createSpacePage" time="0.0">
    <skipped/>
  </testcase> <!-- createSpacePage -->
  <testcase classname="admin.uat.battlexo.com.CreateSpaceTest" name="createSpacePage" time="0.0">
    <skipped/>
  </testcase> <!-- createSpacePage -->
  <testcase classname="admin.uat.battlexo.com.CreateSpaceTest" name="createSpacePage" time="0.0">
    <skipped/>
  </testcase> <!-- createSpacePage -->
  <testcase classname="admin.uat.battlexo.com.CreateSpaceTest" name="createSpacePage" time="0.0">
    <skipped/>
  </testcase> <!-- createSpacePage -->
  <testcase classname="admin.uat.battlexo.com.CreateSpaceTest" name="createSpacePage" time="0.0">
    <skipped/>
  </testcase> <!-- createSpacePage -->
  <testcase classname="admin.uat.battlexo.com.CreateSpaceTest" name="createSpacePage" time="0.0">
    <skipped/>
  </testcase> <!-- createSpacePage -->
  <testcase classname="admin.uat.battlexo.com.CreateSpaceTest" name="createSpacePage" time="0.0">
    <skipped/>
  </testcase> <!-- createSpacePage -->
  <testcase classname="admin.uat.battlexo.com.CreateSpaceTest" name="createSpacePage" time="0.0">
    <skipped/>
  </testcase> <!-- createSpacePage -->
  <testcase classname="admin.uat.battlexo.com.CreateSpaceTest" name="createSpacePage" time="0.0">
    <skipped/>
  </testcase> <!-- createSpacePage -->
  <testcase classname="admin.uat.battlexo.com.CreateSpaceTest" name="createSpacePage" time="0.0">
    <skipped/>
  </testcase> <!-- createSpacePage -->
  <testcase classname="admin.uat.battlexo.com.CreateSpaceTest" name="createSpacePage" time="0.0">
    <skipped/>
  </testcase> <!-- createSpacePage -->
  <testcase classname="admin.uat.battlexo.com.CreateSpaceTest" name="createSpacePage" time="0.0">
    <skipped/>
  </testcase> <!-- createSpacePage -->
  <testcase classname="admin.uat.battlexo.com.CreateSpaceTest" name="createSpacePage" time="0.0">
    <skipped/>
  </testcase> <!-- createSpacePage -->
  <testcase classname="admin.uat.battlexo.com.CreateSpaceTest" name="createSpacePage" time="0.0">
    <skipped/>
  </testcase> <!-- createSpacePage -->
  <testcase classname="admin.uat.battlexo.com.CreateSpaceTest" name="createSpacePage" time="0.0">
    <skipped/>
  </testcase> <!-- createSpacePage -->
  <testcase classname="admin.uat.battlexo.com.CreateSpaceTest" name="createSpacePage" time="0.0">
    <skipped/>
  </testcase> <!-- createSpacePage -->
  <testcase classname="admin.uat.battlexo.com.CreateSpaceTest" name="createSpacePage" time="0.0">
    <skipped/>
  </testcase> <!-- createSpacePage -->
  <testcase classname="admin.uat.battlexo.com.CreateSpaceTest" name="createSpacePage" time="0.0">
    <skipped/>
  </testcase> <!-- createSpacePage -->
  <testcase classname="admin.uat.battlexo.com.CreateSpaceTest" name="createSpacePage" time="0.0">
    <skipped/>
  </testcase> <!-- createSpacePage -->
  <testcase classname="admin.uat.battlexo.com.CreateSpaceTest" name="createSpacePage" time="0.0">
    <skipped/>
  </testcase> <!-- createSpacePage -->
  <testcase classname="admin.uat.battlexo.com.CreateSpaceTest" name="createSpacePage" time="0.0">
    <skipped/>
  </testcase> <!-- createSpacePage -->
  <testcase classname="admin.uat.battlexo.com.CreateSpaceTest" name="createSpacePage" time="0.0">
    <skipped/>
  </testcase> <!-- createSpacePage -->
  <testcase classname="admin.uat.battlexo.com.CreateSpaceTest" name="createSpacePage" time="0.0">
    <skipped/>
  </testcase> <!-- createSpacePage -->
  <testcase classname="admin.uat.battlexo.com.CreateSpaceTest" name="createSpacePage" time="0.0">
    <skipped/>
  </testcase> <!-- createSpacePage -->
  <testcase classname="admin.uat.battlexo.com.CreateSpaceTest" name="createSpacePage" time="0.0">
    <skipped/>
  </testcase> <!-- createSpacePage -->
  <testcase classname="admin.uat.battlexo.com.CreateSpaceTest" name="createSpacePage" time="0.0">
    <skipped/>
  </testcase> <!-- createSpacePage -->
  <testcase classname="admin.uat.battlexo.com.CreateSpaceTest" name="createSpacePage" time="0.0">
    <skipped/>
  </testcase> <!-- createSpacePage -->
  <testcase classname="admin.uat.battlexo.com.CreateSpaceTest" name="createSpacePage" time="0.0">
    <skipped/>
  </testcase> <!-- createSpacePage -->
</testsuite> <!-- Default test -->
