<?xml version="1.0" encoding="UTF-8"?>
<!-- Generated by org.testng.reporters.JUnitXMLReporter -->
<testsuite ignored="0" hostname="LAPTOP-D1A03UK7" failures="0" tests="250" name="Test1" time="1531.217" errors="0" timestamp="2023-01-28T16:25:17 IST">
  <testcase classname="genericUtility.BaseClass" name="@BeforeMethod BM" time="23.198">
    <failure type="org.openqa.selenium.NoSuchElementException" message="no such element: Unable to locate element: {&amp;quot;method&amp;quot;:&amp;quot;xpath&amp;quot;,&amp;quot;selector&amp;quot;:&amp;quot;//input[@placeholder=&amp;apos;Enter Username&amp;apos;]&amp;quot;}
  (Session info: chrome=109.0.5414.120)
For documentation on this error, please visit: https://www.seleniumhq.org/exceptions/no_such_element.html
Build info: version: &amp;apos;3.141.59&amp;apos;, revision: &amp;apos;e82be7d358&amp;apos;, time: &amp;apos;2018-11-14T08:17:03&amp;apos;
System info: host: &amp;apos;LAPTOP-D1A03UK7&amp;apos;, ip: &amp;apos;192.168.29.12&amp;apos;, os.name: &amp;apos;Windows 11&amp;apos;, os.arch: &amp;apos;amd64&amp;apos;, os.version: &amp;apos;10.0&amp;apos;, java.version: &amp;apos;18.0.2.1&amp;apos;
Driver info: org.openqa.selenium.chrome.ChromeDriver
Capabilities {acceptInsecureCerts: false, browserName: chrome, browserVersion: 109.0.5414.120, chrome: {chromedriverVersion: 109.0.5414.74 (e7c5703604da..., userDataDir: C:\Users\bhara\AppData\Loca...}, goog:chromeOptions: {debuggerAddress: localhost:61440}, javascriptEnabled: true, networkConnectionEnabled: false, pageLoadStrategy: normal, platform: WINDOWS, platformName: WINDOWS, proxy: Proxy(), setWindowRect: true, strictFileInteractability: false, timeouts: {implicit: 0, pageLoad: 300000, script: 30000}, unhandledPromptBehavior: dismiss and notify, webauthn:extension:credBlob: true, webauthn:extension:largeBlob: true, webauthn:virtualAuthenticators: true}
Session ID: f7a68ead1b7f2ca431eaf0e8db43b089
*** Element info: {Using=xpath, value=//input[@placeholder=&amp;apos;Enter Username&amp;apos;]}">
      <![CDATA[org.openqa.selenium.NoSuchElementException: no such element: Unable to locate element: {"method":"xpath","selector":"//input[@placeholder='Enter Username']"}
  (Session info: chrome=109.0.5414.120)
For documentation on this error, please visit: https://www.seleniumhq.org/exceptions/no_such_element.html
Build info: version: '3.141.59', revision: 'e82be7d358', time: '2018-11-14T08:17:03'
System info: host: 'LAPTOP-D1A03UK7', ip: '192.168.29.12', os.name: 'Windows 11', os.arch: 'amd64', os.version: '10.0', java.version: '18.0.2.1'
Driver info: org.openqa.selenium.chrome.ChromeDriver
Capabilities {acceptInsecureCerts: false, browserName: chrome, browserVersion: 109.0.5414.120, chrome: {chromedriverVersion: 109.0.5414.74 (e7c5703604da..., userDataDir: C:\Users\bhara\AppData\Loca...}, goog:chromeOptions: {debuggerAddress: localhost:61440}, javascriptEnabled: true, networkConnectionEnabled: false, pageLoadStrategy: normal, platform: WINDOWS, platformName: WINDOWS, proxy: Proxy(), setWindowRect: true, strictFileInteractability: false, timeouts: {implicit: 0, pageLoad: 300000, script: 30000}, unhandledPromptBehavior: dismiss and notify, webauthn:extension:credBlob: true, webauthn:extension:largeBlob: true, webauthn:virtualAuthenticators: true}
Session ID: f7a68ead1b7f2ca431eaf0e8db43b089
*** Element info: {Using=xpath, value=//input[@placeholder='Enter Username']}
at org.openqa.selenium.remote.http.W3CHttpResponseCodec.createException(W3CHttpResponseCodec.java:187)
at org.openqa.selenium.remote.http.W3CHttpResponseCodec.decode(W3CHttpResponseCodec.java:122)
at org.openqa.selenium.remote.http.W3CHttpResponseCodec.decode(W3CHttpResponseCodec.java:49)
at org.openqa.selenium.remote.HttpCommandExecutor.execute(HttpCommandExecutor.java:158)
at org.openqa.selenium.remote.service.DriverCommandExecutor.execute(DriverCommandExecutor.java:83)
at org.openqa.selenium.remote.RemoteWebDriver.execute(RemoteWebDriver.java:552)
at org.openqa.selenium.remote.RemoteWebDriver.findElement(RemoteWebDriver.java:323)
at org.openqa.selenium.remote.RemoteWebDriver.findElementByXPath(RemoteWebDriver.java:428)
at org.openqa.selenium.By$ByXPath.findElement(By.java:353)
at org.openqa.selenium.remote.RemoteWebDriver.findElement(RemoteWebDriver.java:315)
at org.openqa.selenium.support.pagefactory.DefaultElementLocator.findElement(DefaultElementLocator.java:69)
at org.openqa.selenium.support.pagefactory.internal.LocatingElementHandler.invoke(LocatingElementHandler.java:38)
at jdk.proxy2/jdk.proxy2.$Proxy19.sendKeys(Unknown Source)
at adminObjectRepository.LoginPage.login(LoginPage.java:54)
at genericUtility.BaseClass.BM(BaseClass.java:75)
at java.base/java.util.ArrayList.forEach(ArrayList.java:1511)
at java.base/java.util.concurrent.FutureTask.run(FutureTask.java:264)
at java.base/java.util.concurrent.ThreadPoolExecutor.runWorker(ThreadPoolExecutor.java:1136)
at java.base/java.util.concurrent.ThreadPoolExecutor$Worker.run(ThreadPoolExecutor.java:635)
at java.base/java.lang.Thread.run(Thread.java:833)
... Removed 23 stack frames]]>
    </failure>
  </testcase> <!-- @BeforeMethod BM -->
  <testcase classname="genericUtility.BaseClass" name="@AfterMethod AM" time="-1.674903114033E9">
    <skipped/>
  </testcase> <!-- @AfterMethod AM -->
  <testcase classname="genericUtility.BaseClass" name="@BeforeMethod BM" time="-1.674903114034E9">
    <skipped/>
  </testcase> <!-- @BeforeMethod BM -->
  <testcase classname="genericUtility.BaseClass" name="@AfterMethod AM" time="-1.674903114035E9">
    <skipped/>
  </testcase> <!-- @AfterMethod AM -->
  <testcase classname="genericUtility.BaseClass" name="@BeforeMethod BM" time="-1.674903114036E9">
    <skipped/>
  </testcase> <!-- @BeforeMethod BM -->
  <testcase classname="genericUtility.BaseClass" name="@AfterMethod AM" time="-1.674903114037E9">
    <skipped/>
  </testcase> <!-- @AfterMethod AM -->
  <testcase classname="genericUtility.BaseClass" name="@BeforeMethod BM" time="-1.674903114038E9">
    <skipped/>
  </testcase> <!-- @BeforeMethod BM -->
  <testcase classname="genericUtility.BaseClass" name="@AfterMethod AM" time="-1.674903114039E9">
    <skipped/>
  </testcase> <!-- @AfterMethod AM -->
  <testcase classname="genericUtility.BaseClass" name="@BeforeMethod BM" time="-1.674903114039E9">
    <skipped/>
  </testcase> <!-- @BeforeMethod BM -->
  <testcase classname="genericUtility.BaseClass" name="@AfterMethod AM" time="-1.674903114041E9">
    <skipped/>
  </testcase> <!-- @AfterMethod AM -->
  <testcase classname="genericUtility.BaseClass" name="@BeforeMethod BM" time="-1.674903114041E9">
    <skipped/>
  </testcase> <!-- @BeforeMethod BM -->
  <testcase classname="genericUtility.BaseClass" name="@AfterMethod AM" time="-1.674903114042E9">
    <skipped/>
  </testcase> <!-- @AfterMethod AM -->
  <testcase classname="genericUtility.BaseClass" name="@BeforeMethod BM" time="-1.674903114042E9">
    <skipped/>
  </testcase> <!-- @BeforeMethod BM -->
  <testcase classname="genericUtility.BaseClass" name="@AfterMethod AM" time="-1.674903114043E9">
    <skipped/>
  </testcase> <!-- @AfterMethod AM -->
  <testcase classname="genericUtility.BaseClass" name="@BeforeMethod BM" time="-1.674903114043E9">
    <skipped/>
  </testcase> <!-- @BeforeMethod BM -->
  <testcase classname="genericUtility.BaseClass" name="@AfterMethod AM" time="-1.674903114044E9">
    <skipped/>
  </testcase> <!-- @AfterMethod AM -->
  <testcase classname="genericUtility.BaseClass" name="@BeforeMethod BM" time="-1.674903114044E9">
    <skipped/>
  </testcase> <!-- @BeforeMethod BM -->
  <testcase classname="genericUtility.BaseClass" name="@AfterMethod AM" time="-1.674903114045E9">
    <skipped/>
  </testcase> <!-- @AfterMethod AM -->
  <testcase classname="genericUtility.BaseClass" name="@BeforeMethod BM" time="-1.674903114045E9">
    <skipped/>
  </testcase> <!-- @BeforeMethod BM -->
  <testcase classname="genericUtility.BaseClass" name="@AfterMethod AM" time="-1.674903114046E9">
    <skipped/>
  </testcase> <!-- @AfterMethod AM -->
  <testcase classname="genericUtility.BaseClass" name="@BeforeMethod BM" time="-1.674903114046E9">
    <skipped/>
  </testcase> <!-- @BeforeMethod BM -->
  <testcase classname="genericUtility.BaseClass" name="@AfterMethod AM" time="-1.674903114046E9">
    <skipped/>
  </testcase> <!-- @AfterMethod AM -->
  <testcase classname="genericUtility.BaseClass" name="@BeforeMethod BM" time="-1.674903114047E9">
    <skipped/>
  </testcase> <!-- @BeforeMethod BM -->
  <testcase classname="genericUtility.BaseClass" name="@AfterMethod AM" time="-1.674903114047E9">
    <skipped/>
  </testcase> <!-- @AfterMethod AM -->
  <testcase classname="genericUtility.BaseClass" name="@BeforeMethod BM" time="-1.674903114048E9">
    <skipped/>
  </testcase> <!-- @BeforeMethod BM -->
  <testcase classname="genericUtility.BaseClass" name="@AfterMethod AM" time="-1.674903114049E9">
    <skipped/>
  </testcase> <!-- @AfterMethod AM -->
  <testcase classname="genericUtility.BaseClass" name="@BeforeMethod BM" time="-1.674903114049E9">
    <skipped/>
  </testcase> <!-- @BeforeMethod BM -->
  <testcase classname="genericUtility.BaseClass" name="@AfterMethod AM" time="-1.67490311405E9">
    <skipped/>
  </testcase> <!-- @AfterMethod AM -->
  <testcase classname="genericUtility.BaseClass" name="@BeforeMethod BM" time="-1.67490311405E9">
    <skipped/>
  </testcase> <!-- @BeforeMethod BM -->
  <testcase classname="genericUtility.BaseClass" name="@AfterMethod AM" time="-1.67490311405E9">
    <skipped/>
  </testcase> <!-- @AfterMethod AM -->
  <testcase classname="genericUtility.BaseClass" name="@BeforeMethod BM" time="-1.674903114051E9">
    <skipped/>
  </testcase> <!-- @BeforeMethod BM -->
  <testcase classname="genericUtility.BaseClass" name="@AfterMethod AM" time="-1.674903114051E9">
    <skipped/>
  </testcase> <!-- @AfterMethod AM -->
  <testcase classname="genericUtility.BaseClass" name="@BeforeMethod BM" time="-1.674903114052E9">
    <skipped/>
  </testcase> <!-- @BeforeMethod BM -->
  <testcase classname="genericUtility.BaseClass" name="@AfterMethod AM" time="-1.674903114052E9">
    <skipped/>
  </testcase> <!-- @AfterMethod AM -->
  <testcase classname="genericUtility.BaseClass" name="@BeforeMethod BM" time="-1.674903114053E9">
    <skipped/>
  </testcase> <!-- @BeforeMethod BM -->
  <testcase classname="genericUtility.BaseClass" name="@AfterMethod AM" time="-1.674903114054E9">
    <skipped/>
  </testcase> <!-- @AfterMethod AM -->
  <testcase classname="genericUtility.BaseClass" name="@BeforeMethod BM" time="-1.674903114054E9">
    <skipped/>
  </testcase> <!-- @BeforeMethod BM -->
  <testcase classname="genericUtility.BaseClass" name="@AfterMethod AM" time="-1.674903114055E9">
    <skipped/>
  </testcase> <!-- @AfterMethod AM -->
  <testcase classname="genericUtility.BaseClass" name="@BeforeMethod BM" time="-1.674903114055E9">
    <skipped/>
  </testcase> <!-- @BeforeMethod BM -->
  <testcase classname="genericUtility.BaseClass" name="@AfterMethod AM" time="-1.674903114056E9">
    <skipped/>
  </testcase> <!-- @AfterMethod AM -->
  <testcase classname="genericUtility.BaseClass" name="@BeforeMethod BM" time="-1.674903114057E9">
    <skipped/>
  </testcase> <!-- @BeforeMethod BM -->
  <testcase classname="genericUtility.BaseClass" name="@AfterMethod AM" time="-1.674903114058E9">
    <skipped/>
  </testcase> <!-- @AfterMethod AM -->
  <testcase classname="genericUtility.BaseClass" name="@BeforeMethod BM" time="-1.674903114058E9">
    <skipped/>
  </testcase> <!-- @BeforeMethod BM -->
  <testcase classname="genericUtility.BaseClass" name="@AfterMethod AM" time="-1.674903114059E9">
    <skipped/>
  </testcase> <!-- @AfterMethod AM -->
  <testcase classname="genericUtility.BaseClass" name="@BeforeMethod BM" time="-1.674903114059E9">
    <skipped/>
  </testcase> <!-- @BeforeMethod BM -->
  <testcase classname="genericUtility.BaseClass" name="@AfterMethod AM" time="-1.67490311406E9">
    <skipped/>
  </testcase> <!-- @AfterMethod AM -->
  <testcase classname="genericUtility.BaseClass" name="@BeforeMethod BM" time="-1.674903114061E9">
    <skipped/>
  </testcase> <!-- @BeforeMethod BM -->
  <testcase classname="genericUtility.BaseClass" name="@AfterMethod AM" time="-1.674903114062E9">
    <skipped/>
  </testcase> <!-- @AfterMethod AM -->
  <testcase classname="genericUtility.BaseClass" name="@BeforeMethod BM" time="-1.674903114062E9">
    <skipped/>
  </testcase> <!-- @BeforeMethod BM -->
  <testcase classname="genericUtility.BaseClass" name="@AfterMethod AM" time="-1.674903114063E9">
    <skipped/>
  </testcase> <!-- @AfterMethod AM -->
  <testcase classname="genericUtility.BaseClass" name="@BeforeMethod BM" time="-1.674903114063E9">
    <skipped/>
  </testcase> <!-- @BeforeMethod BM -->
  <testcase classname="genericUtility.BaseClass" name="@AfterMethod AM" time="-1.674903114064E9">
    <skipped/>
  </testcase> <!-- @AfterMethod AM -->
  <testcase classname="genericUtility.BaseClass" name="@BeforeMethod BM" time="-1.674903114065E9">
    <skipped/>
  </testcase> <!-- @BeforeMethod BM -->
  <testcase classname="genericUtility.BaseClass" name="@AfterMethod AM" time="-1.674903114066E9">
    <skipped/>
  </testcase> <!-- @AfterMethod AM -->
  <testcase classname="genericUtility.BaseClass" name="@BeforeMethod BM" time="-1.674903114066E9">
    <skipped/>
  </testcase> <!-- @BeforeMethod BM -->
  <testcase classname="genericUtility.BaseClass" name="@AfterMethod AM" time="-1.674903114067E9">
    <skipped/>
  </testcase> <!-- @AfterMethod AM -->
  <testcase classname="genericUtility.BaseClass" name="@BeforeMethod BM" time="-1.674903114067E9">
    <skipped/>
  </testcase> <!-- @BeforeMethod BM -->
  <testcase classname="genericUtility.BaseClass" name="@AfterMethod AM" time="-1.674903114068E9">
    <skipped/>
  </testcase> <!-- @AfterMethod AM -->
  <testcase classname="genericUtility.BaseClass" name="@BeforeMethod BM" time="-1.674903114068E9">
    <skipped/>
  </testcase> <!-- @BeforeMethod BM -->
  <testcase classname="genericUtility.BaseClass" name="@AfterMethod AM" time="-1.67490311407E9">
    <skipped/>
  </testcase> <!-- @AfterMethod AM -->
  <testcase classname="genericUtility.BaseClass" name="@BeforeMethod BM" time="-1.67490311407E9">
    <skipped/>
  </testcase> <!-- @BeforeMethod BM -->
  <testcase classname="genericUtility.BaseClass" name="@AfterMethod AM" time="-1.674903114074E9">
    <skipped/>
  </testcase> <!-- @AfterMethod AM -->
  <testcase classname="genericUtility.BaseClass" name="@BeforeMethod BM" time="-1.674903114074E9">
    <skipped/>
  </testcase> <!-- @BeforeMethod BM -->
  <testcase classname="genericUtility.BaseClass" name="@AfterMethod AM" time="-1.674903114075E9">
    <skipped/>
  </testcase> <!-- @AfterMethod AM -->
  <testcase classname="genericUtility.BaseClass" name="@BeforeMethod BM" time="-1.674903114075E9">
    <skipped/>
  </testcase> <!-- @BeforeMethod BM -->
  <testcase classname="genericUtility.BaseClass" name="@AfterMethod AM" time="-1.674903114076E9">
    <skipped/>
  </testcase> <!-- @AfterMethod AM -->
  <testcase classname="genericUtility.BaseClass" name="@BeforeMethod BM" time="-1.674903114077E9">
    <skipped/>
  </testcase> <!-- @BeforeMethod BM -->
  <testcase classname="genericUtility.BaseClass" name="@AfterMethod AM" time="-1.674903114077E9">
    <skipped/>
  </testcase> <!-- @AfterMethod AM -->
  <testcase classname="genericUtility.BaseClass" name="@BeforeMethod BM" time="-1.674903114077E9">
    <skipped/>
  </testcase> <!-- @BeforeMethod BM -->
  <testcase classname="genericUtility.BaseClass" name="@AfterMethod AM" time="-1.674903114078E9">
    <skipped/>
  </testcase> <!-- @AfterMethod AM -->
  <testcase classname="genericUtility.BaseClass" name="@BeforeMethod BM" time="-1.674903114078E9">
    <skipped/>
  </testcase> <!-- @BeforeMethod BM -->
  <testcase classname="genericUtility.BaseClass" name="@AfterMethod AM" time="-1.67490311408E9">
    <skipped/>
  </testcase> <!-- @AfterMethod AM -->
  <testcase classname="genericUtility.BaseClass" name="@BeforeMethod BM" time="-1.67490311408E9">
    <skipped/>
  </testcase> <!-- @BeforeMethod BM -->
  <testcase classname="genericUtility.BaseClass" name="@AfterMethod AM" time="-1.674903114081E9">
    <skipped/>
  </testcase> <!-- @AfterMethod AM -->
  <testcase classname="genericUtility.BaseClass" name="@BeforeMethod BM" time="-1.674903114082E9">
    <skipped/>
  </testcase> <!-- @BeforeMethod BM -->
  <testcase classname="genericUtility.BaseClass" name="@AfterMethod AM" time="-1.674903114083E9">
    <skipped/>
  </testcase> <!-- @AfterMethod AM -->
  <testcase classname="genericUtility.BaseClass" name="@BeforeMethod BM" time="-1.674903114083E9">
    <skipped/>
  </testcase> <!-- @BeforeMethod BM -->
  <testcase classname="genericUtility.BaseClass" name="@AfterMethod AM" time="-1.674903114084E9">
    <skipped/>
  </testcase> <!-- @AfterMethod AM -->
  <testcase classname="genericUtility.BaseClass" name="@BeforeMethod BM" time="-1.674903114084E9">
    <skipped/>
  </testcase> <!-- @BeforeMethod BM -->
  <testcase classname="genericUtility.BaseClass" name="@AfterMethod AM" time="-1.674903114085E9">
    <skipped/>
  </testcase> <!-- @AfterMethod AM -->
  <testcase classname="genericUtility.BaseClass" name="@BeforeMethod BM" time="-1.674903114085E9">
    <skipped/>
  </testcase> <!-- @BeforeMethod BM -->
  <testcase classname="genericUtility.BaseClass" name="@AfterMethod AM" time="-1.674903114086E9">
    <skipped/>
  </testcase> <!-- @AfterMethod AM -->
  <testcase classname="genericUtility.BaseClass" name="@BeforeMethod BM" time="-1.674903114087E9">
    <skipped/>
  </testcase> <!-- @BeforeMethod BM -->
  <testcase classname="genericUtility.BaseClass" name="@AfterMethod AM" time="-1.674903114087E9">
    <skipped/>
  </testcase> <!-- @AfterMethod AM -->
  <testcase classname="genericUtility.BaseClass" name="@BeforeMethod BM" time="-1.674903114088E9">
    <skipped/>
  </testcase> <!-- @BeforeMethod BM -->
  <testcase classname="genericUtility.BaseClass" name="@AfterMethod AM" time="-1.674903114089E9">
    <skipped/>
  </testcase> <!-- @AfterMethod AM -->
  <testcase classname="genericUtility.BaseClass" name="@BeforeMethod BM" time="-1.674903114089E9">
    <skipped/>
  </testcase> <!-- @BeforeMethod BM -->
  <testcase classname="genericUtility.BaseClass" name="@AfterMethod AM" time="-1.67490311409E9">
    <skipped/>
  </testcase> <!-- @AfterMethod AM -->
  <testcase classname="genericUtility.BaseClass" name="@BeforeMethod BM" time="-1.67490311409E9">
    <skipped/>
  </testcase> <!-- @BeforeMethod BM -->
  <testcase classname="genericUtility.BaseClass" name="@AfterMethod AM" time="-1.674903114091E9">
    <skipped/>
  </testcase> <!-- @AfterMethod AM -->
  <testcase classname="genericUtility.BaseClass" name="@BeforeMethod BM" time="-1.674903114091E9">
    <skipped/>
  </testcase> <!-- @BeforeMethod BM -->
  <testcase classname="genericUtility.BaseClass" name="@AfterMethod AM" time="-1.674903114092E9">
    <skipped/>
  </testcase> <!-- @AfterMethod AM -->
  <testcase classname="genericUtility.BaseClass" name="@BeforeMethod BM" time="-1.674903114092E9">
    <skipped/>
  </testcase> <!-- @BeforeMethod BM -->
  <testcase classname="genericUtility.BaseClass" name="@AfterMethod AM" time="-1.674903114093E9">
    <skipped/>
  </testcase> <!-- @AfterMethod AM -->
  <testcase classname="genericUtility.BaseClass" name="@BeforeMethod BM" time="-1.674903114093E9">
    <skipped/>
  </testcase> <!-- @BeforeMethod BM -->
  <testcase classname="genericUtility.BaseClass" name="@AfterMethod AM" time="-1.674903114094E9">
    <skipped/>
  </testcase> <!-- @AfterMethod AM -->
  <testcase classname="genericUtility.BaseClass" name="@BeforeMethod BM" time="-1.674903114094E9">
    <skipped/>
  </testcase> <!-- @BeforeMethod BM -->
  <testcase classname="genericUtility.BaseClass" name="@AfterMethod AM" time="-1.674903114095E9">
    <skipped/>
  </testcase> <!-- @AfterMethod AM -->
  <testcase classname="genericUtility.BaseClass" name="@BeforeMethod BM" time="-1.674903114095E9">
    <skipped/>
  </testcase> <!-- @BeforeMethod BM -->
  <testcase classname="genericUtility.BaseClass" name="@AfterMethod AM" time="-1.674903114096E9">
    <skipped/>
  </testcase> <!-- @AfterMethod AM -->
  <testcase classname="genericUtility.BaseClass" name="@BeforeMethod BM" time="-1.674903114096E9">
    <skipped/>
  </testcase> <!-- @BeforeMethod BM -->
  <testcase classname="genericUtility.BaseClass" name="@AfterMethod AM" time="-1.674903114097E9">
    <skipped/>
  </testcase> <!-- @AfterMethod AM -->
  <testcase classname="genericUtility.BaseClass" name="@BeforeMethod BM" time="-1.674903114097E9">
    <skipped/>
  </testcase> <!-- @BeforeMethod BM -->
  <testcase classname="genericUtility.BaseClass" name="@AfterMethod AM" time="-1.674903114098E9">
    <skipped/>
  </testcase> <!-- @AfterMethod AM -->
  <testcase classname="genericUtility.BaseClass" name="@BeforeMethod BM" time="-1.674903114098E9">
    <skipped/>
  </testcase> <!-- @BeforeMethod BM -->
  <testcase classname="genericUtility.BaseClass" name="@AfterMethod AM" time="-1.674903114099E9">
    <skipped/>
  </testcase> <!-- @AfterMethod AM -->
  <testcase classname="genericUtility.BaseClass" name="@BeforeMethod BM" time="-1.674903114099E9">
    <skipped/>
  </testcase> <!-- @BeforeMethod BM -->
  <testcase classname="genericUtility.BaseClass" name="@AfterMethod AM" time="-1.6749031141E9">
    <skipped/>
  </testcase> <!-- @AfterMethod AM -->
  <testcase classname="genericUtility.BaseClass" name="@BeforeMethod BM" time="-1.6749031141E9">
    <skipped/>
  </testcase> <!-- @BeforeMethod BM -->
  <testcase classname="genericUtility.BaseClass" name="@AfterMethod AM" time="-1.674903114101E9">
    <skipped/>
  </testcase> <!-- @AfterMethod AM -->
  <testcase classname="genericUtility.BaseClass" name="@BeforeMethod BM" time="-1.674903114101E9">
    <skipped/>
  </testcase> <!-- @BeforeMethod BM -->
  <testcase classname="genericUtility.BaseClass" name="@AfterMethod AM" time="-1.674903114101E9">
    <skipped/>
  </testcase> <!-- @AfterMethod AM -->
  <testcase classname="genericUtility.BaseClass" name="@BeforeMethod BM" time="-1.674903114102E9">
    <skipped/>
  </testcase> <!-- @BeforeMethod BM -->
  <testcase classname="genericUtility.BaseClass" name="@AfterMethod AM" time="-1.674903114102E9">
    <skipped/>
  </testcase> <!-- @AfterMethod AM -->
  <testcase classname="genericUtility.BaseClass" name="@BeforeMethod BM" time="-1.674903114102E9">
    <skipped/>
  </testcase> <!-- @BeforeMethod BM -->
  <testcase classname="genericUtility.BaseClass" name="@AfterMethod AM" time="-1.674903114104E9">
    <skipped/>
  </testcase> <!-- @AfterMethod AM -->
  <testcase classname="genericUtility.BaseClass" name="@BeforeMethod BM" time="-1.674903114104E9">
    <skipped/>
  </testcase> <!-- @BeforeMethod BM -->
  <testcase classname="genericUtility.BaseClass" name="@AfterMethod AM" time="-1.674903114105E9">
    <skipped/>
  </testcase> <!-- @AfterMethod AM -->
  <testcase classname="genericUtility.BaseClass" name="@BeforeMethod BM" time="-1.674903114105E9">
    <skipped/>
  </testcase> <!-- @BeforeMethod BM -->
  <testcase classname="genericUtility.BaseClass" name="@AfterMethod AM" time="-1.674903114106E9">
    <skipped/>
  </testcase> <!-- @AfterMethod AM -->
  <testcase classname="genericUtility.BaseClass" name="@BeforeMethod BM" time="-1.674903114106E9">
    <skipped/>
  </testcase> <!-- @BeforeMethod BM -->
  <testcase classname="genericUtility.BaseClass" name="@AfterMethod AM" time="-1.674903114106E9">
    <skipped/>
  </testcase> <!-- @AfterMethod AM -->
  <testcase classname="genericUtility.BaseClass" name="@BeforeMethod BM" time="-1.674903114107E9">
    <skipped/>
  </testcase> <!-- @BeforeMethod BM -->
  <testcase classname="genericUtility.BaseClass" name="@AfterMethod AM" time="-1.674903114107E9">
    <skipped/>
  </testcase> <!-- @AfterMethod AM -->
  <testcase classname="genericUtility.BaseClass" name="@BeforeMethod BM" time="-1.674903114109E9">
    <skipped/>
  </testcase> <!-- @BeforeMethod BM -->
  <testcase classname="genericUtility.BaseClass" name="@AfterMethod AM" time="-1.674903114109E9">
    <skipped/>
  </testcase> <!-- @AfterMethod AM -->
  <testcase classname="genericUtility.BaseClass" name="@BeforeMethod BM" time="-1.67490311411E9">
    <skipped/>
  </testcase> <!-- @BeforeMethod BM -->
  <testcase classname="genericUtility.BaseClass" name="@AfterMethod AM" time="-1.67490311411E9">
    <skipped/>
  </testcase> <!-- @AfterMethod AM -->
  <testcase classname="genericUtility.BaseClass" name="@BeforeMethod BM" time="-1.674903114111E9">
    <skipped/>
  </testcase> <!-- @BeforeMethod BM -->
  <testcase classname="genericUtility.BaseClass" name="@AfterMethod AM" time="-1.674903114112E9">
    <skipped/>
  </testcase> <!-- @AfterMethod AM -->
  <testcase classname="genericUtility.BaseClass" name="@BeforeMethod BM" time="-1.674903114112E9">
    <skipped/>
  </testcase> <!-- @BeforeMethod BM -->
  <testcase classname="genericUtility.BaseClass" name="@AfterMethod AM" time="-1.674903114112E9">
    <skipped/>
  </testcase> <!-- @AfterMethod AM -->
  <testcase classname="genericUtility.BaseClass" name="@BeforeMethod BM" time="-1.674903114113E9">
    <skipped/>
  </testcase> <!-- @BeforeMethod BM -->
  <testcase classname="genericUtility.BaseClass" name="@AfterMethod AM" time="-1.674903114113E9">
    <skipped/>
  </testcase> <!-- @AfterMethod AM -->
  <testcase classname="genericUtility.BaseClass" name="@BeforeMethod BM" time="-1.674903114113E9">
    <skipped/>
  </testcase> <!-- @BeforeMethod BM -->
  <testcase classname="genericUtility.BaseClass" name="@AfterMethod AM" time="-1.674903114114E9">
    <skipped/>
  </testcase> <!-- @AfterMethod AM -->
  <testcase classname="genericUtility.BaseClass" name="@BeforeMethod BM" time="-1.674903114114E9">
    <skipped/>
  </testcase> <!-- @BeforeMethod BM -->
  <testcase classname="genericUtility.BaseClass" name="@AfterMethod AM" time="-1.674903114115E9">
    <skipped/>
  </testcase> <!-- @AfterMethod AM -->
  <testcase classname="genericUtility.BaseClass" name="@BeforeMethod BM" time="-1.674903114115E9">
    <skipped/>
  </testcase> <!-- @BeforeMethod BM -->
  <testcase classname="genericUtility.BaseClass" name="@AfterMethod AM" time="-1.674903114116E9">
    <skipped/>
  </testcase> <!-- @AfterMethod AM -->
  <testcase classname="genericUtility.BaseClass" name="@BeforeMethod BM" time="-1.674903114116E9">
    <skipped/>
  </testcase> <!-- @BeforeMethod BM -->
  <testcase classname="genericUtility.BaseClass" name="@AfterMethod AM" time="-1.674903114117E9">
    <skipped/>
  </testcase> <!-- @AfterMethod AM -->
  <testcase classname="genericUtility.BaseClass" name="@BeforeMethod BM" time="-1.674903114117E9">
    <skipped/>
  </testcase> <!-- @BeforeMethod BM -->
  <testcase classname="genericUtility.BaseClass" name="@AfterMethod AM" time="-1.674903114117E9">
    <skipped/>
  </testcase> <!-- @AfterMethod AM -->
  <testcase classname="genericUtility.BaseClass" name="@BeforeMethod BM" time="-1.674903114119E9">
    <skipped/>
  </testcase> <!-- @BeforeMethod BM -->
  <testcase classname="genericUtility.BaseClass" name="@AfterMethod AM" time="-1.674903114119E9">
    <skipped/>
  </testcase> <!-- @AfterMethod AM -->
  <testcase classname="genericUtility.BaseClass" name="@BeforeMethod BM" time="-1.67490311412E9">
    <skipped/>
  </testcase> <!-- @BeforeMethod BM -->
  <testcase classname="genericUtility.BaseClass" name="@AfterMethod AM" time="-1.67490311412E9">
    <skipped/>
  </testcase> <!-- @AfterMethod AM -->
  <testcase classname="genericUtility.BaseClass" name="@BeforeMethod BM" time="-1.674903114121E9">
    <skipped/>
  </testcase> <!-- @BeforeMethod BM -->
  <testcase classname="genericUtility.BaseClass" name="@AfterMethod AM" time="-1.674903114121E9">
    <skipped/>
  </testcase> <!-- @AfterMethod AM -->
  <testcase classname="genericUtility.BaseClass" name="@BeforeMethod BM" time="-1.674903114122E9">
    <skipped/>
  </testcase> <!-- @BeforeMethod BM -->
  <testcase classname="genericUtility.BaseClass" name="@AfterMethod AM" time="-1.674903114122E9">
    <skipped/>
  </testcase> <!-- @AfterMethod AM -->
  <testcase classname="genericUtility.BaseClass" name="@BeforeMethod BM" time="-1.674903114123E9">
    <skipped/>
  </testcase> <!-- @BeforeMethod BM -->
  <testcase classname="genericUtility.BaseClass" name="@AfterMethod AM" time="-1.674903114124E9">
    <skipped/>
  </testcase> <!-- @AfterMethod AM -->
  <testcase classname="genericUtility.BaseClass" name="@BeforeMethod BM" time="-1.674903114124E9">
    <skipped/>
  </testcase> <!-- @BeforeMethod BM -->
  <testcase classname="genericUtility.BaseClass" name="@AfterMethod AM" time="-1.674903114125E9">
    <skipped/>
  </testcase> <!-- @AfterMethod AM -->
  <testcase classname="genericUtility.BaseClass" name="@BeforeMethod BM" time="-1.674903114125E9">
    <skipped/>
  </testcase> <!-- @BeforeMethod BM -->
  <testcase classname="genericUtility.BaseClass" name="@AfterMethod AM" time="-1.674903114126E9">
    <skipped/>
  </testcase> <!-- @AfterMethod AM -->
  <testcase classname="genericUtility.BaseClass" name="@BeforeMethod BM" time="-1.674903114126E9">
    <skipped/>
  </testcase> <!-- @BeforeMethod BM -->
  <testcase classname="genericUtility.BaseClass" name="@AfterMethod AM" time="-1.674903114126E9">
    <skipped/>
  </testcase> <!-- @AfterMethod AM -->
  <testcase classname="genericUtility.BaseClass" name="@BeforeMethod BM" time="-1.674903114127E9">
    <skipped/>
  </testcase> <!-- @BeforeMethod BM -->
  <testcase classname="genericUtility.BaseClass" name="@AfterMethod AM" time="-1.674903114127E9">
    <skipped/>
  </testcase> <!-- @AfterMethod AM -->
  <testcase classname="genericUtility.BaseClass" name="@BeforeMethod BM" time="-1.674903114127E9">
    <skipped/>
  </testcase> <!-- @BeforeMethod BM -->
  <testcase classname="genericUtility.BaseClass" name="@AfterMethod AM" time="-1.674903114128E9">
    <skipped/>
  </testcase> <!-- @AfterMethod AM -->
  <testcase classname="genericUtility.BaseClass" name="@BeforeMethod BM" time="-1.674903114128E9">
    <skipped/>
  </testcase> <!-- @BeforeMethod BM -->
  <testcase classname="genericUtility.BaseClass" name="@AfterMethod AM" time="-1.674903114128E9">
    <skipped/>
  </testcase> <!-- @AfterMethod AM -->
  <testcase classname="genericUtility.BaseClass" name="@BeforeMethod BM" time="-1.67490311413E9">
    <skipped/>
  </testcase> <!-- @BeforeMethod BM -->
  <testcase classname="genericUtility.BaseClass" name="@AfterMethod AM" time="-1.67490311413E9">
    <skipped/>
  </testcase> <!-- @AfterMethod AM -->
  <testcase classname="genericUtility.BaseClass" name="@BeforeMethod BM" time="-1.674903114131E9">
    <skipped/>
  </testcase> <!-- @BeforeMethod BM -->
  <testcase classname="genericUtility.BaseClass" name="@AfterMethod AM" time="-1.674903114131E9">
    <skipped/>
  </testcase> <!-- @AfterMethod AM -->
  <testcase classname="genericUtility.BaseClass" name="@BeforeMethod BM" time="-1.674903114131E9">
    <skipped/>
  </testcase> <!-- @BeforeMethod BM -->
  <testcase classname="genericUtility.BaseClass" name="@AfterMethod AM" time="-1.674903114132E9">
    <skipped/>
  </testcase> <!-- @AfterMethod AM -->
  <testcase classname="genericUtility.BaseClass" name="@BeforeMethod BM" time="-1.674903114132E9">
    <skipped/>
  </testcase> <!-- @BeforeMethod BM -->
  <testcase classname="genericUtility.BaseClass" name="@AfterMethod AM" time="-1.674903114133E9">
    <skipped/>
  </testcase> <!-- @AfterMethod AM -->
  <testcase classname="genericUtility.BaseClass" name="@BeforeMethod BM" time="-1.674903114134E9">
    <skipped/>
  </testcase> <!-- @BeforeMethod BM -->
  <testcase classname="genericUtility.BaseClass" name="@AfterMethod AM" time="-1.674903114134E9">
    <skipped/>
  </testcase> <!-- @AfterMethod AM -->
  <testcase classname="genericUtility.BaseClass" name="@BeforeMethod BM" time="-1.674903114135E9">
    <skipped/>
  </testcase> <!-- @BeforeMethod BM -->
  <testcase classname="genericUtility.BaseClass" name="@AfterMethod AM" time="-1.674903114136E9">
    <skipped/>
  </testcase> <!-- @AfterMethod AM -->
  <testcase classname="genericUtility.BaseClass" name="@BeforeMethod BM" time="-1.674903114136E9">
    <skipped/>
  </testcase> <!-- @BeforeMethod BM -->
  <testcase classname="genericUtility.BaseClass" name="@AfterMethod AM" time="-1.674903114137E9">
    <skipped/>
  </testcase> <!-- @AfterMethod AM -->
  <testcase classname="genericUtility.BaseClass" name="@BeforeMethod BM" time="-1.674903114137E9">
    <skipped/>
  </testcase> <!-- @BeforeMethod BM -->
  <testcase classname="genericUtility.BaseClass" name="@AfterMethod AM" time="-1.674903114138E9">
    <skipped/>
  </testcase> <!-- @AfterMethod AM -->
  <testcase classname="genericUtility.BaseClass" name="@BeforeMethod BM" time="-1.674903114138E9">
    <skipped/>
  </testcase> <!-- @BeforeMethod BM -->
  <testcase classname="genericUtility.BaseClass" name="@AfterMethod AM" time="-1.674903114139E9">
    <skipped/>
  </testcase> <!-- @AfterMethod AM -->
  <testcase classname="genericUtility.BaseClass" name="@BeforeMethod BM" time="-1.674903114139E9">
    <skipped/>
  </testcase> <!-- @BeforeMethod BM -->
  <testcase classname="genericUtility.BaseClass" name="@AfterMethod AM" time="-1.674903114139E9">
    <skipped/>
  </testcase> <!-- @AfterMethod AM -->
  <testcase classname="genericUtility.BaseClass" name="@BeforeMethod BM" time="-1.67490311414E9">
    <skipped/>
  </testcase> <!-- @BeforeMethod BM -->
  <testcase classname="genericUtility.BaseClass" name="@AfterMethod AM" time="-1.67490311414E9">
    <skipped/>
  </testcase> <!-- @AfterMethod AM -->
  <testcase classname="genericUtility.BaseClass" name="@BeforeMethod BM" time="-1.67490311414E9">
    <skipped/>
  </testcase> <!-- @BeforeMethod BM -->
  <testcase classname="genericUtility.BaseClass" name="@AfterMethod AM" time="-1.674903114142E9">
    <skipped/>
  </testcase> <!-- @AfterMethod AM -->
  <testcase classname="genericUtility.BaseClass" name="@BeforeMethod BM" time="-1.674903114143E9">
    <skipped/>
  </testcase> <!-- @BeforeMethod BM -->
  <testcase classname="genericUtility.BaseClass" name="@AfterMethod AM" time="-1.674903114144E9">
    <skipped/>
  </testcase> <!-- @AfterMethod AM -->
  <testcase classname="genericUtility.BaseClass" name="@BeforeMethod BM" time="-1.674903114144E9">
    <skipped/>
  </testcase> <!-- @BeforeMethod BM -->
  <testcase classname="genericUtility.BaseClass" name="@AfterMethod AM" time="-1.674903114145E9">
    <skipped/>
  </testcase> <!-- @AfterMethod AM -->
  <testcase classname="genericUtility.BaseClass" name="@BeforeMethod BM" time="-1.674903114145E9">
    <skipped/>
  </testcase> <!-- @BeforeMethod BM -->
  <testcase classname="genericUtility.BaseClass" name="@AfterMethod AM" time="-1.674903114145E9">
    <skipped/>
  </testcase> <!-- @AfterMethod AM -->
  <testcase classname="genericUtility.BaseClass" name="@BeforeMethod BM" time="-1.674903114146E9">
    <skipped/>
  </testcase> <!-- @BeforeMethod BM -->
  <testcase classname="genericUtility.BaseClass" name="@AfterMethod AM" time="-1.674903114146E9">
    <skipped/>
  </testcase> <!-- @AfterMethod AM -->
  <testcase classname="genericUtility.BaseClass" name="@BeforeMethod BM" time="-1.674903114146E9">
    <skipped/>
  </testcase> <!-- @BeforeMethod BM -->
  <testcase classname="genericUtility.BaseClass" name="@AfterMethod AM" time="-1.674903114147E9">
    <skipped/>
  </testcase> <!-- @AfterMethod AM -->
  <testcase classname="genericUtility.BaseClass" name="@BeforeMethod BM" time="-1.674903114147E9">
    <skipped/>
  </testcase> <!-- @BeforeMethod BM -->
  <testcase classname="genericUtility.BaseClass" name="@AfterMethod AM" time="-1.674903114148E9">
    <skipped/>
  </testcase> <!-- @AfterMethod AM -->
  <testcase classname="genericUtility.BaseClass" name="@BeforeMethod BM" time="-1.674903114148E9">
    <skipped/>
  </testcase> <!-- @BeforeMethod BM -->
  <testcase classname="genericUtility.BaseClass" name="@AfterMethod AM" time="-1.674903114149E9">
    <skipped/>
  </testcase> <!-- @AfterMethod AM -->
  <testcase classname="genericUtility.BaseClass" name="@BeforeMethod BM" time="-1.674903114149E9">
    <skipped/>
  </testcase> <!-- @BeforeMethod BM -->
  <testcase classname="genericUtility.BaseClass" name="@AfterMethod AM" time="-1.67490311415E9">
    <skipped/>
  </testcase> <!-- @AfterMethod AM -->
  <testcase classname="genericUtility.BaseClass" name="@BeforeMethod BM" time="-1.67490311415E9">
    <skipped/>
  </testcase> <!-- @BeforeMethod BM -->
  <testcase classname="genericUtility.BaseClass" name="@AfterMethod AM" time="-1.674903114151E9">
    <skipped/>
  </testcase> <!-- @AfterMethod AM -->
  <testcase classname="genericUtility.BaseClass" name="@BeforeMethod BM" time="-1.674903114151E9">
    <skipped/>
  </testcase> <!-- @BeforeMethod BM -->
  <testcase classname="genericUtility.BaseClass" name="@AfterMethod AM" time="-1.674903114152E9">
    <skipped/>
  </testcase> <!-- @AfterMethod AM -->
  <testcase classname="genericUtility.BaseClass" name="@BeforeMethod BM" time="-1.674903114152E9">
    <skipped/>
  </testcase> <!-- @BeforeMethod BM -->
  <testcase classname="genericUtility.BaseClass" name="@AfterMethod AM" time="-1.674903114153E9">
    <skipped/>
  </testcase> <!-- @AfterMethod AM -->
  <testcase classname="genericUtility.BaseClass" name="@BeforeMethod BM" time="-1.674903114153E9">
    <skipped/>
  </testcase> <!-- @BeforeMethod BM -->
  <testcase classname="genericUtility.BaseClass" name="@AfterMethod AM" time="-1.674903114154E9">
    <skipped/>
  </testcase> <!-- @AfterMethod AM -->
  <testcase classname="genericUtility.BaseClass" name="@BeforeMethod BM" time="-1.674903114154E9">
    <skipped/>
  </testcase> <!-- @BeforeMethod BM -->
  <testcase classname="genericUtility.BaseClass" name="@AfterMethod AM" time="-1.674903114155E9">
    <skipped/>
  </testcase> <!-- @AfterMethod AM -->
  <testcase classname="genericUtility.BaseClass" name="@BeforeMethod BM" time="-1.674903114155E9">
    <skipped/>
  </testcase> <!-- @BeforeMethod BM -->
  <testcase classname="genericUtility.BaseClass" name="@AfterMethod AM" time="-1.674903114156E9">
    <skipped/>
  </testcase> <!-- @AfterMethod AM -->
  <testcase classname="genericUtility.BaseClass" name="@BeforeMethod BM" time="-1.674903114156E9">
    <skipped/>
  </testcase> <!-- @BeforeMethod BM -->
  <testcase classname="genericUtility.BaseClass" name="@AfterMethod AM" time="-1.674903114157E9">
    <skipped/>
  </testcase> <!-- @AfterMethod AM -->
  <testcase classname="genericUtility.BaseClass" name="@BeforeMethod BM" time="-1.674903114157E9">
    <skipped/>
  </testcase> <!-- @BeforeMethod BM -->
  <testcase classname="genericUtility.BaseClass" name="@AfterMethod AM" time="-1.674903114157E9">
    <skipped/>
  </testcase> <!-- @AfterMethod AM -->
  <testcase classname="genericUtility.BaseClass" name="@BeforeMethod BM" time="-1.674903114159E9">
    <skipped/>
  </testcase> <!-- @BeforeMethod BM -->
  <testcase classname="genericUtility.BaseClass" name="@AfterMethod AM" time="-1.674903114159E9">
    <skipped/>
  </testcase> <!-- @AfterMethod AM -->
  <testcase classname="genericUtility.BaseClass" name="@BeforeMethod BM" time="-1.674903114159E9">
    <skipped/>
  </testcase> <!-- @BeforeMethod BM -->
  <testcase classname="genericUtility.BaseClass" name="@AfterMethod AM" time="-1.67490311416E9">
    <skipped/>
  </testcase> <!-- @AfterMethod AM -->
  <testcase classname="genericUtility.BaseClass" name="@BeforeMethod BM" time="-1.67490311416E9">
    <skipped/>
  </testcase> <!-- @BeforeMethod BM -->
  <testcase classname="genericUtility.BaseClass" name="@AfterMethod AM" time="-1.674903114161E9">
    <skipped/>
  </testcase> <!-- @AfterMethod AM -->
  <testcase classname="genericUtility.BaseClass" name="@BeforeMethod BM" time="-1.674903114161E9">
    <skipped/>
  </testcase> <!-- @BeforeMethod BM -->
  <testcase classname="genericUtility.BaseClass" name="@AfterMethod AM" time="-1.674903114161E9">
    <skipped/>
  </testcase> <!-- @AfterMethod AM -->
  <testcase classname="genericUtility.BaseClass" name="@BeforeMethod BM" time="-1.674903114162E9">
    <skipped/>
  </testcase> <!-- @BeforeMethod BM -->
  <testcase classname="genericUtility.BaseClass" name="@AfterMethod AM" time="-1.674903114163E9">
    <skipped/>
  </testcase> <!-- @AfterMethod AM -->
  <testcase classname="genericUtility.BaseClass" name="@BeforeMethod BM" time="-1.674903114163E9">
    <skipped/>
  </testcase> <!-- @BeforeMethod BM -->
  <testcase classname="genericUtility.BaseClass" name="@AfterMethod AM" time="-1.674903114163E9">
    <skipped/>
  </testcase> <!-- @AfterMethod AM -->
  <testcase classname="genericUtility.BaseClass" name="@BeforeMethod BM" time="-1.674903114163E9">
    <skipped/>
  </testcase> <!-- @BeforeMethod BM -->
  <testcase classname="genericUtility.BaseClass" name="@AfterMethod AM" time="-1.674903114164E9">
    <skipped/>
  </testcase> <!-- @AfterMethod AM -->
  <testcase classname="genericUtility.BaseClass" name="@BeforeMethod BM" time="-1.674903114164E9">
    <skipped/>
  </testcase> <!-- @BeforeMethod BM -->
  <testcase classname="genericUtility.BaseClass" name="@AfterMethod AM" time="-1.674903114165E9">
    <skipped/>
  </testcase> <!-- @AfterMethod AM -->
  <testcase classname="genericUtility.BaseClass" name="@BeforeMethod BM" time="-1.674903114165E9">
    <skipped/>
  </testcase> <!-- @BeforeMethod BM -->
  <testcase classname="genericUtility.BaseClass" name="@AfterMethod AM" time="-1.674903114166E9">
    <skipped/>
  </testcase> <!-- @AfterMethod AM -->
  <testcase classname="genericUtility.BaseClass" name="@BeforeMethod BM" time="-1.674903114166E9">
    <skipped/>
  </testcase> <!-- @BeforeMethod BM -->
  <testcase classname="genericUtility.BaseClass" name="@AfterMethod AM" time="-1.674903114168E9">
    <skipped/>
  </testcase> <!-- @AfterMethod AM -->
  <testcase classname="genericUtility.BaseClass" name="@BeforeMethod BM" time="-1.674903114168E9">
    <skipped/>
  </testcase> <!-- @BeforeMethod BM -->
  <testcase classname="genericUtility.BaseClass" name="@AfterMethod AM" time="-1.674903114169E9">
    <skipped/>
  </testcase> <!-- @AfterMethod AM -->
  <testcase classname="genericUtility.BaseClass" name="@BeforeMethod BM" time="-1.674903114169E9">
    <skipped/>
  </testcase> <!-- @BeforeMethod BM -->
  <testcase classname="genericUtility.BaseClass" name="@AfterMethod AM" time="-1.674903114169E9">
    <skipped/>
  </testcase> <!-- @AfterMethod AM -->
  <testcase classname="genericUtility.BaseClass" name="@BeforeMethod BM" time="-1.67490311417E9">
    <skipped/>
  </testcase> <!-- @BeforeMethod BM -->
  <testcase classname="genericUtility.BaseClass" name="@AfterMethod AM" time="-1.67490311417E9">
    <skipped/>
  </testcase> <!-- @AfterMethod AM -->
  <testcase classname="genericUtility.BaseClass" name="@BeforeMethod BM" time="-1.674903114171E9">
    <skipped/>
  </testcase> <!-- @BeforeMethod BM -->
  <testcase classname="genericUtility.BaseClass" name="@AfterMethod AM" time="-1.674903114171E9">
    <skipped/>
  </testcase> <!-- @AfterMethod AM -->
  <testcase classname="genericUtility.BaseClass" name="@BeforeMethod BM" time="-1.674903114171E9">
    <skipped/>
  </testcase> <!-- @BeforeMethod BM -->
  <testcase classname="genericUtility.BaseClass" name="@AfterMethod AM" time="-1.674903114174E9">
    <skipped/>
  </testcase> <!-- @AfterMethod AM -->
  <testcase classname="genericUtility.BaseClass" name="@BeforeMethod BM" time="-1.674903114174E9">
    <skipped/>
  </testcase> <!-- @BeforeMethod BM -->
  <testcase classname="genericUtility.BaseClass" name="@AfterMethod AM" time="-1.674903114174E9">
    <skipped/>
  </testcase> <!-- @AfterMethod AM -->
  <testcase classname="genericUtility.BaseClass" name="@BeforeMethod BM" time="-1.674903114174E9">
    <skipped/>
  </testcase> <!-- @BeforeMethod BM -->
  <testcase classname="genericUtility.BaseClass" name="@AfterMethod AM" time="-1.674903114176E9">
    <skipped/>
  </testcase> <!-- @AfterMethod AM -->
  <testcase classname="genericUtility.BaseClass" name="@BeforeMethod BM" time="-1.674903114176E9">
    <skipped/>
  </testcase> <!-- @BeforeMethod BM -->
  <testcase classname="genericUtility.BaseClass" name="@AfterMethod AM" time="-1.674903114176E9">
    <skipped/>
  </testcase> <!-- @AfterMethod AM -->
  <testcase classname="genericUtility.BaseClass" name="@BeforeMethod BM" time="-1.674903114176E9">
    <skipped/>
  </testcase> <!-- @BeforeMethod BM -->
  <testcase classname="genericUtility.BaseClass" name="@AfterMethod AM" time="-1.674903114176E9">
    <skipped/>
  </testcase> <!-- @AfterMethod AM -->
  <testcase classname="genericUtility.BaseClass" name="@BeforeMethod BM" time="-1.674903114176E9">
    <skipped/>
  </testcase> <!-- @BeforeMethod BM -->
  <testcase classname="genericUtility.BaseClass" name="@AfterMethod AM" time="-1.674903114176E9">
    <skipped/>
  </testcase> <!-- @AfterMethod AM -->
  <testcase classname="genericUtility.BaseClass" name="@BeforeMethod BM" time="-1.674903114176E9">
    <skipped/>
  </testcase> <!-- @BeforeMethod BM -->
  <testcase classname="genericUtility.BaseClass" name="@AfterMethod AM" time="-1.674903114176E9">
    <skipped/>
  </testcase> <!-- @AfterMethod AM -->
  <testcase classname="genericUtility.BaseClass" name="@BeforeMethod BM" time="-1.674903114176E9">
    <skipped/>
  </testcase> <!-- @BeforeMethod BM -->
  <testcase classname="genericUtility.BaseClass" name="@AfterMethod AM" time="-1.674903114181E9">
    <skipped/>
  </testcase> <!-- @AfterMethod AM -->
  <testcase classname="genericUtility.BaseClass" name="@BeforeMethod BM" time="-1.674903114181E9">
    <skipped/>
  </testcase> <!-- @BeforeMethod BM -->
  <testcase classname="genericUtility.BaseClass" name="@AfterMethod AM" time="-1.674903114181E9">
    <skipped/>
  </testcase> <!-- @AfterMethod AM -->
  <testcase classname="genericUtility.BaseClass" name="@BeforeMethod BM" time="-1.674903114181E9">
    <skipped/>
  </testcase> <!-- @BeforeMethod BM -->
  <testcase classname="genericUtility.BaseClass" name="@AfterMethod AM" time="-1.674903114181E9">
    <skipped/>
  </testcase> <!-- @AfterMethod AM -->
  <testcase classname="genericUtility.BaseClass" name="@BeforeMethod BM" time="-1.674903114181E9">
    <skipped/>
  </testcase> <!-- @BeforeMethod BM -->
  <testcase classname="genericUtility.BaseClass" name="@AfterMethod AM" time="-1.674903114184E9">
    <skipped/>
  </testcase> <!-- @AfterMethod AM -->
  <testcase classname="genericUtility.BaseClass" name="@BeforeMethod BM" time="-1.674903114184E9">
    <skipped/>
  </testcase> <!-- @BeforeMethod BM -->
  <testcase classname="genericUtility.BaseClass" name="@AfterMethod AM" time="-1.674903114184E9">
    <skipped/>
  </testcase> <!-- @AfterMethod AM -->
  <testcase classname="genericUtility.BaseClass" name="@BeforeMethod BM" time="-1.674903114184E9">
    <skipped/>
  </testcase> <!-- @BeforeMethod BM -->
  <testcase classname="genericUtility.BaseClass" name="@AfterMethod AM" time="-1.674903114186E9">
    <skipped/>
  </testcase> <!-- @AfterMethod AM -->
  <testcase classname="genericUtility.BaseClass" name="@BeforeMethod BM" time="-1.674903114186E9">
    <skipped/>
  </testcase> <!-- @BeforeMethod BM -->
  <testcase classname="genericUtility.BaseClass" name="@AfterMethod AM" time="-1.674903114186E9">
    <skipped/>
  </testcase> <!-- @AfterMethod AM -->
  <testcase classname="genericUtility.BaseClass" name="@BeforeMethod BM" time="-1.674903114186E9">
    <skipped/>
  </testcase> <!-- @BeforeMethod BM -->
  <testcase classname="genericUtility.BaseClass" name="@AfterMethod AM" time="-1.674903114188E9">
    <skipped/>
  </testcase> <!-- @AfterMethod AM -->
  <testcase classname="genericUtility.BaseClass" name="@BeforeMethod BM" time="-1.674903114188E9">
    <skipped/>
  </testcase> <!-- @BeforeMethod BM -->
  <testcase classname="genericUtility.BaseClass" name="@AfterMethod AM" time="-1.674903114188E9">
    <skipped/>
  </testcase> <!-- @AfterMethod AM -->
  <testcase classname="genericUtility.BaseClass" name="@BeforeMethod BM" time="-1.67490311419E9">
    <skipped/>
  </testcase> <!-- @BeforeMethod BM -->
  <testcase classname="genericUtility.BaseClass" name="@AfterMethod AM" time="-1.67490311419E9">
    <skipped/>
  </testcase> <!-- @AfterMethod AM -->
  <testcase classname="genericUtility.BaseClass" name="@BeforeMethod BM" time="-1.674903114191E9">
    <skipped/>
  </testcase> <!-- @BeforeMethod BM -->
  <testcase classname="genericUtility.BaseClass" name="@AfterMethod AM" time="-1.674903114191E9">
    <skipped/>
  </testcase> <!-- @AfterMethod AM -->
  <testcase classname="genericUtility.BaseClass" name="@BeforeMethod BM" time="-1.674903114191E9">
    <skipped/>
  </testcase> <!-- @BeforeMethod BM -->
  <testcase classname="genericUtility.BaseClass" name="@AfterMethod AM" time="-1.674903114191E9">
    <skipped/>
  </testcase> <!-- @AfterMethod AM -->
  <testcase classname="genericUtility.BaseClass" name="@BeforeMethod BM" time="-1.674903114191E9">
    <skipped/>
  </testcase> <!-- @BeforeMethod BM -->
  <testcase classname="genericUtility.BaseClass" name="@AfterMethod AM" time="-1.674903114191E9">
    <skipped/>
  </testcase> <!-- @AfterMethod AM -->
  <testcase classname="genericUtility.BaseClass" name="@BeforeMethod BM" time="-1.674903114191E9">
    <skipped/>
  </testcase> <!-- @BeforeMethod BM -->
  <testcase classname="genericUtility.BaseClass" name="@AfterMethod AM" time="-1.674903114191E9">
    <skipped/>
  </testcase> <!-- @AfterMethod AM -->
  <testcase classname="genericUtility.BaseClass" name="@BeforeMethod BM" time="-1.674903114191E9">
    <skipped/>
  </testcase> <!-- @BeforeMethod BM -->
  <testcase classname="genericUtility.BaseClass" name="@AfterMethod AM" time="-1.674903114191E9">
    <skipped/>
  </testcase> <!-- @AfterMethod AM -->
  <testcase classname="genericUtility.BaseClass" name="@BeforeMethod BM" time="-1.674903114191E9">
    <skipped/>
  </testcase> <!-- @BeforeMethod BM -->
  <testcase classname="genericUtility.BaseClass" name="@AfterMethod AM" time="-1.674903114191E9">
    <skipped/>
  </testcase> <!-- @AfterMethod AM -->
  <testcase classname="genericUtility.BaseClass" name="@BeforeMethod BM" time="-1.674903114191E9">
    <skipped/>
  </testcase> <!-- @BeforeMethod BM -->
  <testcase classname="genericUtility.BaseClass" name="@AfterMethod AM" time="-1.674903114196E9">
    <skipped/>
  </testcase> <!-- @AfterMethod AM -->
  <testcase classname="genericUtility.BaseClass" name="@BeforeMethod BM" time="-1.674903114196E9">
    <skipped/>
  </testcase> <!-- @BeforeMethod BM -->
  <testcase classname="genericUtility.BaseClass" name="@AfterMethod AM" time="-1.674903114196E9">
    <skipped/>
  </testcase> <!-- @AfterMethod AM -->
  <testcase classname="genericUtility.BaseClass" name="@BeforeMethod BM" time="-1.674903114196E9">
    <skipped/>
  </testcase> <!-- @BeforeMethod BM -->
  <testcase classname="genericUtility.BaseClass" name="@AfterMethod AM" time="-1.674903114196E9">
    <skipped/>
  </testcase> <!-- @AfterMethod AM -->
  <testcase classname="genericUtility.BaseClass" name="@BeforeMethod BM" time="-1.674903114196E9">
    <skipped/>
  </testcase> <!-- @BeforeMethod BM -->
  <testcase classname="genericUtility.BaseClass" name="@AfterMethod AM" time="-1.674903114199E9">
    <skipped/>
  </testcase> <!-- @AfterMethod AM -->
  <testcase classname="genericUtility.BaseClass" name="@BeforeMethod BM" time="-1.674903114199E9">
    <skipped/>
  </testcase> <!-- @BeforeMethod BM -->
  <testcase classname="genericUtility.BaseClass" name="@AfterMethod AM" time="-1.674903114199E9">
    <skipped/>
  </testcase> <!-- @AfterMethod AM -->
  <testcase classname="genericUtility.BaseClass" name="@BeforeMethod BM" time="-1.674903114199E9">
    <skipped/>
  </testcase> <!-- @BeforeMethod BM -->
  <testcase classname="genericUtility.BaseClass" name="@AfterMethod AM" time="-1.674903114201E9">
    <skipped/>
  </testcase> <!-- @AfterMethod AM -->
  <testcase classname="genericUtility.BaseClass" name="@BeforeMethod BM" time="-1.674903114201E9">
    <skipped/>
  </testcase> <!-- @BeforeMethod BM -->
  <testcase classname="genericUtility.BaseClass" name="@AfterMethod AM" time="-1.674903114203E9">
    <skipped/>
  </testcase> <!-- @AfterMethod AM -->
  <testcase classname="genericUtility.BaseClass" name="@BeforeMethod BM" time="-1.674903114203E9">
    <skipped/>
  </testcase> <!-- @BeforeMethod BM -->
  <testcase classname="genericUtility.BaseClass" name="@AfterMethod AM" time="-1.674903114203E9">
    <skipped/>
  </testcase> <!-- @AfterMethod AM -->
  <testcase classname="genericUtility.BaseClass" name="@BeforeMethod BM" time="-1.674903114203E9">
    <skipped/>
  </testcase> <!-- @BeforeMethod BM -->
  <testcase classname="genericUtility.BaseClass" name="@AfterMethod AM" time="-1.674903114203E9">
    <skipped/>
  </testcase> <!-- @AfterMethod AM -->
  <testcase classname="genericUtility.BaseClass" name="@BeforeMethod BM" time="-1.674903114203E9">
    <skipped/>
  </testcase> <!-- @BeforeMethod BM -->
  <testcase classname="genericUtility.BaseClass" name="@AfterMethod AM" time="-1.674903114205E9">
    <skipped/>
  </testcase> <!-- @AfterMethod AM -->
  <testcase classname="genericUtility.BaseClass" name="@BeforeMethod BM" time="-1.674903114205E9">
    <skipped/>
  </testcase> <!-- @BeforeMethod BM -->
  <testcase classname="genericUtility.BaseClass" name="@AfterMethod AM" time="-1.674903114206E9">
    <skipped/>
  </testcase> <!-- @AfterMethod AM -->
  <testcase classname="genericUtility.BaseClass" name="@BeforeMethod BM" time="-1.674903114206E9">
    <skipped/>
  </testcase> <!-- @BeforeMethod BM -->
  <testcase classname="genericUtility.BaseClass" name="@AfterMethod AM" time="-1.674903114206E9">
    <skipped/>
  </testcase> <!-- @AfterMethod AM -->
  <testcase classname="genericUtility.BaseClass" name="@BeforeMethod BM" time="-1.674903114206E9">
    <skipped/>
  </testcase> <!-- @BeforeMethod BM -->
  <testcase classname="genericUtility.BaseClass" name="@AfterMethod AM" time="-1.674903114206E9">
    <skipped/>
  </testcase> <!-- @AfterMethod AM -->
  <testcase classname="genericUtility.BaseClass" name="@BeforeMethod BM" time="-1.674903114206E9">
    <skipped/>
  </testcase> <!-- @BeforeMethod BM -->
  <testcase classname="genericUtility.BaseClass" name="@AfterMethod AM" time="-1.674903114209E9">
    <skipped/>
  </testcase> <!-- @AfterMethod AM -->
  <testcase classname="genericUtility.BaseClass" name="@BeforeMethod BM" time="-1.674903114209E9">
    <skipped/>
  </testcase> <!-- @BeforeMethod BM -->
  <testcase classname="genericUtility.BaseClass" name="@AfterMethod AM" time="-1.674903114209E9">
    <skipped/>
  </testcase> <!-- @AfterMethod AM -->
  <testcase classname="genericUtility.BaseClass" name="@BeforeMethod BM" time="-1.674903114209E9">
    <skipped/>
  </testcase> <!-- @BeforeMethod BM -->
  <testcase classname="genericUtility.BaseClass" name="@AfterMethod AM" time="-1.674903114212E9">
    <skipped/>
  </testcase> <!-- @AfterMethod AM -->
  <testcase classname="genericUtility.BaseClass" name="@BeforeMethod BM" time="-1.674903114212E9">
    <skipped/>
  </testcase> <!-- @BeforeMethod BM -->
  <testcase classname="genericUtility.BaseClass" name="@AfterMethod AM" time="-1.674903114212E9">
    <skipped/>
  </testcase> <!-- @AfterMethod AM -->
  <testcase classname="genericUtility.BaseClass" name="@BeforeMethod BM" time="-1.674903114212E9">
    <skipped/>
  </testcase> <!-- @BeforeMethod BM -->
  <testcase classname="genericUtility.BaseClass" name="@AfterMethod AM" time="-1.674903114213E9">
    <skipped/>
  </testcase> <!-- @AfterMethod AM -->
  <testcase classname="genericUtility.BaseClass" name="@BeforeMethod BM" time="-1.674903114213E9">
    <skipped/>
  </testcase> <!-- @BeforeMethod BM -->
  <testcase classname="genericUtility.BaseClass" name="@AfterMethod AM" time="-1.674903114213E9">
    <skipped/>
  </testcase> <!-- @AfterMethod AM -->
  <testcase classname="genericUtility.BaseClass" name="@BeforeMethod BM" time="-1.674903114214E9">
    <skipped/>
  </testcase> <!-- @BeforeMethod BM -->
  <testcase classname="genericUtility.BaseClass" name="@AfterMethod AM" time="-1.674903114214E9">
    <skipped/>
  </testcase> <!-- @AfterMethod AM -->
  <testcase classname="genericUtility.BaseClass" name="@BeforeMethod BM" time="-1.674903114214E9">
    <skipped/>
  </testcase> <!-- @BeforeMethod BM -->
  <testcase classname="genericUtility.BaseClass" name="@AfterMethod AM" time="-1.674903114214E9">
    <skipped/>
  </testcase> <!-- @AfterMethod AM -->
  <testcase classname="genericUtility.BaseClass" name="@BeforeMethod BM" time="-1.674903114214E9">
    <skipped/>
  </testcase> <!-- @BeforeMethod BM -->
  <testcase classname="genericUtility.BaseClass" name="@AfterMethod AM" time="-1.674903114214E9">
    <skipped/>
  </testcase> <!-- @AfterMethod AM -->
  <testcase classname="genericUtility.BaseClass" name="@BeforeMethod BM" time="-1.674903114214E9">
    <skipped/>
  </testcase> <!-- @BeforeMethod BM -->
  <testcase classname="genericUtility.BaseClass" name="@AfterMethod AM" time="-1.674903114214E9">
    <skipped/>
  </testcase> <!-- @AfterMethod AM -->
  <testcase classname="genericUtility.BaseClass" name="@BeforeMethod BM" time="-1.674903114214E9">
    <skipped/>
  </testcase> <!-- @BeforeMethod BM -->
  <testcase classname="genericUtility.BaseClass" name="@AfterMethod AM" time="-1.674903114214E9">
    <skipped/>
  </testcase> <!-- @AfterMethod AM -->
  <testcase classname="genericUtility.BaseClass" name="@BeforeMethod BM" time="-1.674903114214E9">
    <skipped/>
  </testcase> <!-- @BeforeMethod BM -->
  <testcase classname="genericUtility.BaseClass" name="@AfterMethod AM" time="-1.674903114214E9">
    <skipped/>
  </testcase> <!-- @AfterMethod AM -->
  <testcase classname="genericUtility.BaseClass" name="@BeforeMethod BM" time="-1.674903114214E9">
    <skipped/>
  </testcase> <!-- @BeforeMethod BM -->
  <testcase classname="genericUtility.BaseClass" name="@AfterMethod AM" time="-1.674903114214E9">
    <skipped/>
  </testcase> <!-- @AfterMethod AM -->
  <testcase classname="genericUtility.BaseClass" name="@BeforeMethod BM" time="-1.674903114214E9">
    <skipped/>
  </testcase> <!-- @BeforeMethod BM -->
  <testcase classname="genericUtility.BaseClass" name="@AfterMethod AM" time="-1.674903114214E9">
    <skipped/>
  </testcase> <!-- @AfterMethod AM -->
  <testcase classname="genericUtility.BaseClass" name="@BeforeMethod BM" time="-1.674903114221E9">
    <skipped/>
  </testcase> <!-- @BeforeMethod BM -->
  <testcase classname="genericUtility.BaseClass" name="@AfterMethod AM" time="-1.674903114221E9">
    <skipped/>
  </testcase> <!-- @AfterMethod AM -->
  <testcase classname="genericUtility.BaseClass" name="@BeforeMethod BM" time="-1.674903114221E9">
    <skipped/>
  </testcase> <!-- @BeforeMethod BM -->
  <testcase classname="genericUtility.BaseClass" name="@AfterMethod AM" time="-1.674903114221E9">
    <skipped/>
  </testcase> <!-- @AfterMethod AM -->
  <testcase classname="genericUtility.BaseClass" name="@BeforeMethod BM" time="-1.674903114221E9">
    <skipped/>
  </testcase> <!-- @BeforeMethod BM -->
  <testcase classname="genericUtility.BaseClass" name="@AfterMethod AM" time="-1.674903114221E9">
    <skipped/>
  </testcase> <!-- @AfterMethod AM -->
  <testcase classname="genericUtility.BaseClass" name="@BeforeMethod BM" time="-1.674903114221E9">
    <skipped/>
  </testcase> <!-- @BeforeMethod BM -->
  <testcase classname="genericUtility.BaseClass" name="@AfterMethod AM" time="-1.674903114221E9">
    <skipped/>
  </testcase> <!-- @AfterMethod AM -->
  <testcase classname="genericUtility.BaseClass" name="@BeforeMethod BM" time="-1.674903114221E9">
    <skipped/>
  </testcase> <!-- @BeforeMethod BM -->
  <testcase classname="genericUtility.BaseClass" name="@AfterMethod AM" time="-1.674903114225E9">
    <skipped/>
  </testcase> <!-- @AfterMethod AM -->
  <testcase classname="genericUtility.BaseClass" name="@BeforeMethod BM" time="-1.674903114225E9">
    <skipped/>
  </testcase> <!-- @BeforeMethod BM -->
  <testcase classname="genericUtility.BaseClass" name="@AfterMethod AM" time="-1.674903114225E9">
    <skipped/>
  </testcase> <!-- @AfterMethod AM -->
  <testcase classname="genericUtility.BaseClass" name="@BeforeMethod BM" time="-1.674903114225E9">
    <skipped/>
  </testcase> <!-- @BeforeMethod BM -->
  <testcase classname="genericUtility.BaseClass" name="@AfterMethod AM" time="-1.674903114225E9">
    <skipped/>
  </testcase> <!-- @AfterMethod AM -->
  <testcase classname="genericUtility.BaseClass" name="@BeforeMethod BM" time="-1.674903114225E9">
    <skipped/>
  </testcase> <!-- @BeforeMethod BM -->
  <testcase classname="genericUtility.BaseClass" name="@AfterMethod AM" time="-1.674903114225E9">
    <skipped/>
  </testcase> <!-- @AfterMethod AM -->
  <testcase classname="genericUtility.BaseClass" name="@BeforeMethod BM" time="-1.674903114225E9">
    <skipped/>
  </testcase> <!-- @BeforeMethod BM -->
  <testcase classname="genericUtility.BaseClass" name="@AfterMethod AM" time="-1.674903114225E9">
    <skipped/>
  </testcase> <!-- @AfterMethod AM -->
  <testcase classname="genericUtility.BaseClass" name="@BeforeMethod BM" time="-1.674903114225E9">
    <skipped/>
  </testcase> <!-- @BeforeMethod BM -->
  <testcase classname="genericUtility.BaseClass" name="@AfterMethod AM" time="-1.674903114225E9">
    <skipped/>
  </testcase> <!-- @AfterMethod AM -->
  <testcase classname="genericUtility.BaseClass" name="@BeforeMethod BM" time="-1.674903114225E9">
    <skipped/>
  </testcase> <!-- @BeforeMethod BM -->
  <testcase classname="genericUtility.BaseClass" name="@AfterMethod AM" time="-1.674903114225E9">
    <skipped/>
  </testcase> <!-- @AfterMethod AM -->
  <testcase classname="genericUtility.BaseClass" name="@BeforeMethod BM" time="-1.674903114225E9">
    <skipped/>
  </testcase> <!-- @BeforeMethod BM -->
  <testcase classname="genericUtility.BaseClass" name="@AfterMethod AM" time="-1.674903114225E9">
    <skipped/>
  </testcase> <!-- @AfterMethod AM -->
  <testcase classname="genericUtility.BaseClass" name="@BeforeMethod BM" time="-1.674903114225E9">
    <skipped/>
  </testcase> <!-- @BeforeMethod BM -->
  <testcase classname="genericUtility.BaseClass" name="@AfterMethod AM" time="-1.674903114225E9">
    <skipped/>
  </testcase> <!-- @AfterMethod AM -->
  <testcase classname="genericUtility.BaseClass" name="@BeforeMethod BM" time="-1.674903114225E9">
    <skipped/>
  </testcase> <!-- @BeforeMethod BM -->
  <testcase classname="genericUtility.BaseClass" name="@AfterMethod AM" time="-1.674903114225E9">
    <skipped/>
  </testcase> <!-- @AfterMethod AM -->
  <testcase classname="genericUtility.BaseClass" name="@BeforeMethod BM" time="-1.674903114225E9">
    <skipped/>
  </testcase> <!-- @BeforeMethod BM -->
  <testcase classname="genericUtility.BaseClass" name="@AfterMethod AM" time="-1.674903114225E9">
    <skipped/>
  </testcase> <!-- @AfterMethod AM -->
  <testcase classname="genericUtility.BaseClass" name="@BeforeMethod BM" time="-1.674903114225E9">
    <skipped/>
  </testcase> <!-- @BeforeMethod BM -->
  <testcase classname="genericUtility.BaseClass" name="@AfterMethod AM" time="-1.674903114225E9">
    <skipped/>
  </testcase> <!-- @AfterMethod AM -->
  <testcase classname="genericUtility.BaseClass" name="@BeforeMethod BM" time="-1.674903114225E9">
    <skipped/>
  </testcase> <!-- @BeforeMethod BM -->
  <testcase classname="genericUtility.BaseClass" name="@AfterMethod AM" time="-1.674903114225E9">
    <skipped/>
  </testcase> <!-- @AfterMethod AM -->
  <testcase classname="genericUtility.BaseClass" name="@BeforeMethod BM" time="-1.674903114225E9">
    <skipped/>
  </testcase> <!-- @BeforeMethod BM -->
  <testcase classname="genericUtility.BaseClass" name="@AfterMethod AM" time="-1.674903114225E9">
    <skipped/>
  </testcase> <!-- @AfterMethod AM -->
  <testcase classname="genericUtility.BaseClass" name="@BeforeMethod BM" time="-1.674903114225E9">
    <skipped/>
  </testcase> <!-- @BeforeMethod BM -->
  <testcase classname="genericUtility.BaseClass" name="@AfterMethod AM" time="-1.674903114237E9">
    <skipped/>
  </testcase> <!-- @AfterMethod AM -->
  <testcase classname="genericUtility.BaseClass" name="@BeforeMethod BM" time="-1.674903114237E9">
    <skipped/>
  </testcase> <!-- @BeforeMethod BM -->
  <testcase classname="genericUtility.BaseClass" name="@AfterMethod AM" time="-1.674903114238E9">
    <skipped/>
  </testcase> <!-- @AfterMethod AM -->
  <testcase classname="genericUtility.BaseClass" name="@BeforeMethod BM" time="-1.674903114239E9">
    <skipped/>
  </testcase> <!-- @BeforeMethod BM -->
  <testcase classname="genericUtility.BaseClass" name="@AfterMethod AM" time="-1.674903114239E9">
    <skipped/>
  </testcase> <!-- @AfterMethod AM -->
  <testcase classname="genericUtility.BaseClass" name="@BeforeMethod BM" time="-1.674903114239E9">
    <skipped/>
  </testcase> <!-- @BeforeMethod BM -->
  <testcase classname="genericUtility.BaseClass" name="@AfterMethod AM" time="-1.67490311424E9">
    <skipped/>
  </testcase> <!-- @AfterMethod AM -->
  <testcase classname="genericUtility.BaseClass" name="@BeforeMethod BM" time="-1.67490311424E9">
    <skipped/>
  </testcase> <!-- @BeforeMethod BM -->
  <testcase classname="genericUtility.BaseClass" name="@AfterMethod AM" time="-1.674903114241E9">
    <skipped/>
  </testcase> <!-- @AfterMethod AM -->
  <testcase classname="genericUtility.BaseClass" name="@BeforeMethod BM" time="-1.674903114241E9">
    <skipped/>
  </testcase> <!-- @BeforeMethod BM -->
  <testcase classname="genericUtility.BaseClass" name="@AfterMethod AM" time="-1.674903114242E9">
    <skipped/>
  </testcase> <!-- @AfterMethod AM -->
  <testcase classname="genericUtility.BaseClass" name="@BeforeMethod BM" time="-1.674903114242E9">
    <skipped/>
  </testcase> <!-- @BeforeMethod BM -->
  <testcase classname="genericUtility.BaseClass" name="@AfterMethod AM" time="-1.674903114243E9">
    <skipped/>
  </testcase> <!-- @AfterMethod AM -->
  <testcase classname="genericUtility.BaseClass" name="@BeforeMethod BM" time="-1.674903114243E9">
    <skipped/>
  </testcase> <!-- @BeforeMethod BM -->
  <testcase classname="genericUtility.BaseClass" name="@AfterMethod AM" time="-1.674903114244E9">
    <skipped/>
  </testcase> <!-- @AfterMethod AM -->
  <testcase classname="genericUtility.BaseClass" name="@BeforeMethod BM" time="-1.674903114244E9">
    <skipped/>
  </testcase> <!-- @BeforeMethod BM -->
  <testcase classname="genericUtility.BaseClass" name="@AfterMethod AM" time="-1.674903114245E9">
    <skipped/>
  </testcase> <!-- @AfterMethod AM -->
  <testcase classname="genericUtility.BaseClass" name="@BeforeMethod BM" time="-1.674903114245E9">
    <skipped/>
  </testcase> <!-- @BeforeMethod BM -->
  <testcase classname="genericUtility.BaseClass" name="@AfterMethod AM" time="-1.674903114246E9">
    <skipped/>
  </testcase> <!-- @AfterMethod AM -->
  <testcase classname="genericUtility.BaseClass" name="@BeforeMethod BM" time="-1.674903114247E9">
    <skipped/>
  </testcase> <!-- @BeforeMethod BM -->
  <testcase classname="genericUtility.BaseClass" name="@AfterMethod AM" time="-1.674903114247E9">
    <skipped/>
  </testcase> <!-- @AfterMethod AM -->
  <testcase classname="genericUtility.BaseClass" name="@BeforeMethod BM" time="-1.674903114247E9">
    <skipped/>
  </testcase> <!-- @BeforeMethod BM -->
  <testcase classname="genericUtility.BaseClass" name="@AfterMethod AM" time="-1.674903114248E9">
    <skipped/>
  </testcase> <!-- @AfterMethod AM -->
  <testcase classname="genericUtility.BaseClass" name="@BeforeMethod BM" time="-1.674903114248E9">
    <skipped/>
  </testcase> <!-- @BeforeMethod BM -->
  <testcase classname="genericUtility.BaseClass" name="@AfterMethod AM" time="-1.674903114248E9">
    <skipped/>
  </testcase> <!-- @AfterMethod AM -->
  <testcase classname="genericUtility.BaseClass" name="@BeforeMethod BM" time="-1.67490311425E9">
    <skipped/>
  </testcase> <!-- @BeforeMethod BM -->
  <testcase classname="genericUtility.BaseClass" name="@AfterMethod AM" time="-1.67490311425E9">
    <skipped/>
  </testcase> <!-- @AfterMethod AM -->
  <testcase classname="genericUtility.BaseClass" name="@BeforeMethod BM" time="-1.674903114251E9">
    <skipped/>
  </testcase> <!-- @BeforeMethod BM -->
  <testcase classname="genericUtility.BaseClass" name="@AfterMethod AM" time="-1.674903114251E9">
    <skipped/>
  </testcase> <!-- @AfterMethod AM -->
  <testcase classname="genericUtility.BaseClass" name="@BeforeMethod BM" time="-1.674903114251E9">
    <skipped/>
  </testcase> <!-- @BeforeMethod BM -->
  <testcase classname="genericUtility.BaseClass" name="@AfterMethod AM" time="-1.674903114251E9">
    <skipped/>
  </testcase> <!-- @AfterMethod AM -->
  <testcase classname="genericUtility.BaseClass" name="@BeforeMethod BM" time="-1.674903114251E9">
    <skipped/>
  </testcase> <!-- @BeforeMethod BM -->
  <testcase classname="genericUtility.BaseClass" name="@AfterMethod AM" time="-1.674903114251E9">
    <skipped/>
  </testcase> <!-- @AfterMethod AM -->
  <testcase classname="genericUtility.BaseClass" name="@BeforeMethod BM" time="-1.674903114251E9">
    <skipped/>
  </testcase> <!-- @BeforeMethod BM -->
  <testcase classname="genericUtility.BaseClass" name="@AfterMethod AM" time="-1.674903114251E9">
    <skipped/>
  </testcase> <!-- @AfterMethod AM -->
  <testcase classname="genericUtility.BaseClass" name="@AfterClass AC" time="-1.674903114251E9">
    <skipped/>
  </testcase> <!-- @AfterClass AC -->
  <testcase classname="admin.uat.battlexo.com.CreateModeratorTest" name="createModeratorPage" time="3.15"/>
  <testcase classname="admin.uat.battlexo.com.CreateModeratorTest" name="createModeratorPage" time="3.221"/>
  <testcase classname="admin.uat.battlexo.com.CreateModeratorTest" name="createModeratorPage" time="3.573"/>
  <testcase classname="admin.uat.battlexo.com.CreateModeratorTest" name="createModeratorPage" time="3.272"/>
  <testcase classname="admin.uat.battlexo.com.CreateModeratorTest" name="createModeratorPage" time="3.551"/>
  <testcase classname="admin.uat.battlexo.com.CreateModeratorTest" name="createModeratorPage" time="2.844"/>
  <testcase classname="admin.uat.battlexo.com.CreateModeratorTest" name="createModeratorPage" time="2.856"/>
  <testcase classname="admin.uat.battlexo.com.CreateModeratorTest" name="createModeratorPage" time="2.819"/>
  <testcase classname="admin.uat.battlexo.com.CreateModeratorTest" name="createModeratorPage" time="2.841"/>
  <testcase classname="admin.uat.battlexo.com.CreateModeratorTest" name="createModeratorPage" time="2.784"/>
  <testcase classname="admin.uat.battlexo.com.CreateModeratorTest" name="createModeratorPage" time="2.951"/>
  <testcase classname="admin.uat.battlexo.com.CreateModeratorTest" name="createModeratorPage" time="3.446"/>
  <testcase classname="admin.uat.battlexo.com.CreateModeratorTest" name="createModeratorPage" time="2.83"/>
  <testcase classname="admin.uat.battlexo.com.CreateModeratorTest" name="createModeratorPage" time="2.765"/>
  <testcase classname="admin.uat.battlexo.com.CreateModeratorTest" name="createModeratorPage" time="2.882"/>
  <testcase classname="admin.uat.battlexo.com.CreateModeratorTest" name="createModeratorPage" time="2.758"/>
  <testcase classname="admin.uat.battlexo.com.CreateModeratorTest" name="createModeratorPage" time="2.854"/>
  <testcase classname="admin.uat.battlexo.com.CreateModeratorTest" name="createModeratorPage" time="2.795"/>
  <testcase classname="admin.uat.battlexo.com.CreateModeratorTest" name="createModeratorPage" time="2.862"/>
  <testcase classname="admin.uat.battlexo.com.CreateModeratorTest" name="createModeratorPage" time="3.129"/>
  <testcase classname="admin.uat.battlexo.com.CreateModeratorTest" name="createModeratorPage" time="2.954"/>
  <testcase classname="admin.uat.battlexo.com.CreateModeratorTest" name="createModeratorPage" time="2.838"/>
  <testcase classname="admin.uat.battlexo.com.CreateModeratorTest" name="createModeratorPage" time="2.833"/>
  <testcase classname="admin.uat.battlexo.com.CreateModeratorTest" name="createModeratorPage" time="2.922"/>
  <testcase classname="admin.uat.battlexo.com.CreateModeratorTest" name="createModeratorPage" time="2.889"/>
  <testcase classname="admin.uat.battlexo.com.CreateModeratorTest" name="createModeratorPage" time="2.89"/>
  <testcase classname="admin.uat.battlexo.com.CreateModeratorTest" name="createModeratorPage" time="2.898"/>
  <testcase classname="admin.uat.battlexo.com.CreateModeratorTest" name="createModeratorPage" time="2.89"/>
  <testcase classname="admin.uat.battlexo.com.CreateModeratorTest" name="createModeratorPage" time="3.326"/>
  <testcase classname="admin.uat.battlexo.com.CreateModeratorTest" name="createModeratorPage" time="2.955"/>
  <testcase classname="admin.uat.battlexo.com.CreateModeratorTest" name="createModeratorPage" time="2.777"/>
  <testcase classname="admin.uat.battlexo.com.CreateModeratorTest" name="createModeratorPage" time="2.897"/>
  <testcase classname="admin.uat.battlexo.com.CreateModeratorTest" name="createModeratorPage" time="2.87"/>
  <testcase classname="admin.uat.battlexo.com.CreateModeratorTest" name="createModeratorPage" time="2.702"/>
  <testcase classname="admin.uat.battlexo.com.CreateModeratorTest" name="createModeratorPage" time="2.932"/>
  <testcase classname="admin.uat.battlexo.com.CreateModeratorTest" name="createModeratorPage" time="2.943"/>
  <testcase classname="admin.uat.battlexo.com.CreateModeratorTest" name="createModeratorPage" time="3.047"/>
  <testcase classname="admin.uat.battlexo.com.CreateModeratorTest" name="createModeratorPage" time="2.885"/>
  <testcase classname="admin.uat.battlexo.com.CreateModeratorTest" name="createModeratorPage" time="2.932"/>
  <testcase classname="admin.uat.battlexo.com.CreateModeratorTest" name="createModeratorPage" time="2.967"/>
  <testcase classname="admin.uat.battlexo.com.CreateModeratorTest" name="createModeratorPage" time="2.861"/>
  <testcase classname="admin.uat.battlexo.com.CreateModeratorTest" name="createModeratorPage" time="2.982"/>
  <testcase classname="admin.uat.battlexo.com.CreateModeratorTest" name="createModeratorPage" time="3.217"/>
  <testcase classname="admin.uat.battlexo.com.CreateModeratorTest" name="createModeratorPage" time="3.04"/>
  <testcase classname="admin.uat.battlexo.com.CreateModeratorTest" name="createModeratorPage" time="2.93"/>
  <testcase classname="admin.uat.battlexo.com.CreateModeratorTest" name="createModeratorPage" time="2.971"/>
  <testcase classname="admin.uat.battlexo.com.CreateModeratorTest" name="createModeratorPage" time="3.298"/>
  <testcase classname="admin.uat.battlexo.com.CreateModeratorTest" name="createModeratorPage" time="2.843"/>
  <testcase classname="admin.uat.battlexo.com.CreateModeratorTest" name="createModeratorPage" time="2.911"/>
  <testcase classname="admin.uat.battlexo.com.CreateModeratorTest" name="createModeratorPage" time="2.807"/>
  <testcase classname="admin.uat.battlexo.com.CreateModeratorTest" name="createModeratorPage" time="2.861"/>
  <testcase classname="admin.uat.battlexo.com.CreateModeratorTest" name="createModeratorPage" time="2.906"/>
  <testcase classname="admin.uat.battlexo.com.CreateModeratorTest" name="createModeratorPage" time="3.137"/>
  <testcase classname="admin.uat.battlexo.com.CreateModeratorTest" name="createModeratorPage" time="2.868"/>
  <testcase classname="admin.uat.battlexo.com.CreateModeratorTest" name="createModeratorPage" time="2.828"/>
  <testcase classname="admin.uat.battlexo.com.CreateModeratorTest" name="createModeratorPage" time="2.911"/>
  <testcase classname="admin.uat.battlexo.com.CreateModeratorTest" name="createModeratorPage" time="2.83"/>
  <testcase classname="admin.uat.battlexo.com.CreateModeratorTest" name="createModeratorPage" time="2.839"/>
  <testcase classname="admin.uat.battlexo.com.CreateModeratorTest" name="createModeratorPage" time="2.697"/>
  <testcase classname="admin.uat.battlexo.com.CreateModeratorTest" name="createModeratorPage" time="3.119"/>
  <testcase classname="admin.uat.battlexo.com.CreateModeratorTest" name="createModeratorPage" time="3.049"/>
  <testcase classname="admin.uat.battlexo.com.CreateModeratorTest" name="createModeratorPage" time="2.767"/>
  <testcase classname="admin.uat.battlexo.com.CreateModeratorTest" name="createModeratorPage" time="2.801"/>
  <testcase classname="admin.uat.battlexo.com.CreateModeratorTest" name="createModeratorPage" time="2.896"/>
  <testcase classname="admin.uat.battlexo.com.CreateModeratorTest" name="createModeratorPage" time="2.936"/>
  <testcase classname="admin.uat.battlexo.com.CreateModeratorTest" name="createModeratorPage" time="2.836"/>
  <testcase classname="admin.uat.battlexo.com.CreateModeratorTest" name="createModeratorPage" time="2.828"/>
  <testcase classname="admin.uat.battlexo.com.CreateModeratorTest" name="createModeratorPage" time="2.776"/>
  <testcase classname="admin.uat.battlexo.com.CreateModeratorTest" name="createModeratorPage" time="2.846"/>
  <testcase classname="admin.uat.battlexo.com.CreateModeratorTest" name="createModeratorPage" time="2.819"/>
  <testcase classname="admin.uat.battlexo.com.CreateModeratorTest" name="createModeratorPage" time="2.848"/>
  <testcase classname="admin.uat.battlexo.com.CreateModeratorTest" name="createModeratorPage" time="2.772"/>
  <testcase classname="admin.uat.battlexo.com.CreateModeratorTest" name="createModeratorPage" time="2.761"/>
  <testcase classname="admin.uat.battlexo.com.CreateModeratorTest" name="createModeratorPage" time="2.828"/>
  <testcase classname="admin.uat.battlexo.com.CreateModeratorTest" name="createModeratorPage" time="2.858"/>
  <testcase classname="admin.uat.battlexo.com.CreateModeratorTest" name="createModeratorPage" time="2.805"/>
  <testcase classname="admin.uat.battlexo.com.CreateModeratorTest" name="createModeratorPage" time="3.232"/>
  <testcase classname="admin.uat.battlexo.com.CreateModeratorTest" name="createModeratorPage" time="2.78"/>
  <testcase classname="admin.uat.battlexo.com.CreateModeratorTest" name="createModeratorPage" time="2.778"/>
  <testcase classname="admin.uat.battlexo.com.CreateModeratorTest" name="createModeratorPage" time="2.855"/>
  <testcase classname="admin.uat.battlexo.com.CreateModeratorTest" name="createModeratorPage" time="2.805"/>
  <testcase classname="admin.uat.battlexo.com.CreateModeratorTest" name="createModeratorPage" time="2.728"/>
  <testcase classname="admin.uat.battlexo.com.CreateModeratorTest" name="createModeratorPage" time="2.73"/>
  <testcase classname="admin.uat.battlexo.com.CreateModeratorTest" name="createModeratorPage" time="2.776"/>
  <testcase classname="admin.uat.battlexo.com.CreateModeratorTest" name="createModeratorPage" time="2.789"/>
  <testcase classname="admin.uat.battlexo.com.CreateModeratorTest" name="createModeratorPage" time="2.872"/>
  <testcase classname="admin.uat.battlexo.com.CreateModeratorTest" name="createModeratorPage" time="2.956"/>
  <testcase classname="admin.uat.battlexo.com.CreateModeratorTest" name="createModeratorPage" time="2.891"/>
  <testcase classname="admin.uat.battlexo.com.CreateModeratorTest" name="createModeratorPage" time="2.822"/>
  <testcase classname="admin.uat.battlexo.com.CreateModeratorTest" name="createModeratorPage" time="3.267"/>
  <testcase classname="admin.uat.battlexo.com.CreateModeratorTest" name="createModeratorPage" time="2.83"/>
  <testcase classname="admin.uat.battlexo.com.CreateModeratorTest" name="createModeratorPage" time="2.857"/>
  <testcase classname="admin.uat.battlexo.com.CreateModeratorTest" name="createModeratorPage" time="2.848"/>
  <testcase classname="admin.uat.battlexo.com.CreateModeratorTest" name="createModeratorPage" time="2.824"/>
  <testcase classname="admin.uat.battlexo.com.CreateModeratorTest" name="createModeratorPage" time="2.81"/>
  <testcase classname="admin.uat.battlexo.com.CreateModeratorTest" name="createModeratorPage" time="2.757"/>
  <testcase classname="admin.uat.battlexo.com.CreateModeratorTest" name="createModeratorPage" time="2.88"/>
  <testcase classname="admin.uat.battlexo.com.CreateModeratorTest" name="createModeratorPage" time="2.799"/>
  <testcase classname="admin.uat.battlexo.com.CreateModeratorTest" name="createModeratorPage" time="2.777"/>
  <testcase classname="admin.uat.battlexo.com.CreateModeratorTest" name="createModeratorPage" time="2.957"/>
  <testcase classname="admin.uat.battlexo.com.CreateModeratorTest" name="createModeratorPage" time="2.809"/>
  <testcase classname="admin.uat.battlexo.com.CreateModeratorTest" name="createModeratorPage" time="2.831"/>
  <testcase classname="admin.uat.battlexo.com.CreateModeratorTest" name="createModeratorPage" time="2.889"/>
  <testcase classname="admin.uat.battlexo.com.CreateModeratorTest" name="createModeratorPage" time="3.101"/>
  <testcase classname="admin.uat.battlexo.com.CreateModeratorTest" name="createModeratorPage" time="2.849"/>
  <testcase classname="admin.uat.battlexo.com.CreateModeratorTest" name="createModeratorPage" time="2.836"/>
  <testcase classname="admin.uat.battlexo.com.CreateModeratorTest" name="createModeratorPage" time="2.768"/>
  <testcase classname="admin.uat.battlexo.com.CreateModeratorTest" name="createModeratorPage" time="2.831"/>
  <testcase classname="admin.uat.battlexo.com.CreateModeratorTest" name="createModeratorPage" time="2.919"/>
  <testcase classname="admin.uat.battlexo.com.CreateModeratorTest" name="createModeratorPage" time="2.896"/>
  <testcase classname="admin.uat.battlexo.com.CreateModeratorTest" name="createModeratorPage" time="2.792"/>
  <testcase classname="admin.uat.battlexo.com.CreateModeratorTest" name="createModeratorPage" time="2.826"/>
  <testcase classname="admin.uat.battlexo.com.CreateModeratorTest" name="createModeratorPage" time="2.764"/>
  <testcase classname="admin.uat.battlexo.com.CreateModeratorTest" name="createModeratorPage" time="2.828"/>
  <testcase classname="admin.uat.battlexo.com.CreateModeratorTest" name="createModeratorPage" time="2.885"/>
  <testcase classname="admin.uat.battlexo.com.CreateModeratorTest" name="createModeratorPage" time="3.275"/>
  <testcase classname="admin.uat.battlexo.com.CreateModeratorTest" name="createModeratorPage" time="2.719"/>
  <testcase classname="admin.uat.battlexo.com.CreateModeratorTest" name="createModeratorPage" time="3.382"/>
  <testcase classname="admin.uat.battlexo.com.CreateModeratorTest" name="createModeratorPage" time="2.788"/>
  <testcase classname="admin.uat.battlexo.com.CreateModeratorTest" name="createModeratorPage" time="2.884"/>
  <testcase classname="admin.uat.battlexo.com.CreateModeratorTest" name="createModeratorPage" time="2.822"/>
  <testcase classname="admin.uat.battlexo.com.CreateModeratorTest" name="createModeratorPage" time="2.866"/>
  <testcase classname="admin.uat.battlexo.com.CreateModeratorTest" name="createModeratorPage" time="2.869"/>
  <testcase classname="admin.uat.battlexo.com.CreateModeratorTest" name="createModeratorPage" time="3.029"/>
  <testcase classname="admin.uat.battlexo.com.CreateModeratorTest" name="createModeratorPage" time="2.861"/>
  <testcase classname="admin.uat.battlexo.com.CreateModeratorTest" name="createModeratorPage" time="2.878"/>
  <testcase classname="admin.uat.battlexo.com.CreateModeratorTest" name="createModeratorPage" time="2.809"/>
  <testcase classname="admin.uat.battlexo.com.CreateModeratorTest" name="createModeratorPage" time="2.786"/>
  <testcase classname="admin.uat.battlexo.com.CreateModeratorTest" name="createModeratorPage" time="3.185"/>
  <testcase classname="admin.uat.battlexo.com.CreateModeratorTest" name="createModeratorPage" time="2.873"/>
  <testcase classname="admin.uat.battlexo.com.CreateModeratorTest" name="createModeratorPage" time="2.675"/>
  <testcase classname="admin.uat.battlexo.com.CreateModeratorTest" name="createModeratorPage" time="2.843"/>
  <testcase classname="admin.uat.battlexo.com.CreateModeratorTest" name="createModeratorPage" time="2.973"/>
  <testcase classname="admin.uat.battlexo.com.CreateModeratorTest" name="createModeratorPage" time="2.768"/>
  <testcase classname="admin.uat.battlexo.com.CreateModeratorTest" name="createModeratorPage" time="3.876"/>
  <testcase classname="admin.uat.battlexo.com.CreateModeratorTest" name="createModeratorPage" time="2.821"/>
  <testcase classname="admin.uat.battlexo.com.CreateModeratorTest" name="createModeratorPage" time="2.855"/>
  <testcase classname="admin.uat.battlexo.com.CreateModeratorTest" name="createModeratorPage" time="2.629"/>
  <testcase classname="admin.uat.battlexo.com.CreateModeratorTest" name="createModeratorPage" time="2.846"/>
  <testcase classname="admin.uat.battlexo.com.CreateModeratorTest" name="createModeratorPage" time="2.852"/>
  <testcase classname="admin.uat.battlexo.com.CreateModeratorTest" name="createModeratorPage" time="2.948"/>
  <testcase classname="admin.uat.battlexo.com.CreateModeratorTest" name="createModeratorPage" time="2.753"/>
  <testcase classname="admin.uat.battlexo.com.CreateModeratorTest" name="createModeratorPage" time="2.831"/>
  <testcase classname="admin.uat.battlexo.com.CreateModeratorTest" name="createModeratorPage" time="2.92"/>
  <testcase classname="admin.uat.battlexo.com.CreateModeratorTest" name="createModeratorPage" time="2.803"/>
  <testcase classname="admin.uat.battlexo.com.CreateModeratorTest" name="createModeratorPage" time="2.887"/>
  <testcase classname="admin.uat.battlexo.com.CreateModeratorTest" name="createModeratorPage" time="2.856"/>
  <testcase classname="admin.uat.battlexo.com.CreateModeratorTest" name="createModeratorPage" time="3.128"/>
  <testcase classname="admin.uat.battlexo.com.CreateModeratorTest" name="createModeratorPage" time="2.816"/>
  <testcase classname="admin.uat.battlexo.com.CreateModeratorTest" name="createModeratorPage" time="2.826"/>
  <testcase classname="admin.uat.battlexo.com.CreateModeratorTest" name="createModeratorPage" time="2.866"/>
  <testcase classname="admin.uat.battlexo.com.CreateModeratorTest" name="createModeratorPage" time="2.834"/>
  <testcase classname="admin.uat.battlexo.com.CreateModeratorTest" name="createModeratorPage" time="2.913"/>
  <testcase classname="admin.uat.battlexo.com.CreateModeratorTest" name="createModeratorPage" time="2.84"/>
  <testcase classname="admin.uat.battlexo.com.CreateModeratorTest" name="createModeratorPage" time="2.815"/>
  <testcase classname="admin.uat.battlexo.com.CreateModeratorTest" name="createModeratorPage" time="2.8"/>
  <testcase classname="admin.uat.battlexo.com.CreateModeratorTest" name="createModeratorPage" time="2.824"/>
  <testcase classname="admin.uat.battlexo.com.CreateModeratorTest" name="createModeratorPage" time="3.38"/>
  <testcase classname="admin.uat.battlexo.com.CreateModeratorTest" name="createModeratorPage" time="2.804"/>
  <testcase classname="admin.uat.battlexo.com.CreateModeratorTest" name="createModeratorPage" time="2.79"/>
  <testcase classname="admin.uat.battlexo.com.CreateModeratorTest" name="createModeratorPage" time="2.826"/>
  <testcase classname="admin.uat.battlexo.com.CreateModeratorTest" name="createModeratorPage" time="2.794"/>
  <testcase classname="admin.uat.battlexo.com.CreateModeratorTest" name="createModeratorPage" time="2.835"/>
  <testcase classname="admin.uat.battlexo.com.CreateModeratorTest" name="createModeratorPage" time="2.785"/>
  <testcase classname="admin.uat.battlexo.com.CreateModeratorTest" name="createModeratorPage" time="2.922"/>
  <testcase classname="admin.uat.battlexo.com.CreateModeratorTest" name="createModeratorPage" time="2.844"/>
  <testcase classname="admin.uat.battlexo.com.CreateModeratorTest" name="createModeratorPage" time="2.822"/>
  <testcase classname="admin.uat.battlexo.com.CreateModeratorTest" name="createModeratorPage" time="3.093"/>
  <testcase classname="admin.uat.battlexo.com.CreateModeratorTest" name="createModeratorPage" time="2.864"/>
  <testcase classname="admin.uat.battlexo.com.CreateModeratorTest" name="createModeratorPage" time="2.859"/>
  <testcase classname="admin.uat.battlexo.com.CreateModeratorTest" name="createModeratorPage" time="2.928"/>
  <testcase classname="admin.uat.battlexo.com.CreateModeratorTest" name="createModeratorPage" time="2.826"/>
  <testcase classname="admin.uat.battlexo.com.CreateModeratorTest" name="createModeratorPage" time="2.88"/>
  <testcase classname="admin.uat.battlexo.com.CreateModeratorTest" name="createModeratorPage" time="2.845"/>
  <testcase classname="admin.uat.battlexo.com.CreateModeratorTest" name="createModeratorPage" time="2.843"/>
  <testcase classname="admin.uat.battlexo.com.CreateModeratorTest" name="createModeratorPage" time="2.814"/>
  <testcase classname="admin.uat.battlexo.com.CreateModeratorTest" name="createModeratorPage" time="2.869"/>
  <testcase classname="admin.uat.battlexo.com.CreateModeratorTest" name="createModeratorPage" time="3.135"/>
  <testcase classname="admin.uat.battlexo.com.CreateModeratorTest" name="createModeratorPage" time="2.918"/>
  <testcase classname="admin.uat.battlexo.com.CreateModeratorTest" name="createModeratorPage" time="2.818"/>
  <testcase classname="admin.uat.battlexo.com.CreateModeratorTest" name="createModeratorPage" time="2.803"/>
  <testcase classname="admin.uat.battlexo.com.CreateModeratorTest" name="createModeratorPage" time="2.76"/>
  <testcase classname="admin.uat.battlexo.com.CreateModeratorTest" name="createModeratorPage" time="2.819"/>
  <testcase classname="admin.uat.battlexo.com.CreateModeratorTest" name="createModeratorPage" time="2.87"/>
  <testcase classname="admin.uat.battlexo.com.CreateModeratorTest" name="createModeratorPage" time="3.127"/>
  <testcase classname="admin.uat.battlexo.com.CreateModeratorTest" name="createModeratorPage" time="2.853"/>
  <testcase classname="admin.uat.battlexo.com.CreateModeratorTest" name="createModeratorPage" time="2.87"/>
  <testcase classname="admin.uat.battlexo.com.CreateModeratorTest" name="createModeratorPage" time="3.47"/>
  <testcase classname="admin.uat.battlexo.com.CreateModeratorTest" name="createModeratorPage" time="2.823"/>
  <testcase classname="admin.uat.battlexo.com.CreateModeratorTest" name="createModeratorPage" time="2.818"/>
  <testcase classname="admin.uat.battlexo.com.CreateModeratorTest" name="createModeratorPage" time="2.691"/>
  <testcase classname="admin.uat.battlexo.com.CreateModeratorTest" name="createModeratorPage" time="2.769"/>
  <testcase classname="admin.uat.battlexo.com.CreateModeratorTest" name="createModeratorPage" time="2.79"/>
  <testcase classname="admin.uat.battlexo.com.CreateModeratorTest" name="createModeratorPage" time="3.678"/>
  <testcase classname="admin.uat.battlexo.com.CreateModeratorTest" name="createModeratorPage" time="2.883"/>
  <testcase classname="admin.uat.battlexo.com.CreateModeratorTest" name="createModeratorPage" time="2.831"/>
  <testcase classname="admin.uat.battlexo.com.CreateModeratorTest" name="createModeratorPage" time="2.768"/>
  <testcase classname="admin.uat.battlexo.com.CreateModeratorTest" name="createModeratorPage" time="2.653"/>
  <testcase classname="admin.uat.battlexo.com.CreateModeratorTest" name="createModeratorPage" time="2.827"/>
  <testcase classname="admin.uat.battlexo.com.CreateModeratorTest" name="createModeratorPage" time="3.189"/>
  <testcase classname="admin.uat.battlexo.com.CreateModeratorTest" name="createModeratorPage" time="2.781"/>
  <testcase classname="admin.uat.battlexo.com.CreateModeratorTest" name="createModeratorPage" time="2.772"/>
  <testcase classname="admin.uat.battlexo.com.CreateModeratorTest" name="createModeratorPage" time="2.76"/>
  <testcase classname="admin.uat.battlexo.com.CreateModeratorTest" name="createModeratorPage" time="2.733"/>
  <testcase classname="admin.uat.battlexo.com.CreateModeratorTest" name="createModeratorPage" time="3.276"/>
  <testcase classname="admin.uat.battlexo.com.CreateModeratorTest" name="createModeratorPage" time="2.82"/>
  <testcase classname="admin.uat.battlexo.com.CreateModeratorTest" name="createModeratorPage" time="2.989"/>
  <testcase classname="admin.uat.battlexo.com.CreateModeratorTest" name="createModeratorPage" time="2.827"/>
  <testcase classname="admin.uat.battlexo.com.CreateModeratorTest" name="createModeratorPage" time="2.82"/>
  <testcase classname="admin.uat.battlexo.com.CreateModeratorTest" name="createModeratorPage" time="2.824"/>
  <testcase classname="admin.uat.battlexo.com.CreateModeratorTest" name="createModeratorPage" time="2.819"/>
  <testcase classname="admin.uat.battlexo.com.CreateModeratorTest" name="createModeratorPage" time="2.761"/>
  <testcase classname="admin.uat.battlexo.com.CreateModeratorTest" name="createModeratorPage" time="2.836"/>
  <testcase classname="admin.uat.battlexo.com.CreateModeratorTest" name="createModeratorPage" time="2.94"/>
  <testcase classname="admin.uat.battlexo.com.CreateModeratorTest" name="createModeratorPage" time="2.819"/>
  <testcase classname="admin.uat.battlexo.com.CreateModeratorTest" name="createModeratorPage" time="2.766"/>
  <testcase classname="admin.uat.battlexo.com.CreateModeratorTest" name="createModeratorPage" time="2.885"/>
  <testcase classname="admin.uat.battlexo.com.CreateModeratorTest" name="createModeratorPage" time="2.825"/>
  <testcase classname="admin.uat.battlexo.com.CreateModeratorTest" name="createModeratorPage" time="2.721"/>
  <testcase classname="admin.uat.battlexo.com.CreateModeratorTest" name="createModeratorPage" time="2.788"/>
  <testcase classname="admin.uat.battlexo.com.CreateModeratorTest" name="createModeratorPage" time="2.878"/>
  <testcase classname="admin.uat.battlexo.com.CreateModeratorTest" name="createModeratorPage" time="2.948"/>
  <testcase classname="admin.uat.battlexo.com.CreateModeratorTest" name="createModeratorPage" time="2.724"/>
  <testcase classname="admin.uat.battlexo.com.CreateModeratorTest" name="createModeratorPage" time="2.82"/>
  <testcase classname="admin.uat.battlexo.com.CreateModeratorTest" name="createModeratorPage" time="2.893"/>
  <testcase classname="admin.uat.battlexo.com.CreateModeratorTest" name="createModeratorPage" time="2.871"/>
  <testcase classname="admin.uat.battlexo.com.CreateModeratorTest" name="createModeratorPage" time="2.766"/>
  <testcase classname="admin.uat.battlexo.com.CreateModeratorTest" name="createModeratorPage" time="2.851"/>
  <testcase classname="admin.uat.battlexo.com.CreateModeratorTest" name="createModeratorPage" time="2.819"/>
  <testcase classname="admin.uat.battlexo.com.CreateModeratorTest" name="createModeratorPage" time="2.799"/>
  <testcase classname="admin.uat.battlexo.com.CreateModeratorTest" name="createModeratorPage" time="2.804"/>
  <testcase classname="admin.uat.battlexo.com.CreateModeratorTest" name="createModeratorPage" time="2.734"/>
  <testcase classname="admin.uat.battlexo.com.CreateModeratorTest" name="createModeratorPage" time="2.874"/>
  <testcase classname="admin.uat.battlexo.com.CreateModeratorTest" name="createModeratorPage" time="2.8"/>
  <testcase classname="admin.uat.battlexo.com.CreateModeratorTest" name="createModeratorPage" time="3.306"/>
  <testcase classname="admin.uat.battlexo.com.CreateModeratorTest" name="createModeratorPage" time="2.806"/>
  <testcase classname="admin.uat.battlexo.com.CreateModeratorTest" name="createModeratorPage" time="2.912"/>
  <testcase classname="admin.uat.battlexo.com.CreateModeratorTest" name="createModeratorPage" time="2.738"/>
  <testcase classname="admin.uat.battlexo.com.CreateModeratorTest" name="createModeratorPage" time="2.832"/>
  <testcase classname="admin.uat.battlexo.com.CreateModeratorTest" name="createModeratorPage" time="2.813"/>
  <testcase classname="admin.uat.battlexo.com.CreateModeratorTest" name="createModeratorPage" time="2.791"/>
  <testcase classname="admin.uat.battlexo.com.CreateModeratorTest" name="createModeratorPage" time="2.766"/>
  <testcase classname="admin.uat.battlexo.com.CreateModeratorTest" name="createModeratorPage" time="2.754"/>
  <testcase classname="admin.uat.battlexo.com.CreateModeratorTest" name="createModeratorPage" time="2.674"/>
  <testcase classname="admin.uat.battlexo.com.CreateModeratorTest" name="createModeratorPage" time="2.631"/>
  <testcase classname="admin.uat.battlexo.com.CreateModeratorTest" name="createModeratorPage" time="3.198"/>
  <testcase classname="admin.uat.battlexo.com.CreateModeratorTest" name="createModeratorPage" time="2.768"/>
  <testcase classname="admin.uat.battlexo.com.CreateModeratorTest" name="createModeratorPage" time="2.83"/>
  <testcase classname="admin.uat.battlexo.com.CreateModeratorTest" name="createModeratorPage" time="2.896"/>
  <testcase classname="admin.uat.battlexo.com.CreateModeratorTest" name="createModeratorPage" time="2.854"/>
</testsuite> <!-- Test1 -->
